#
# There is insufficient memory for the Java Runtime Environment to continue.
# Native memory allocation (mmap) failed to map 289931264 bytes for committing reserved memory.
# Possible reasons:
#   The system is out of physical RAM or swap space
#   In 32 bit mode, the process size limit was hit
# Possible solutions:
#   Reduce memory load on the system
#   Increase physical memory or swap space
#   Check if swap backing store is full
#   Use 64 bit Java on a 64 bit OS
#   Decrease Java heap size (-Xmx/-Xms)
#   Decrease number of Java threads
#   Decrease Java thread stack sizes (-Xss)
#   Set larger code cache with -XX:ReservedCodeCacheSize=
# This output file may be truncated or incomplete.
#
#  Out of Memory Error (os_linux.cpp:2643), pid=2381, tid=0x00007fa42b0f0700
#
# JRE version: OpenJDK Runtime Environment (8.0_171-b11) (build 1.8.0_171-8u171-b11-0ubuntu0.18.04.1-b11)
# Java VM: OpenJDK 64-Bit Server VM (25.171-b11 mixed mode linux-amd64 compressed oops)
# Failed to write core dump. Core dumps have been disabled. To enable core dumping, try "ulimit -c unlimited" before starting Java again
#

---------------  T H R E A D  ---------------

Current thread (0x00007fa448079800):  VMThread [stack: 0x00007fa42aff1000,0x00007fa42b0f1000] [id=2399]

Stack: [0x00007fa42aff1000,0x00007fa42b0f1000],  sp=0x00007fa42b0ef440,  free space=1017k
Native frames: (J=compiled Java code, j=interpreted, Vv=VM code, C=native code)
V  [libjvm.so+0xaab382]
V  [libjvm.so+0x4d79a7]
V  [libjvm.so+0x8e66c0]
V  [libjvm.so+0x8e0c1e]
V  [libjvm.so+0x961436]
V  [libjvm.so+0x9500aa]
V  [libjvm.so+0x950278]
V  [libjvm.so+0x950e80]
V  [libjvm.so+0x95721c]
V  [libjvm.so+0x95f305]
V  [libjvm.so+0x90d978]
V  [libjvm.so+0xaad042]
V  [libjvm.so+0xab1c26]
V  [libjvm.so+0xaafec5]
V  [libjvm.so+0xab083d]
V  [libjvm.so+0xab0c17]
V  [libjvm.so+0x8e3b12]

VM_Operation (0x00007fa3ed48e620): ParallelGCFailedAllocation, mode: safepoint, requested by thread 0x00007fa44837a800


---------------  P R O C E S S  ---------------

Java Threads: ( => current thread )
  0x00007fa3e4003800 JavaThread "Thread-0" daemon [_thread_in_native, id=2427, stack(0x00007fa3ed994000,0x00007fa3ee194000)]
  0x00007fa44800b800 JavaThread "DestroyJavaVM" [_thread_blocked, id=2394, stack(0x00007fa45017c000,0x00007fa45027c000)]
  0x00007fa44837a800 JavaThread "Animation Thread" [_thread_blocked, id=2439, stack(0x00007fa3ed38f000,0x00007fa3ed490000)]
  0x00007fa448377800 JavaThread "AWT-EventQueue-1" [_thread_blocked, id=2436, stack(0x00007fa3ed490000,0x00007fa3ed591000)]
  0x00007fa448375800 JavaThread "AWT-Shutdown" [_thread_blocked, id=2435, stack(0x00007fa3ed591000,0x00007fa3ed692000)]
  0x00007fa4482c9800 JavaThread "process reaper" daemon [_thread_blocked, id=2420, stack(0x00007fa4280b7000,0x00007fa4280f0000)]
  0x00007fa4482be800 JavaThread "AWT-XAWT" daemon [_thread_blocked, id=2418, stack(0x00007fa4280f0000,0x00007fa4281f1000)]
  0x00007fa44829e800 JavaThread "Java2D Disposer" daemon [_thread_blocked, id=2417, stack(0x00007fa4281f1000,0x00007fa4282f2000)]
  0x00007fa4480c9800 JavaThread "Service Thread" daemon [_thread_blocked, id=2414, stack(0x00007fa42a455000,0x00007fa42a556000)]
  0x00007fa4480be800 JavaThread "C1 CompilerThread2" daemon [_thread_blocked, id=2407, stack(0x00007fa42a557000,0x00007fa42a657000)]
  0x00007fa4480bc800 JavaThread "C2 CompilerThread1" daemon [_thread_blocked, id=2406, stack(0x00007fa42a658000,0x00007fa42a758000)]
  0x00007fa4480b9800 JavaThread "C2 CompilerThread0" daemon [_thread_blocked, id=2405, stack(0x00007fa42a759000,0x00007fa42a859000)]
  0x00007fa4480b8000 JavaThread "Signal Dispatcher" daemon [_thread_blocked, id=2403, stack(0x00007fa42a859000,0x00007fa42a95a000)]
  0x00007fa448085800 JavaThread "Finalizer" daemon [_thread_blocked, id=2402, stack(0x00007fa42adee000,0x00007fa42aeef000)]
  0x00007fa448081000 JavaThread "Reference Handler" daemon [_thread_blocked, id=2401, stack(0x00007fa42aeef000,0x00007fa42aff0000)]

Other Threads:
=>0x00007fa448079800 VMThread [stack: 0x00007fa42aff1000,0x00007fa42b0f1000] [id=2399]
  0x00007fa4480cc000 WatcherThread [stack: 0x00007fa42a355000,0x00007fa42a455000] [id=2415]

VM state:at safepoint (normal execution)

VM Mutex/Monitor currently owned by a thread:  ([mutex/lock_event])
[0x00007fa448007c30] ExpandHeap_lock - owner thread: 0x00007fa448079800
[0x00007fa4480082b0] Threads_lock - owner thread: 0x00007fa448079800
[0x00007fa4480087b0] Heap_lock - owner thread: 0x00007fa44837a800

Heap:
 PSYoungGen      total 448512K, used 0K [0x00000000d6f80000, 0x0000000100000000, 0x0000000100000000)
  eden space 224768K, 0% used [0x00000000d6f80000,0x00000000d6f80000,0x00000000e4b00000)
  from space 223744K, 0% used [0x00000000e4b00000,0x00000000e4b00000,0x00000000f2580000)
  to   space 223744K, 0% used [0x00000000f2580000,0x00000000f2580000,0x0000000100000000)
 ParOldGen       total 718336K, used 647716K [0x0000000084e00000, 0x00000000b0b80000, 0x00000000d6f80000)
  object space 718336K, 90% used [0x0000000084e00000,0x00000000ac689310,0x00000000b0b80000)
 Metaspace       used 11306K, capacity 11618K, committed 11904K, reserved 1060864K
  class space    used 1241K, capacity 1332K, committed 1408K, reserved 1048576K

Card table byte_map: [0x00007fa44c354000,0x00007fa44c72e000] byte_map_base: 0x00007fa44bf2d000

Marking Bits: (ParMarkBitMap*) 0x00007fa44f427140
 Begin Bits: [0x00007fa430270000, 0x00007fa432138000)
 End Bits:   [0x00007fa432138000, 0x00007fa434000000)

Polling page: 0x00007fa4502a8000

CodeCache: size=245760Kb used=2540Kb max_used=2543Kb free=243220Kb
 bounds [0x00007fa439000000, 0x00007fa439280000, 0x00007fa448000000]
 total_blobs=1145 nmethods=601 adapters=459
 compilation: enabled

Compilation events (10 events):
Event: 11.541 Thread 0x00007fa4480b9800  597       4       java.util.TreeMap$PrivateEntryIterator::hasNext (13 bytes)
Event: 11.541 Thread 0x00007fa4480b9800 nmethod 597 0x00007fa43927cf50 code [0x00007fa43927d0a0, 0x00007fa43927d118]
Event: 12.162 Thread 0x00007fa4480be800  598       1       java.util.Arrays$ArrayList::size (6 bytes)
Event: 12.162 Thread 0x00007fa4480be800 nmethod 598 0x00007fa43927cc50 code [0x00007fa43927cda0, 0x00007fa43927ceb0]
Event: 12.162 Thread 0x00007fa4480be800  599       3       javax.management.openmbean.CompositeType::keySet (26 bytes)
Event: 12.162 Thread 0x00007fa4480be800 nmethod 599 0x00007fa43927bdd0 code [0x00007fa43927bfa0, 0x00007fa43927c768]
Event: 12.162 Thread 0x00007fa4480be800  600       3       java.util.Collections$UnmodifiableSet::equals (24 bytes)
Event: 12.163 Thread 0x00007fa4480be800 nmethod 600 0x00007fa43927b910 code [0x00007fa43927ba80, 0x00007fa43927bd28]
Event: 12.163 Thread 0x00007fa4480be800  601   !   3       java.util.AbstractSet::equals (48 bytes)
Event: 12.163 Thread 0x00007fa4480be800 nmethod 601 0x00007fa43927af10 code [0x00007fa43927b0c0, 0x00007fa43927b7a8]

GC Heap History (10 events):
Event: 7.443 GC heap after
Heap after GC invocations=12 (full 4):
 PSYoungGen      total 408064K, used 135392K [0x00000000d6f80000, 0x00000000fe200000, 0x0000000100000000)
  eden space 194048K, 0% used [0x00000000d6f80000,0x00000000d6f80000,0x00000000e2d00000)
  from space 214016K, 63% used [0x00000000f1100000,0x00000000f9538000,0x00000000fe200000)
  to   space 223744K, 0% used [0x00000000e2d00000,0x00000000e2d00000,0x00000000f0780000)
 ParOldGen       total 518656K, used 274005K [0x0000000084e00000, 0x00000000a4880000, 0x00000000d6f80000)
  object space 518656K, 52% used [0x0000000084e00000,0x0000000095995598,0x00000000a4880000)
 Metaspace       used 11304K, capacity 11618K, committed 11904K, reserved 1060864K
  class space    used 1241K, capacity 1332K, committed 1408K, reserved 1048576K
}
Event: 7.517 GC heap before
{Heap before GC invocations=13 (full 4):
 PSYoungGen      total 408064K, used 329440K [0x00000000d6f80000, 0x00000000fe200000, 0x0000000100000000)
  eden space 194048K, 100% used [0x00000000d6f80000,0x00000000e2d00000,0x00000000e2d00000)
  from space 214016K, 63% used [0x00000000f1100000,0x00000000f9538000,0x00000000fe200000)
  to   space 223744K, 0% used [0x00000000e2d00000,0x00000000e2d00000,0x00000000f0780000)
 ParOldGen       total 518656K, used 274005K [0x0000000084e00000, 0x00000000a4880000, 0x00000000d6f80000)
  object space 518656K, 52% used [0x0000000084e00000,0x0000000095995598,0x00000000a4880000)
 Metaspace       used 11304K, capacity 11618K, committed 11904K, reserved 1060864K
  class space    used 1241K, capacity 1332K, committed 1408K, reserved 1048576K
Event: 8.367 GC heap after
Heap after GC invocations=13 (full 4):
 PSYoungGen      total 417792K, used 223744K [0x00000000d6f80000, 0x0000000100000000, 0x0000000100000000)
  eden space 194048K, 0% used [0x00000000d6f80000,0x00000000d6f80000,0x00000000e2d00000)
  from space 223744K, 100% used [0x00000000e2d00000,0x00000000f0780000,0x00000000f0780000)
  to   space 223744K, 0% used [0x00000000f2580000,0x00000000f2580000,0x0000000100000000)
 ParOldGen       total 518656K, used 379933K [0x0000000084e00000, 0x00000000a4880000, 0x00000000d6f80000)
  object space 518656K, 73% used [0x0000000084e00000,0x000000009c107598,0x00000000a4880000)
 Metaspace       used 11304K, capacity 11618K, committed 11904K, reserved 1060864K
  class space    used 1241K, capacity 1332K, committed 1408K, reserved 1048576K
}
Event: 8.368 GC heap before
{Heap before GC invocations=14 (full 5):
 PSYoungGen      total 417792K, used 223744K [0x00000000d6f80000, 0x0000000100000000, 0x0000000100000000)
  eden space 194048K, 0% used [0x00000000d6f80000,0x00000000d6f80000,0x00000000e2d00000)
  from space 223744K, 100% used [0x00000000e2d00000,0x00000000f0780000,0x00000000f0780000)
  to   space 223744K, 0% used [0x00000000f2580000,0x00000000f2580000,0x0000000100000000)
 ParOldGen       total 518656K, used 379933K [0x0000000084e00000, 0x00000000a4880000, 0x00000000d6f80000)
  object space 518656K, 73% used [0x0000000084e00000,0x000000009c107598,0x00000000a4880000)
 Metaspace       used 11304K, capacity 11618K, committed 11904K, reserved 1060864K
  class space    used 1241K, capacity 1332K, committed 1408K, reserved 1048576K
Event: 11.539 GC heap after
Heap after GC invocations=14 (full 5):
 PSYoungGen      total 417792K, used 0K [0x00000000d6f80000, 0x0000000100000000, 0x0000000100000000)
  eden space 194048K, 0% used [0x00000000d6f80000,0x00000000d6f80000,0x00000000e2d00000)
  from space 223744K, 0% used [0x00000000e2d00000,0x00000000e2d00000,0x00000000f0780000)
  to   space 223744K, 0% used [0x00000000f2580000,0x00000000f2580000,0x0000000100000000)
 ParOldGen       total 718336K, used 438522K [0x0000000084e00000, 0x00000000b0b80000, 0x00000000d6f80000)
  object space 718336K, 61% used [0x0000000084e00000,0x000000009fa3eab0,0x00000000b0b80000)
 Metaspace       used 11304K, capacity 11618K, committed 11904K, reserved 1060864K
  class space    used 1241K, capacity 1332K, committed 1408K, reserved 1048576K
}
Event: 11.629 GC heap before
{Heap before GC invocations=15 (full 5):
 PSYoungGen      total 417792K, used 194048K [0x00000000d6f80000, 0x0000000100000000, 0x0000000100000000)
  eden space 194048K, 100% used [0x00000000d6f80000,0x00000000e2d00000,0x00000000e2d00000)
  from space 223744K, 0% used [0x00000000e2d00000,0x00000000e2d00000,0x00000000f0780000)
  to   space 223744K, 0% used [0x00000000f2580000,0x00000000f2580000,0x0000000100000000)
 ParOldGen       total 718336K, used 438522K [0x0000000084e00000, 0x00000000b0b80000, 0x00000000d6f80000)
  object space 718336K, 61% used [0x0000000084e00000,0x000000009fa3eab0,0x00000000b0b80000)
 Metaspace       used 11304K, capacity 11618K, committed 11904K, reserved 1060864K
  class space    used 1241K, capacity 1332K, committed 1408K, reserved 1048576K
Event: 12.160 GC heap after
Heap after GC invocations=15 (full 5):
 PSYoungGen      total 448512K, used 194080K [0x00000000d6f80000, 0x0000000100000000, 0x0000000100000000)
  eden space 224768K, 0% used [0x00000000d6f80000,0x00000000d6f80000,0x00000000e4b00000)
  from space 223744K, 86% used [0x00000000f2580000,0x00000000fe308000,0x0000000100000000)
  to   space 223744K, 0% used [0x00000000e4b00000,0x00000000e4b00000,0x00000000f2580000)
 ParOldGen       total 718336K, used 438522K [0x0000000084e00000, 0x00000000b0b80000, 0x00000000d6f80000)
  object space 718336K, 61% used [0x0000000084e00000,0x000000009fa3eab0,0x00000000b0b80000)
 Metaspace       used 11304K, capacity 11618K, committed 11904K, reserved 1060864K
  class space    used 1241K, capacity 1332K, committed 1408K, reserved 1048576K
}
Event: 12.273 GC heap before
{Heap before GC invocations=16 (full 5):
 PSYoungGen      total 448512K, used 418848K [0x00000000d6f80000, 0x0000000100000000, 0x0000000100000000)
  eden space 224768K, 100% used [0x00000000d6f80000,0x00000000e4b00000,0x00000000e4b00000)
  from space 223744K, 86% used [0x00000000f2580000,0x00000000fe308000,0x0000000100000000)
  to   space 223744K, 0% used [0x00000000e4b00000,0x00000000e4b00000,0x00000000f2580000)
 ParOldGen       total 718336K, used 438522K [0x0000000084e00000, 0x00000000b0b80000, 0x00000000d6f80000)
  object space 718336K, 61% used [0x0000000084e00000,0x000000009fa3eab0,0x00000000b0b80000)
 Metaspace       used 11306K, capacity 11618K, committed 11904K, reserved 1060864K
  class space    used 1241K, capacity 1332K, committed 1408K, reserved 1048576K
Event: 13.367 GC heap after
Heap after GC invocations=16 (full 5):
 PSYoungGen      total 448512K, used 223744K [0x00000000d6f80000, 0x0000000100000000, 0x0000000100000000)
  eden space 224768K, 0% used [0x00000000d6f80000,0x00000000d6f80000,0x00000000e4b00000)
  from space 223744K, 100% used [0x00000000e4b00000,0x00000000f2580000,0x00000000f2580000)
  to   space 223744K, 0% used [0x00000000f2580000,0x00000000f2580000,0x0000000100000000)
 ParOldGen       total 718336K, used 634154K [0x0000000084e00000, 0x00000000b0b80000, 0x00000000d6f80000)
  object space 718336K, 88% used [0x0000000084e00000,0x00000000ab94aab0,0x00000000b0b80000)
 Metaspace       used 11306K, capacity 11618K, committed 11904K, reserved 1060864K
  class space    used 1241K, capacity 1332K, committed 1408K, reserved 1048576K
}
Event: 13.367 GC heap before
{Heap before GC invocations=17 (full 6):
 PSYoungGen      total 448512K, used 223744K [0x00000000d6f80000, 0x0000000100000000, 0x0000000100000000)
  eden space 224768K, 0% used [0x00000000d6f80000,0x00000000d6f80000,0x00000000e4b00000)
  from space 223744K, 100% used [0x00000000e4b00000,0x00000000f2580000,0x00000000f2580000)
  to   space 223744K, 0% used [0x00000000f2580000,0x00000000f2580000,0x0000000100000000)
 ParOldGen       total 718336K, used 634154K [0x0000000084e00000, 0x00000000b0b80000, 0x00000000d6f80000)
  object space 718336K, 88% used [0x0000000084e00000,0x00000000ab94aab0,0x00000000b0b80000)
 Metaspace       used 11306K, capacity 11618K, committed 11904K, reserved 1060864K
  class space    used 1241K, capacity 1332K, committed 1408K, reserved 1048576K

Deoptimization events (3 events):
Event: 7.034 Thread 0x00007fa448377800 Uncommon trap: reason=unstable_if action=reinterpret pc=0x00007fa439242978 method=java.util.LinkedList.linkLast(Ljava/lang/Object;)V @ 22
Event: 7.036 Thread 0x00007fa448377800 Uncommon trap: reason=unstable_if action=reinterpret pc=0x00007fa4392431b0 method=java.util.LinkedList.unlinkFirst(Ljava/util/LinkedList$Node;)Ljava/lang/Object; @ 26
Event: 7.041 Thread 0x00007fa4482be800 Uncommon trap: reason=unstable_if action=reinterpret pc=0x00007fa439242624 method=java.util.LinkedList.linkLast(Ljava/lang/Object;)V @ 22

Classes redefined (0 events):
No events

Internal exceptions (10 events):
Event: 0.450 Thread 0x00007fa44800b800 Exception <a 'java/lang/ClassNotFoundException': sun/dc/DuctusRenderingEngine> (0x00000000d72c36d8) thrown at [/build/openjdk-8-TuolsG/openjdk-8-8u171-b11/src/hotspot/src/share/vm/classfile/systemDictionary.cpp, line 210]
Event: 1.477 Thread 0x00007fa448377800 Exception <a 'java/lang/UnsupportedOperationException': > (0x00000000d7bcd6d8) thrown at [/build/openjdk-8-TuolsG/openjdk-8-8u171-b11/src/hotspot/src/share/vm/prims/jni.cpp, line 735]
Event: 1.519 Thread 0x00007fa4480c9800 Exception <a 'java/lang/ArrayIndexOutOfBoundsException': 71> (0x00000000d6fff678) thrown at [/build/openjdk-8-TuolsG/openjdk-8-8u171-b11/src/hotspot/src/share/vm/interpreter/interpreterRuntime.cpp, line 366]
Event: 1.523 Thread 0x00007fa4480c9800 Exception <a 'java/lang/ArrayIndexOutOfBoundsException': 18> (0x00000000d7000390) thrown at [/build/openjdk-8-TuolsG/openjdk-8-8u171-b11/src/hotspot/src/share/vm/interpreter/interpreterRuntime.cpp, line 366]
Event: 1.524 Thread 0x00007fa4480c9800 Exception <a 'java/lang/ArrayIndexOutOfBoundsException': 60> (0x00000000d7001160) thrown at [/build/openjdk-8-TuolsG/openjdk-8-8u171-b11/src/hotspot/src/share/vm/interpreter/interpreterRuntime.cpp, line 366]
Event: 1.612 Thread 0x00007fa4480c9800 Exception <a 'java/lang/ArrayIndexOutOfBoundsException'> (0x00000000d6f87a08) thrown at [/build/openjdk-8-TuolsG/openjdk-8-8u171-b11/src/hotspot/src/share/vm/runtime/sharedRuntime.cpp, line 605]
Event: 1.612 Thread 0x00007fa4480c9800 Exception <a 'java/lang/ArrayIndexOutOfBoundsException'> (0x00000000d6f895f0) thrown at [/build/openjdk-8-TuolsG/openjdk-8-8u171-b11/src/hotspot/src/share/vm/runtime/sharedRuntime.cpp, line 605]
Event: 7.034 Thread 0x00007fa448377800 Implicit null exception at 0x00007fa43924291e to 0x00007fa43924295e
Event: 7.035 Thread 0x00007fa448377800 Implicit null exception at 0x00007fa439243174 to 0x00007fa43924319d
Event: 7.041 Thread 0x00007fa4482be800 Implicit null exception at 0x00007fa4392425d1 to 0x00007fa43924260a

Events (10 events):
Event: 7.041 Thread 0x00007fa4482be800 Uncommon trap: trap_request=0xffffff65 fr.pc=0x00007fa439242624
Event: 7.041 Thread 0x00007fa4482be800 DEOPT PACKING pc=0x00007fa439242624 sp=0x00007fa4281eed30
Event: 7.041 Thread 0x00007fa4482be800 DEOPT UNPACKING pc=0x00007fa43904547a sp=0x00007fa4281eecf8 mode 2
Event: 7.093 Executing VM operation: ParallelGCFailedAllocation
Event: 7.443 Executing VM operation: ParallelGCFailedAllocation done
Event: 7.517 Executing VM operation: ParallelGCFailedAllocation
Event: 11.539 Executing VM operation: ParallelGCFailedAllocation done
Event: 11.629 Executing VM operation: ParallelGCFailedAllocation
Event: 12.160 Executing VM operation: ParallelGCFailedAllocation done
Event: 12.273 Executing VM operation: ParallelGCFailedAllocation


Dynamic libraries:
84e00000-b0b80000 rw-p 00000000 00:00 0 
c2000000-d6f80000 ---p 00000000 00:00 0 
d6f80000-100000000 rw-p 00000000 00:00 0 
100000000-100160000 rw-p 00000000 00:00 0 
100160000-140000000 ---p 00000000 00:00 0 
563e76acd000-563e76ace000 r-xp 00000000 08:03 3016777                    /usr/lib/jvm/java-8-openjdk-amd64/jre/bin/java
563e76ccd000-563e76cce000 r--p 00000000 08:03 3016777                    /usr/lib/jvm/java-8-openjdk-amd64/jre/bin/java
563e76cce000-563e76ccf000 rw-p 00001000 08:03 3016777                    /usr/lib/jvm/java-8-openjdk-amd64/jre/bin/java
563e770c6000-563e770e7000 rw-p 00000000 00:00 0                          [heap]
7fa3cc000000-7fa3cc021000 rw-p 00000000 00:00 0 
7fa3cc021000-7fa3d0000000 ---p 00000000 00:00 0 
7fa3d4000000-7fa3d4021000 rw-p 00000000 00:00 0 
7fa3d4021000-7fa3d8000000 ---p 00000000 00:00 0 
7fa3d8000000-7fa3d802c000 rw-p 00000000 00:00 0 
7fa3d802c000-7fa3dc000000 ---p 00000000 00:00 0 
7fa3dc000000-7fa3dc048000 rw-p 00000000 00:00 0 
7fa3dc048000-7fa3e0000000 ---p 00000000 00:00 0 
7fa3e0000000-7fa3e0021000 rw-p 00000000 00:00 0 
7fa3e0021000-7fa3e4000000 ---p 00000000 00:00 0 
7fa3e4000000-7fa3e4021000 rw-p 00000000 00:00 0 
7fa3e4021000-7fa3e8000000 ---p 00000000 00:00 0 
7fa3e8000000-7fa3e8021000 rw-p 00000000 00:00 0 
7fa3e8021000-7fa3ec000000 ---p 00000000 00:00 0 
7fa3ed09a000-7fa3ed0da000 rw-p 00000000 00:00 0 
7fa3ed0da000-7fa3ed29a000 ---p 00000000 00:00 0 
7fa3ed29a000-7fa3ed38f000 rw-s 00000000 00:05 5308436                    /SYSV00000000 (deleted)
7fa3ed38f000-7fa3ed392000 ---p 00000000 00:00 0 
7fa3ed392000-7fa3ed490000 rw-p 00000000 00:00 0 
7fa3ed490000-7fa3ed493000 ---p 00000000 00:00 0 
7fa3ed493000-7fa3ed591000 rw-p 00000000 00:00 0 
7fa3ed591000-7fa3ed594000 ---p 00000000 00:00 0 
7fa3ed594000-7fa3ed692000 rw-p 00000000 00:00 0 
7fa3ed692000-7fa3ed695000 ---p 00000000 00:00 0 
7fa3ed695000-7fa3ed993000 rw-p 00000000 00:00 0 
7fa3ed993000-7fa3ed994000 ---p 00000000 00:00 0 
7fa3ed994000-7fa3ed997000 ---p 00000000 00:00 0 
7fa3ed997000-7fa3ee194000 rw-p 00000000 00:00 0 
7fa3ee194000-7fa3ee19e000 r-xp 00000000 08:03 2758760                    /usr/lib/x86_64-linux-gnu/libXrandr.so.2.2.0
7fa3ee19e000-7fa3ee39d000 ---p 0000a000 08:03 2758760                    /usr/lib/x86_64-linux-gnu/libXrandr.so.2.2.0
7fa3ee39d000-7fa3ee39e000 r--p 00009000 08:03 2758760                    /usr/lib/x86_64-linux-gnu/libXrandr.so.2.2.0
7fa3ee39e000-7fa3ee39f000 rw-p 0000a000 08:03 2758760                    /usr/lib/x86_64-linux-gnu/libXrandr.so.2.2.0
7fa3ee39f000-7fa3ee3a8000 r-xp 00000000 08:03 4598855                    /usr/lib/jvm/java-8-openjdk-amd64/jre/lib/amd64/libmanagement.so
7fa3ee3a8000-7fa3ee5a7000 ---p 00009000 08:03 4598855                    /usr/lib/jvm/java-8-openjdk-amd64/jre/lib/amd64/libmanagement.so
7fa3ee5a7000-7fa3ee5a8000 r--p 00008000 08:03 4598855                    /usr/lib/jvm/java-8-openjdk-amd64/jre/lib/amd64/libmanagement.so
7fa3ee5a8000-7fa3ee5a9000 rw-p 00009000 08:03 4598855                    /usr/lib/jvm/java-8-openjdk-amd64/jre/lib/amd64/libmanagement.so
7fa3ee5a9000-7fa3ee5bd000 r-xp 00000000 08:03 3670058                    /lib/x86_64-linux-gnu/libgpg-error.so.0.22.0
7fa3ee5bd000-7fa3ee7bc000 ---p 00014000 08:03 3670058                    /lib/x86_64-linux-gnu/libgpg-error.so.0.22.0
7fa3ee7bc000-7fa3ee7bd000 r--p 00013000 08:03 3670058                    /lib/x86_64-linux-gnu/libgpg-error.so.0.22.0
7fa3ee7bd000-7fa3ee7be000 rw-p 00014000 08:03 3670058                    /lib/x86_64-linux-gnu/libgpg-error.so.0.22.0
7fa3ee7be000-7fa3ee8d2000 r-xp 00000000 08:03 3670051                    /lib/x86_64-linux-gnu/libgcrypt.so.20.2.1
7fa3ee8d2000-7fa3eead1000 ---p 00114000 08:03 3670051                    /lib/x86_64-linux-gnu/libgcrypt.so.20.2.1
7fa3eead1000-7fa3eead3000 r--p 00113000 08:03 3670051                    /lib/x86_64-linux-gnu/libgcrypt.so.20.2.1
7fa3eead3000-7fa3eead8000 rw-p 00115000 08:03 3670051                    /lib/x86_64-linux-gnu/libgcrypt.so.20.2.1
7fa3eead8000-7fa3eead9000 rw-p 00000000 00:00 0 
7fa3eead9000-7fa3eeaf4000 r-xp 00000000 08:03 2753199                    /usr/lib/x86_64-linux-gnu/liblz4.so.1.7.1
7fa3eeaf4000-7fa3eecf3000 ---p 0001b000 08:03 2753199                    /usr/lib/x86_64-linux-gnu/liblz4.so.1.7.1
7fa3eecf3000-7fa3eecf4000 r--p 0001a000 08:03 2753199                    /usr/lib/x86_64-linux-gnu/liblz4.so.1.7.1
7fa3eecf4000-7fa3eecf5000 rw-p 0001b000 08:03 2753199                    /usr/lib/x86_64-linux-gnu/liblz4.so.1.7.1
7fa3eecf5000-7fa3eed19000 r-xp 00000000 08:03 3674684                    /lib/x86_64-linux-gnu/liblzma.so.5.2.2
7fa3eed19000-7fa3eef19000 ---p 00024000 08:03 3674684                    /lib/x86_64-linux-gnu/liblzma.so.5.2.2
7fa3eef19000-7fa3eef1a000 r--p 00024000 08:03 3674684                    /lib/x86_64-linux-gnu/liblzma.so.5.2.2
7fa3eef1a000-7fa3eef1b000 rw-p 00025000 08:03 3674684                    /lib/x86_64-linux-gnu/liblzma.so.5.2.2
7fa3eef1b000-7fa3eef9b000 r-xp 00000000 08:03 3670063                    /lib/x86_64-linux-gnu/libsystemd.so.0.21.0
7fa3eef9b000-7fa3ef19a000 ---p 00080000 08:03 3670063                    /lib/x86_64-linux-gnu/libsystemd.so.0.21.0
7fa3ef19a000-7fa3ef19d000 r--p 0007f000 08:03 3670063                    /lib/x86_64-linux-gnu/libsystemd.so.0.21.0
7fa3ef19d000-7fa3ef19e000 rw-p 00082000 08:03 3670063                    /lib/x86_64-linux-gnu/libsystemd.so.0.21.0
7fa3ef19e000-7fa3ef19f000 rw-p 00000000 00:00 0 
7fa3ef19f000-7fa3ef20f000 r-xp 00000000 08:03 3670077                    /lib/x86_64-linux-gnu/libpcre.so.3.13.3
7fa3ef20f000-7fa3ef40f000 ---p 00070000 08:03 3670077                    /lib/x86_64-linux-gnu/libpcre.so.3.13.3
7fa3ef40f000-7fa3ef410000 r--p 00070000 08:03 3670077                    /lib/x86_64-linux-gnu/libpcre.so.3.13.3
7fa3ef410000-7fa3ef411000 rw-p 00071000 08:03 3670077                    /lib/x86_64-linux-gnu/libpcre.so.3.13.3
7fa3ef411000-7fa3ef418000 r-xp 00000000 08:03 2753738                    /usr/lib/x86_64-linux-gnu/libffi.so.6.0.4
7fa3ef418000-7fa3ef617000 ---p 00007000 08:03 2753738                    /usr/lib/x86_64-linux-gnu/libffi.so.6.0.4
7fa3ef617000-7fa3ef618000 r--p 00006000 08:03 2753738                    /usr/lib/x86_64-linux-gnu/libffi.so.6.0.4
7fa3ef618000-7fa3ef619000 rw-p 00007000 08:03 2753738                    /usr/lib/x86_64-linux-gnu/libffi.so.6.0.4
7fa3ef619000-7fa3ef645000 r-xp 00000000 08:03 2758489                    /usr/lib/x86_64-linux-gnu/libatspi.so.0.0.1
7fa3ef645000-7fa3ef845000 ---p 0002c000 08:03 2758489                    /usr/lib/x86_64-linux-gnu/libatspi.so.0.0.1
7fa3ef845000-7fa3ef848000 r--p 0002c000 08:03 2758489                    /usr/lib/x86_64-linux-gnu/libatspi.so.0.0.1
7fa3ef848000-7fa3ef849000 rw-p 0002f000 08:03 2758489                    /usr/lib/x86_64-linux-gnu/libatspi.so.0.0.1
7fa3ef849000-7fa3ef894000 r-xp 00000000 08:03 3673199                    /lib/x86_64-linux-gnu/libdbus-1.so.3.19.4
7fa3ef894000-7fa3efa94000 ---p 0004b000 08:03 3673199                    /lib/x86_64-linux-gnu/libdbus-1.so.3.19.4
7fa3efa94000-7fa3efa95000 r--p 0004b000 08:03 3673199                    /lib/x86_64-linux-gnu/libdbus-1.so.3.19.4
7fa3efa95000-7fa3efa96000 rw-p 0004c000 08:03 3673199                    /lib/x86_64-linux-gnu/libdbus-1.so.3.19.4
7fa3efa96000-7fa3efba9000 r-xp 00000000 08:03 2760824                    /usr/lib/x86_64-linux-gnu/libglib-2.0.so.0.5600.1
7fa3efba9000-7fa3efda9000 ---p 00113000 08:03 2760824                    /usr/lib/x86_64-linux-gnu/libglib-2.0.so.0.5600.1
7fa3efda9000-7fa3efdaa000 r--p 00113000 08:03 2760824                    /usr/lib/x86_64-linux-gnu/libglib-2.0.so.0.5600.1
7fa3efdaa000-7fa3efdab000 rw-p 00114000 08:03 2760824                    /usr/lib/x86_64-linux-gnu/libglib-2.0.so.0.5600.1
7fa3efdab000-7fa3efdac000 rw-p 00000000 00:00 0 
7fa3efdac000-7fa3efdfe000 r-xp 00000000 08:03 2760848                    /usr/lib/x86_64-linux-gnu/libgobject-2.0.so.0.5600.1
7fa3efdfe000-7fa3efffe000 ---p 00052000 08:03 2760848                    /usr/lib/x86_64-linux-gnu/libgobject-2.0.so.0.5600.1
7fa3efffe000-7fa3effff000 r--p 00052000 08:03 2760848                    /usr/lib/x86_64-linux-gnu/libgobject-2.0.so.0.5600.1
7fa3effff000-7fa3f0000000 rw-p 00053000 08:03 2760848                    /usr/lib/x86_64-linux-gnu/libgobject-2.0.so.0.5600.1
7fa3f0000000-7fa3f0021000 rw-p 00000000 00:00 0 
7fa3f0021000-7fa3f4000000 ---p 00000000 00:00 0 
7fa3f4000000-7fa3f4021000 rw-p 00000000 00:00 0 
7fa3f4021000-7fa3f8000000 ---p 00000000 00:00 0 
7fa3f8053000-7fa3f8056000 ---p 00000000 00:00 0 
7fa3f8056000-7fa3f8154000 rw-p 00000000 00:00 0 
7fa3f8154000-7fa3f8182000 r-xp 00000000 08:03 2757317                    /usr/lib/x86_64-linux-gnu/libatk-bridge-2.0.so.0.0.0
7fa3f8182000-7fa3f8382000 ---p 0002e000 08:03 2757317                    /usr/lib/x86_64-linux-gnu/libatk-bridge-2.0.so.0.0.0
7fa3f8382000-7fa3f8383000 r--p 0002e000 08:03 2757317                    /usr/lib/x86_64-linux-gnu/libatk-bridge-2.0.so.0.0.0
7fa3f8383000-7fa3f8384000 rw-p 0002f000 08:03 2757317                    /usr/lib/x86_64-linux-gnu/libatk-bridge-2.0.so.0.0.0
7fa3f8384000-7fa3f8385000 rw-p 00000000 00:00 0 
7fa3f8385000-7fa3f83a7000 r-xp 00000000 08:03 2758636                    /usr/lib/x86_64-linux-gnu/libatk-1.0.so.0.22810.1
7fa3f83a7000-7fa3f85a7000 ---p 00022000 08:03 2758636                    /usr/lib/x86_64-linux-gnu/libatk-1.0.so.0.22810.1
7fa3f85a7000-7fa3f85aa000 r--p 00022000 08:03 2758636                    /usr/lib/x86_64-linux-gnu/libatk-1.0.so.0.22810.1
7fa3f85aa000-7fa3f85ab000 rw-p 00025000 08:03 2758636                    /usr/lib/x86_64-linux-gnu/libatk-1.0.so.0.22810.1
7fa3f85ab000-7fa3f85c2000 r-xp 00000000 08:03 7340829                    /usr/lib/x86_64-linux-gnu/jni/libatk-wrapper.so.6.0.0
7fa3f85c2000-7fa3f87c2000 ---p 00017000 08:03 7340829                    /usr/lib/x86_64-linux-gnu/jni/libatk-wrapper.so.6.0.0
7fa3f87c2000-7fa3f87c3000 r--p 00017000 08:03 7340829                    /usr/lib/x86_64-linux-gnu/jni/libatk-wrapper.so.6.0.0
7fa3f87c3000-7fa3f87c4000 rw-p 00018000 08:03 7340829                    /usr/lib/x86_64-linux-gnu/jni/libatk-wrapper.so.6.0.0
7fa3f87c4000-7fa3fb7c5000 rw-p 00000000 00:00 0 
7fa3fb7c5000-7fa3fb7db000 r-xp 00000000 08:03 4598857                    /usr/lib/jvm/java-8-openjdk-amd64/jre/lib/amd64/libnet.so
7fa3fb7db000-7fa3fb9db000 ---p 00016000 08:03 4598857                    /usr/lib/jvm/java-8-openjdk-amd64/jre/lib/amd64/libnet.so
7fa3fb9db000-7fa3fb9dc000 r--p 00016000 08:03 4598857                    /usr/lib/jvm/java-8-openjdk-amd64/jre/lib/amd64/libnet.so
7fa3fb9dc000-7fa3fb9dd000 rw-p 00017000 08:03 4598857                    /usr/lib/jvm/java-8-openjdk-amd64/jre/lib/amd64/libnet.so
7fa3fb9dd000-7fa3fb9ee000 r-xp 00000000 08:03 4598858                    /usr/lib/jvm/java-8-openjdk-amd64/jre/lib/amd64/libnio.so
7fa3fb9ee000-7fa3fbbee000 ---p 00011000 08:03 4598858                    /usr/lib/jvm/java-8-openjdk-amd64/jre/lib/amd64/libnio.so
7fa3fbbee000-7fa3fbbef000 r--p 00011000 08:03 4598858                    /usr/lib/jvm/java-8-openjdk-amd64/jre/lib/amd64/libnio.so
7fa3fbbef000-7fa3fbbf0000 rw-p 00012000 08:03 4598858                    /usr/lib/jvm/java-8-openjdk-amd64/jre/lib/amd64/libnio.so
7fa3fbbf0000-7fa3fbbf5000 r-xp 00000000 08:03 2758752                    /usr/lib/x86_64-linux-gnu/libXfixes.so.3.1.0
7fa3fbbf5000-7fa3fbdf4000 ---p 00005000 08:03 2758752                    /usr/lib/x86_64-linux-gnu/libXfixes.so.3.1.0
7fa3fbdf4000-7fa3fbdf5000 r--p 00004000 08:03 2758752                    /usr/lib/x86_64-linux-gnu/libXfixes.so.3.1.0
7fa3fbdf5000-7fa3fbdf6000 rw-p 00005000 08:03 2758752                    /usr/lib/x86_64-linux-gnu/libXfixes.so.3.1.0
7fa3fbdf6000-7fa3fbdff000 r-xp 00000000 08:03 2758870                    /usr/lib/x86_64-linux-gnu/libXcursor.so.1.0.2
7fa3fbdff000-7fa3fbffe000 ---p 00009000 08:03 2758870                    /usr/lib/x86_64-linux-gnu/libXcursor.so.1.0.2
7fa3fbffe000-7fa3fbfff000 r--p 00008000 08:03 2758870                    /usr/lib/x86_64-linux-gnu/libXcursor.so.1.0.2
7fa3fbfff000-7fa3fc000000 rw-p 00009000 08:03 2758870                    /usr/lib/x86_64-linux-gnu/libXcursor.so.1.0.2
7fa3fc000000-7fa3fc021000 rw-p 00000000 00:00 0 
7fa3fc021000-7fa400000000 ---p 00000000 00:00 0 
7fa400000000-7fa400021000 rw-p 00000000 00:00 0 
7fa400021000-7fa404000000 ---p 00000000 00:00 0 
7fa404000000-7fa4040af000 rw-p 00000000 00:00 0 
7fa4040af000-7fa408000000 ---p 00000000 00:00 0 
7fa408000000-7fa408324000 rw-p 00000000 00:00 0 
7fa408324000-7fa40c000000 ---p 00000000 00:00 0 
7fa40c000000-7fa40c021000 rw-p 00000000 00:00 0 
7fa40c021000-7fa410000000 ---p 00000000 00:00 0 
7fa410000000-7fa410174000 rw-p 00000000 00:00 0 
7fa410174000-7fa414000000 ---p 00000000 00:00 0 
7fa414000000-7fa414021000 rw-p 00000000 00:00 0 
7fa414021000-7fa418000000 ---p 00000000 00:00 0 
7fa418000000-7fa418021000 rw-p 00000000 00:00 0 
7fa418021000-7fa41c000000 ---p 00000000 00:00 0 
7fa41c000000-7fa41c021000 rw-p 00000000 00:00 0 
7fa41c021000-7fa420000000 ---p 00000000 00:00 0 
7fa420000000-7fa420021000 rw-p 00000000 00:00 0 
7fa420021000-7fa424000000 ---p 00000000 00:00 0 
7fa424000000-7fa424021000 rw-p 00000000 00:00 0 
7fa424021000-7fa428000000 ---p 00000000 00:00 0 
7fa4280b7000-7fa4280ba000 ---p 00000000 00:00 0 
7fa4280ba000-7fa4280f0000 rw-p 00000000 00:00 0 
7fa4280f0000-7fa4280f3000 ---p 00000000 00:00 0 
7fa4280f3000-7fa4281f1000 rw-p 00000000 00:00 0 
7fa4281f1000-7fa4281f4000 ---p 00000000 00:00 0 
7fa4281f4000-7fa4282f2000 rw-p 00000000 00:00 0 
7fa4282f2000-7fa428323000 r-xp 00000000 08:03 2755459                    /usr/lib/x86_64-linux-gnu/libpng16.so.16.34.0
7fa428323000-7fa428522000 ---p 00031000 08:03 2755459                    /usr/lib/x86_64-linux-gnu/libpng16.so.16.34.0
7fa428522000-7fa428523000 r--p 00030000 08:03 2755459                    /usr/lib/x86_64-linux-gnu/libpng16.so.16.34.0
7fa428523000-7fa428524000 rw-p 00031000 08:03 2755459                    /usr/lib/x86_64-linux-gnu/libpng16.so.16.34.0
7fa428524000-7fa4285d1000 r-xp 00000000 08:03 2753097                    /usr/lib/x86_64-linux-gnu/libfreetype.so.6.15.0
7fa4285d1000-7fa4287d0000 ---p 000ad000 08:03 2753097                    /usr/lib/x86_64-linux-gnu/libfreetype.so.6.15.0
7fa4287d0000-7fa4287d7000 r--p 000ac000 08:03 2753097                    /usr/lib/x86_64-linux-gnu/libfreetype.so.6.15.0
7fa4287d7000-7fa4287d8000 rw-p 000b3000 08:03 2753097                    /usr/lib/x86_64-linux-gnu/libfreetype.so.6.15.0
7fa4287d8000-7fa428829000 r-xp 00000000 08:03 4598839                    /usr/lib/jvm/java-8-openjdk-amd64/jre/lib/amd64/libfontmanager.so
7fa428829000-7fa428a29000 ---p 00051000 08:03 4598839                    /usr/lib/jvm/java-8-openjdk-amd64/jre/lib/amd64/libfontmanager.so
7fa428a29000-7fa428a2b000 r--p 00051000 08:03 4598839                    /usr/lib/jvm/java-8-openjdk-amd64/jre/lib/amd64/libfontmanager.so
7fa428a2b000-7fa428a2c000 rw-p 00053000 08:03 4598839                    /usr/lib/jvm/java-8-openjdk-amd64/jre/lib/amd64/libfontmanager.so
7fa428a2c000-7fa428a3f000 r-xp 00000000 08:03 3671722                    /lib/x86_64-linux-gnu/libbsd.so.0.8.7
7fa428a3f000-7fa428c3e000 ---p 00013000 08:03 3671722                    /lib/x86_64-linux-gnu/libbsd.so.0.8.7
7fa428c3e000-7fa428c3f000 r--p 00012000 08:03 3671722                    /lib/x86_64-linux-gnu/libbsd.so.0.8.7
7fa428c3f000-7fa428c40000 rw-p 00013000 08:03 3671722                    /lib/x86_64-linux-gnu/libbsd.so.0.8.7
7fa428c40000-7fa428c41000 rw-p 00000000 00:00 0 
7fa428c41000-7fa428c46000 r-xp 00000000 08:03 2756816                    /usr/lib/x86_64-linux-gnu/libXdmcp.so.6.0.0
7fa428c46000-7fa428e45000 ---p 00005000 08:03 2756816                    /usr/lib/x86_64-linux-gnu/libXdmcp.so.6.0.0
7fa428e45000-7fa428e46000 r--p 00004000 08:03 2756816                    /usr/lib/x86_64-linux-gnu/libXdmcp.so.6.0.0
7fa428e46000-7fa428e47000 rw-p 00005000 08:03 2756816                    /usr/lib/x86_64-linux-gnu/libXdmcp.so.6.0.0
7fa428e47000-7fa428e49000 r-xp 00000000 08:03 2760458                    /usr/lib/x86_64-linux-gnu/libXau.so.6.0.0
7fa428e49000-7fa429049000 ---p 00002000 08:03 2760458                    /usr/lib/x86_64-linux-gnu/libXau.so.6.0.0
7fa429049000-7fa42904a000 r--p 00002000 08:03 2760458                    /usr/lib/x86_64-linux-gnu/libXau.so.6.0.0
7fa42904a000-7fa42904b000 rw-p 00003000 08:03 2760458                    /usr/lib/x86_64-linux-gnu/libXau.so.6.0.0
7fa42904b000-7fa429071000 r-xp 00000000 08:03 2753851                    /usr/lib/x86_64-linux-gnu/libxcb.so.1.1.0
7fa429071000-7fa429271000 ---p 00026000 08:03 2753851                    /usr/lib/x86_64-linux-gnu/libxcb.so.1.1.0
7fa429271000-7fa429272000 r--p 00026000 08:03 2753851                    /usr/lib/x86_64-linux-gnu/libxcb.so.1.1.0
7fa429272000-7fa429273000 rw-p 00027000 08:03 2753851                    /usr/lib/x86_64-linux-gnu/libxcb.so.1.1.0
7fa429273000-7fa429282000 r-xp 00000000 08:03 2758758                    /usr/lib/x86_64-linux-gnu/libXi.so.6.1.0
7fa429282000-7fa429481000 ---p 0000f000 08:03 2758758                    /usr/lib/x86_64-linux-gnu/libXi.so.6.1.0
7fa429481000-7fa429482000 r--p 0000e000 08:03 2758758                    /usr/lib/x86_64-linux-gnu/libXi.so.6.1.0
7fa429482000-7fa429483000 rw-p 0000f000 08:03 2758758                    /usr/lib/x86_64-linux-gnu/libXi.so.6.1.0
7fa429483000-7fa429488000 r-xp 00000000 08:03 2758863                    /usr/lib/x86_64-linux-gnu/libXtst.so.6.1.0
7fa429488000-7fa429687000 ---p 00005000 08:03 2758863                    /usr/lib/x86_64-linux-gnu/libXtst.so.6.1.0
7fa429687000-7fa429688000 r--p 00004000 08:03 2758863                    /usr/lib/x86_64-linux-gnu/libXtst.so.6.1.0
7fa429688000-7fa429689000 rw-p 00005000 08:03 2758863                    /usr/lib/x86_64-linux-gnu/libXtst.so.6.1.0
7fa429689000-7fa429692000 r-xp 00000000 08:03 2758484                    /usr/lib/x86_64-linux-gnu/libXrender.so.1.3.0
7fa429692000-7fa429891000 ---p 00009000 08:03 2758484                    /usr/lib/x86_64-linux-gnu/libXrender.so.1.3.0
7fa429891000-7fa429892000 r--p 00008000 08:03 2758484                    /usr/lib/x86_64-linux-gnu/libXrender.so.1.3.0
7fa429892000-7fa429893000 rw-p 00009000 08:03 2758484                    /usr/lib/x86_64-linux-gnu/libXrender.so.1.3.0
7fa429893000-7fa4299c7000 r-xp 00000000 08:03 2757342                    /usr/lib/x86_64-linux-gnu/libX11.so.6.3.0
7fa4299c7000-7fa429bc7000 ---p 00134000 08:03 2757342                    /usr/lib/x86_64-linux-gnu/libX11.so.6.3.0
7fa429bc7000-7fa429bc8000 r--p 00134000 08:03 2757342                    /usr/lib/x86_64-linux-gnu/libX11.so.6.3.0
7fa429bc8000-7fa429bcc000 rw-p 00135000 08:03 2757342                    /usr/lib/x86_64-linux-gnu/libX11.so.6.3.0
7fa429bcc000-7fa429bdd000 r-xp 00000000 08:03 2760471                    /usr/lib/x86_64-linux-gnu/libXext.so.6.4.0
7fa429bdd000-7fa429ddc000 ---p 00011000 08:03 2760471                    /usr/lib/x86_64-linux-gnu/libXext.so.6.4.0
7fa429ddc000-7fa429ddd000 r--p 00010000 08:03 2760471                    /usr/lib/x86_64-linux-gnu/libXext.so.6.4.0
7fa429ddd000-7fa429dde000 rw-p 00011000 08:03 2760471                    /usr/lib/x86_64-linux-gnu/libXext.so.6.4.0
7fa429e09000-7fa429e5d000 r-xp 00000000 08:03 4598837                    /usr/lib/jvm/java-8-openjdk-amd64/jre/lib/amd64/libawt_xawt.so
7fa429e5d000-7fa42a05c000 ---p 00054000 08:03 4598837                    /usr/lib/jvm/java-8-openjdk-amd64/jre/lib/amd64/libawt_xawt.so
7fa42a05c000-7fa42a05d000 r--p 00053000 08:03 4598837                    /usr/lib/jvm/java-8-openjdk-amd64/jre/lib/amd64/libawt_xawt.so
7fa42a05d000-7fa42a060000 rw-p 00054000 08:03 4598837                    /usr/lib/jvm/java-8-openjdk-amd64/jre/lib/amd64/libawt_xawt.so
7fa42a060000-7fa42a061000 rw-p 00000000 00:00 0 
7fa42a061000-7fa42a101000 r-xp 00000000 08:03 4598835                    /usr/lib/jvm/java-8-openjdk-amd64/jre/lib/amd64/libawt.so
7fa42a101000-7fa42a300000 ---p 000a0000 08:03 4598835                    /usr/lib/jvm/java-8-openjdk-amd64/jre/lib/amd64/libawt.so
7fa42a300000-7fa42a301000 r--p 0009f000 08:03 4598835                    /usr/lib/jvm/java-8-openjdk-amd64/jre/lib/amd64/libawt.so
7fa42a301000-7fa42a30c000 rw-p 000a0000 08:03 4598835                    /usr/lib/jvm/java-8-openjdk-amd64/jre/lib/amd64/libawt.so
7fa42a30c000-7fa42a331000 rw-p 00000000 00:00 0 
7fa42a331000-7fa42a337000 r--s 000f4000 08:03 10755459                   /home/khryo/.m2/repository/org/processing/core/3.3.7/core-3.3.7.jar
7fa42a337000-7fa42a33c000 r--s 00041000 08:03 10755471                   /home/khryo/.m2/repository/org/jbox2d/jbox2d-library/2.2.1.1/jbox2d-library-2.2.1.1.jar
7fa42a33c000-7fa42a341000 r--s 00052000 08:03 10755644                   /home/khryo/Downloads/Box2D-for-Processing-master/Box2D-for-Processing/lib/jbox2d-library-2.2.1-ds.jar
7fa42a341000-7fa42a354000 r--s 00346000 08:03 3016798                    /usr/lib/jvm/java-8-openjdk-amd64/jre/lib/resources.jar
7fa42a354000-7fa42a355000 ---p 00000000 00:00 0 
7fa42a355000-7fa42a455000 rw-p 00000000 00:00 0 
7fa42a455000-7fa42a458000 ---p 00000000 00:00 0 
7fa42a458000-7fa42a556000 rw-p 00000000 00:00 0 
7fa42a556000-7fa42a557000 ---p 00000000 00:00 0 
7fa42a557000-7fa42a55a000 ---p 00000000 00:00 0 
7fa42a55a000-7fa42a657000 rw-p 00000000 00:00 0 
7fa42a657000-7fa42a658000 ---p 00000000 00:00 0 
7fa42a658000-7fa42a65b000 ---p 00000000 00:00 0 
7fa42a65b000-7fa42a758000 rw-p 00000000 00:00 0 
7fa42a758000-7fa42a759000 ---p 00000000 00:00 0 
7fa42a759000-7fa42a75c000 ---p 00000000 00:00 0 
7fa42a75c000-7fa42a859000 rw-p 00000000 00:00 0 
7fa42a859000-7fa42a85c000 ---p 00000000 00:00 0 
7fa42a85c000-7fa42a95a000 rw-p 00000000 00:00 0 
7fa42a95a000-7fa42adee000 r--p 00000000 08:03 2752862                    /usr/lib/locale/locale-archive
7fa42adee000-7fa42adf1000 ---p 00000000 00:00 0 
7fa42adf1000-7fa42aeef000 rw-p 00000000 00:00 0 
7fa42aeef000-7fa42aef2000 ---p 00000000 00:00 0 
7fa42aef2000-7fa42aff0000 rw-p 00000000 00:00 0 
7fa42aff0000-7fa42aff1000 ---p 00000000 00:00 0 
7fa42aff1000-7fa42c000000 rw-p 00000000 00:00 0 
7fa42c000000-7fa42c021000 rw-p 00000000 00:00 0 
7fa42c021000-7fa430000000 ---p 00000000 00:00 0 
7fa430003000-7fa430008000 r--s 002f9000 08:03 3016787                    /usr/lib/jvm/java-8-openjdk-amd64/jre/lib/charsets.jar
7fa430008000-7fa43000d000 r--s 0009d000 08:03 3016794                    /usr/lib/jvm/java-8-openjdk-amd64/jre/lib/jsse.jar
7fa43000d000-7fa430028000 r--s 00394000 08:03 5113463                    /usr/lib/jvm/java-8-openjdk-amd64/jre/lib/ext/cldrdata.jar
7fa430028000-7fa43002e000 r--s 0003b000 08:03 5113639                    /usr/lib/jvm/java-8-openjdk-amd64/jre/lib/ext/sunjce_provider.jar
7fa43002e000-7fa430038000 r--s 00116000 08:03 5113635                    /usr/lib/jvm/java-8-openjdk-amd64/jre/lib/ext/localedata.jar
7fa430038000-7fa430053000 r--s 001d6000 08:03 5113636                    /usr/lib/jvm/java-8-openjdk-amd64/jre/lib/ext/nashorn.jar
7fa430053000-7fa4300a1000 rw-p 00000000 00:00 0 
7fa4300a1000-7fa430270000 r--s 03c2f000 08:03 3016799                    /usr/lib/jvm/java-8-openjdk-amd64/jre/lib/rt.jar
7fa430270000-7fa434000000 rw-p 00000000 00:00 0 
7fa434000000-7fa434021000 rw-p 00000000 00:00 0 
7fa434021000-7fa438000000 ---p 00000000 00:00 0 
7fa438002000-7fa438bfc000 rw-p 00000000 00:00 0 
7fa438bfc000-7fa438bfd000 ---p 00000000 00:00 0 
7fa438bfd000-7fa438cfd000 rw-p 00000000 00:00 0 
7fa438cfd000-7fa438cfe000 ---p 00000000 00:00 0 
7fa438cfe000-7fa438dfe000 rw-p 00000000 00:00 0 
7fa438dfe000-7fa438dff000 ---p 00000000 00:00 0 
7fa438dff000-7fa438eff000 rw-p 00000000 00:00 0 
7fa438eff000-7fa438f00000 ---p 00000000 00:00 0 
7fa438f00000-7fa439000000 rw-p 00000000 00:00 0 
7fa439000000-7fa439280000 rwxp 00000000 00:00 0 
7fa439280000-7fa448000000 ---p 00000000 00:00 0 
7fa448000000-7fa448394000 rw-p 00000000 00:00 0 
7fa448394000-7fa44c000000 ---p 00000000 00:00 0 
7fa44c000000-7fa44c002000 r--s 00016000 08:03 3016792                    /usr/lib/jvm/java-8-openjdk-amd64/jre/lib/jce.jar
7fa44c002000-7fa44c004000 r--s 00001000 08:03 5113465                    /usr/lib/jvm/java-8-openjdk-amd64/jre/lib/ext/dnsns.jar
7fa44c004000-7fa44c006000 r--s 00008000 08:03 5113638                    /usr/lib/jvm/java-8-openjdk-amd64/jre/lib/ext/sunec.jar
7fa44c006000-7fa44c007000 r--s 0000a000 08:03 5113633                    /usr/lib/jvm/java-8-openjdk-amd64/jre/lib/ext/jaccess.jar
7fa44c007000-7fa44c008000 r--s 00010000 08:03 5113641                    /usr/lib/jvm/java-8-openjdk-amd64/jre/lib/ext/zipfs.jar
7fa44c008000-7fa44c00b000 r--s 0000f000 08:03 5113632                    /usr/lib/jvm/java-8-openjdk-amd64/jre/lib/ext/icedtea-sound.jar
7fa44c00b000-7fa44c222000 rw-p 00000000 00:00 0 
7fa44c222000-7fa44c354000 ---p 00000000 00:00 0 
7fa44c354000-7fa44c4b3000 rw-p 00000000 00:00 0 
7fa44c4b3000-7fa44c5e4000 ---p 00000000 00:00 0 
7fa44c5e4000-7fa44c72d000 rw-p 00000000 00:00 0 
7fa44c72d000-7fa44c738000 rw-p 00000000 00:00 0 
7fa44c738000-7fa44caee000 ---p 00000000 00:00 0 
7fa44caee000-7fa44caf6000 r-xp 00000000 08:03 4598865                    /usr/lib/jvm/java-8-openjdk-amd64/jre/lib/amd64/libzip.so
7fa44caf6000-7fa44ccf5000 ---p 00008000 08:03 4598865                    /usr/lib/jvm/java-8-openjdk-amd64/jre/lib/amd64/libzip.so
7fa44ccf5000-7fa44ccf6000 r--p 00007000 08:03 4598865                    /usr/lib/jvm/java-8-openjdk-amd64/jre/lib/amd64/libzip.so
7fa44ccf6000-7fa44ccf7000 rw-p 00008000 08:03 4598865                    /usr/lib/jvm/java-8-openjdk-amd64/jre/lib/amd64/libzip.so
7fa44ccf7000-7fa44cd02000 r-xp 00000000 08:03 3678400                    /lib/x86_64-linux-gnu/libnss_files-2.27.so
7fa44cd02000-7fa44cf01000 ---p 0000b000 08:03 3678400                    /lib/x86_64-linux-gnu/libnss_files-2.27.so
7fa44cf01000-7fa44cf02000 r--p 0000a000 08:03 3678400                    /lib/x86_64-linux-gnu/libnss_files-2.27.so
7fa44cf02000-7fa44cf03000 rw-p 0000b000 08:03 3678400                    /lib/x86_64-linux-gnu/libnss_files-2.27.so
7fa44cf03000-7fa44cf09000 rw-p 00000000 00:00 0 
7fa44cf09000-7fa44cf20000 r-xp 00000000 08:03 3678397                    /lib/x86_64-linux-gnu/libnsl-2.27.so
7fa44cf20000-7fa44d11f000 ---p 00017000 08:03 3678397                    /lib/x86_64-linux-gnu/libnsl-2.27.so
7fa44d11f000-7fa44d120000 r--p 00016000 08:03 3678397                    /lib/x86_64-linux-gnu/libnsl-2.27.so
7fa44d120000-7fa44d121000 rw-p 00017000 08:03 3678397                    /lib/x86_64-linux-gnu/libnsl-2.27.so
7fa44d121000-7fa44d123000 rw-p 00000000 00:00 0 
7fa44d123000-7fa44d12e000 r-xp 00000000 08:03 3678402                    /lib/x86_64-linux-gnu/libnss_nis-2.27.so
7fa44d12e000-7fa44d32d000 ---p 0000b000 08:03 3678402                    /lib/x86_64-linux-gnu/libnss_nis-2.27.so
7fa44d32d000-7fa44d32e000 r--p 0000a000 08:03 3678402                    /lib/x86_64-linux-gnu/libnss_nis-2.27.so
7fa44d32e000-7fa44d32f000 rw-p 0000b000 08:03 3678402                    /lib/x86_64-linux-gnu/libnss_nis-2.27.so
7fa44d32f000-7fa44d337000 r-xp 00000000 08:03 3678398                    /lib/x86_64-linux-gnu/libnss_compat-2.27.so
7fa44d337000-7fa44d537000 ---p 00008000 08:03 3678398                    /lib/x86_64-linux-gnu/libnss_compat-2.27.so
7fa44d537000-7fa44d538000 r--p 00008000 08:03 3678398                    /lib/x86_64-linux-gnu/libnss_compat-2.27.so
7fa44d538000-7fa44d539000 rw-p 00009000 08:03 3678398                    /lib/x86_64-linux-gnu/libnss_compat-2.27.so
7fa44d539000-7fa44d567000 r-xp 00000000 08:03 4598846                    /usr/lib/jvm/java-8-openjdk-amd64/jre/lib/amd64/libjava.so
7fa44d567000-7fa44d766000 ---p 0002e000 08:03 4598846                    /usr/lib/jvm/java-8-openjdk-amd64/jre/lib/amd64/libjava.so
7fa44d766000-7fa44d767000 r--p 0002d000 08:03 4598846                    /usr/lib/jvm/java-8-openjdk-amd64/jre/lib/amd64/libjava.so
7fa44d767000-7fa44d769000 rw-p 0002e000 08:03 4598846                    /usr/lib/jvm/java-8-openjdk-amd64/jre/lib/amd64/libjava.so
7fa44d769000-7fa44d779000 r-xp 00000000 08:03 4598864                    /usr/lib/jvm/java-8-openjdk-amd64/jre/lib/amd64/libverify.so
7fa44d779000-7fa44d978000 ---p 00010000 08:03 4598864                    /usr/lib/jvm/java-8-openjdk-amd64/jre/lib/amd64/libverify.so
7fa44d978000-7fa44d97a000 r--p 0000f000 08:03 4598864                    /usr/lib/jvm/java-8-openjdk-amd64/jre/lib/amd64/libverify.so
7fa44d97a000-7fa44d97b000 rw-p 00011000 08:03 4598864                    /usr/lib/jvm/java-8-openjdk-amd64/jre/lib/amd64/libverify.so
7fa44d97b000-7fa44d982000 r-xp 00000000 08:03 3678407                    /lib/x86_64-linux-gnu/librt-2.27.so
7fa44d982000-7fa44db81000 ---p 00007000 08:03 3678407                    /lib/x86_64-linux-gnu/librt-2.27.so
7fa44db81000-7fa44db82000 r--p 00006000 08:03 3678407                    /lib/x86_64-linux-gnu/librt-2.27.so
7fa44db82000-7fa44db83000 rw-p 00007000 08:03 3678407                    /lib/x86_64-linux-gnu/librt-2.27.so
7fa44db83000-7fa44db9a000 r-xp 00000000 08:03 3678385                    /lib/x86_64-linux-gnu/libgcc_s.so.1
7fa44db9a000-7fa44dd99000 ---p 00017000 08:03 3678385                    /lib/x86_64-linux-gnu/libgcc_s.so.1
7fa44dd99000-7fa44dd9a000 r--p 00016000 08:03 3678385                    /lib/x86_64-linux-gnu/libgcc_s.so.1
7fa44dd9a000-7fa44dd9b000 rw-p 00017000 08:03 3678385                    /lib/x86_64-linux-gnu/libgcc_s.so.1
7fa44dd9b000-7fa44df38000 r-xp 00000000 08:03 3678394                    /lib/x86_64-linux-gnu/libm-2.27.so
7fa44df38000-7fa44e137000 ---p 0019d000 08:03 3678394                    /lib/x86_64-linux-gnu/libm-2.27.so
7fa44e137000-7fa44e138000 r--p 0019c000 08:03 3678394                    /lib/x86_64-linux-gnu/libm-2.27.so
7fa44e138000-7fa44e139000 rw-p 0019d000 08:03 3678394                    /lib/x86_64-linux-gnu/libm-2.27.so
7fa44e139000-7fa44e2b7000 r-xp 00000000 08:03 2752570                    /usr/lib/x86_64-linux-gnu/libstdc++.so.6.0.25
7fa44e2b7000-7fa44e4b7000 ---p 0017e000 08:03 2752570                    /usr/lib/x86_64-linux-gnu/libstdc++.so.6.0.25
7fa44e4b7000-7fa44e4c1000 r--p 0017e000 08:03 2752570                    /usr/lib/x86_64-linux-gnu/libstdc++.so.6.0.25
7fa44e4c1000-7fa44e4c3000 rw-p 00188000 08:03 2752570                    /usr/lib/x86_64-linux-gnu/libstdc++.so.6.0.25
7fa44e4c3000-7fa44e4c7000 rw-p 00000000 00:00 0 
7fa44e4c7000-7fa44f158000 r-xp 00000000 08:03 4856678                    /usr/lib/jvm/java-8-openjdk-amd64/jre/lib/amd64/server/libjvm.so
7fa44f158000-7fa44f358000 ---p 00c91000 08:03 4856678                    /usr/lib/jvm/java-8-openjdk-amd64/jre/lib/amd64/server/libjvm.so
7fa44f358000-7fa44f3eb000 r--p 00c91000 08:03 4856678                    /usr/lib/jvm/java-8-openjdk-amd64/jre/lib/amd64/server/libjvm.so
7fa44f3eb000-7fa44f413000 rw-p 00d24000 08:03 4856678                    /usr/lib/jvm/java-8-openjdk-amd64/jre/lib/amd64/server/libjvm.so
7fa44f413000-7fa44f444000 rw-p 00000000 00:00 0 
7fa44f444000-7fa44f45e000 r-xp 00000000 08:03 3678405                    /lib/x86_64-linux-gnu/libpthread-2.27.so
7fa44f45e000-7fa44f65d000 ---p 0001a000 08:03 3678405                    /lib/x86_64-linux-gnu/libpthread-2.27.so
7fa44f65d000-7fa44f65e000 r--p 00019000 08:03 3678405                    /lib/x86_64-linux-gnu/libpthread-2.27.so
7fa44f65e000-7fa44f65f000 rw-p 0001a000 08:03 3678405                    /lib/x86_64-linux-gnu/libpthread-2.27.so
7fa44f65f000-7fa44f663000 rw-p 00000000 00:00 0 
7fa44f663000-7fa44f666000 r-xp 00000000 08:03 3678393                    /lib/x86_64-linux-gnu/libdl-2.27.so
7fa44f666000-7fa44f865000 ---p 00003000 08:03 3678393                    /lib/x86_64-linux-gnu/libdl-2.27.so
7fa44f865000-7fa44f866000 r--p 00002000 08:03 3678393                    /lib/x86_64-linux-gnu/libdl-2.27.so
7fa44f866000-7fa44f867000 rw-p 00003000 08:03 3678393                    /lib/x86_64-linux-gnu/libdl-2.27.so
7fa44f867000-7fa44f883000 r-xp 00000000 08:03 3674607                    /lib/x86_64-linux-gnu/libz.so.1.2.11
7fa44f883000-7fa44fa82000 ---p 0001c000 08:03 3674607                    /lib/x86_64-linux-gnu/libz.so.1.2.11
7fa44fa82000-7fa44fa83000 r--p 0001b000 08:03 3674607                    /lib/x86_64-linux-gnu/libz.so.1.2.11
7fa44fa83000-7fa44fa84000 rw-p 0001c000 08:03 3674607                    /lib/x86_64-linux-gnu/libz.so.1.2.11
7fa44fa84000-7fa44fc6b000 r-xp 00000000 08:03 3678390                    /lib/x86_64-linux-gnu/libc-2.27.so
7fa44fc6b000-7fa44fe6b000 ---p 001e7000 08:03 3678390                    /lib/x86_64-linux-gnu/libc-2.27.so
7fa44fe6b000-7fa44fe6f000 r--p 001e7000 08:03 3678390                    /lib/x86_64-linux-gnu/libc-2.27.so
7fa44fe6f000-7fa44fe71000 rw-p 001eb000 08:03 3678390                    /lib/x86_64-linux-gnu/libc-2.27.so
7fa44fe71000-7fa44fe75000 rw-p 00000000 00:00 0 
7fa44fe75000-7fa44fe83000 r-xp 00000000 08:03 4722397                    /usr/lib/jvm/java-8-openjdk-amd64/jre/lib/amd64/jli/libjli.so
7fa44fe83000-7fa450082000 ---p 0000e000 08:03 4722397                    /usr/lib/jvm/java-8-openjdk-amd64/jre/lib/amd64/jli/libjli.so
7fa450082000-7fa450083000 r--p 0000d000 08:03 4722397                    /usr/lib/jvm/java-8-openjdk-amd64/jre/lib/amd64/jli/libjli.so
7fa450083000-7fa450084000 rw-p 0000e000 08:03 4722397                    /usr/lib/jvm/java-8-openjdk-amd64/jre/lib/amd64/jli/libjli.so
7fa450084000-7fa4500ab000 r-xp 00000000 08:03 3674177                    /lib/x86_64-linux-gnu/ld-2.27.so
7fa4500ab000-7fa4500ad000 r--s 00007000 08:03 3285473                    /usr/share/java/java-atk-wrapper.jar
7fa4500ad000-7fa4500b0000 r--s 00038000 08:03 5113640                    /usr/lib/jvm/java-8-openjdk-amd64/jre/lib/ext/sunpkcs11.jar
7fa4500b0000-7fa45017b000 rw-p 00000000 00:00 0 
7fa45017b000-7fa45017c000 ---p 00000000 00:00 0 
7fa45017c000-7fa45017f000 ---p 00000000 00:00 0 
7fa45017f000-7fa45029f000 rw-p 00000000 00:00 0 
7fa45029f000-7fa4502a7000 rw-s 00000000 08:03 5505410                    /tmp/hsperfdata_khryo/2381
7fa4502a7000-7fa4502a8000 rw-p 00000000 00:00 0 
7fa4502a8000-7fa4502a9000 ---p 00000000 00:00 0 
7fa4502a9000-7fa4502ab000 rw-p 00000000 00:00 0 
7fa4502ab000-7fa4502ac000 r--p 00027000 08:03 3674177                    /lib/x86_64-linux-gnu/ld-2.27.so
7fa4502ac000-7fa4502ad000 rw-p 00028000 08:03 3674177                    /lib/x86_64-linux-gnu/ld-2.27.so
7fa4502ad000-7fa4502ae000 rw-p 00000000 00:00 0 
7ffdf0c2d000-7ffdf0c4e000 rw-p 00000000 00:00 0                          [stack]
7ffdf0cbb000-7ffdf0cbe000 r--p 00000000 00:00 0                          [vvar]
7ffdf0cbe000-7ffdf0cc0000 r-xp 00000000 00:00 0                          [vdso]
ffffffffff600000-ffffffffff601000 r-xp 00000000 00:00 0                  [vsyscall]

VM Arguments:
jvm_args: -Dfile.encoding=UTF-8 
java_command: tanktrouble.GameMaster
java_class_path (initial): /usr/lib/jvm/java-8-openjdk-amd64/jre/lib/resources.jar:/usr/lib/jvm/java-8-openjdk-amd64/jre/lib/rt.jar:/usr/lib/jvm/java-8-openjdk-amd64/jre/lib/jsse.jar:/usr/lib/jvm/java-8-openjdk-amd64/jre/lib/jce.jar:/usr/lib/jvm/java-8-openjdk-amd64/jre/lib/charsets.jar:/usr/lib/jvm/java-8-openjdk-amd64/jre/lib/ext/sunpkcs11.jar:/usr/lib/jvm/java-8-openjdk-amd64/jre/lib/ext/icedtea-sound.jar:/usr/lib/jvm/java-8-openjdk-amd64/jre/lib/ext/nashorn.jar:/usr/lib/jvm/java-8-openjdk-amd64/jre/lib/ext/java-atk-wrapper.jar:/usr/lib/jvm/java-8-openjdk-amd64/jre/lib/ext/zipfs.jar:/usr/lib/jvm/java-8-openjdk-amd64/jre/lib/ext/jaccess.jar:/usr/lib/jvm/java-8-openjdk-amd64/jre/lib/ext/sunec.jar:/usr/lib/jvm/java-8-openjdk-amd64/jre/lib/ext/dnsns.jar:/usr/lib/jvm/java-8-openjdk-amd64/jre/lib/ext/localedata.jar:/usr/lib/jvm/java-8-openjdk-amd64/jre/lib/ext/sunjce_provider.jar:/usr/lib/jvm/java-8-openjdk-amd64/jre/lib/ext/cldrdata.jar:/home/khryo/Desktop/00/18/Docs/USACO/tanktrouble/target/classes:/home/khryo/Downloads/Box2D-for-Processing-master/Box2D-for-Processing/lib/jbox2d-library-2.2.1-ds.jar:/home/khryo/.m2/repository/org/jbox2d/jbox2d-library/2.2.1.1/jbox2d-library-2.2.1.1.jar:/home/khryo/.m2/repository/org/processing/core/3.3.7/core-3.3.7.jar
Launcher Type: SUN_STANDARD

Environment Variables:
PATH=/home/khryo/bin:/home/khryo/.local/bin:/usr/local/sbin:/usr/local/bin:/usr/sbin:/usr/bin:/sbin:/bin:/usr/games:/usr/local/games:/snap/bin
USERNAME=khryo
SHELL=/bin/bash
DISPLAY=:0

Signal Handlers:
SIGSEGV: [libjvm.so+0xaabcd0], sa_mask[0]=11111111011111111101111111111110, sa_flags=SA_RESTART|SA_SIGINFO
SIGBUS: [libjvm.so+0xaabcd0], sa_mask[0]=11111111011111111101111111111110, sa_flags=SA_RESTART|SA_SIGINFO
SIGFPE: [libjvm.so+0x8e1d50], sa_mask[0]=11111111011111111101111111111110, sa_flags=SA_RESTART|SA_SIGINFO
SIGPIPE: [libjvm.so+0x8e1d50], sa_mask[0]=11111111011111111101111111111110, sa_flags=SA_RESTART|SA_SIGINFO
SIGXFSZ: [libjvm.so+0x8e1d50], sa_mask[0]=11111111011111111101111111111110, sa_flags=SA_RESTART|SA_SIGINFO
SIGILL: [libjvm.so+0x8e1d50], sa_mask[0]=11111111011111111101111111111110, sa_flags=SA_RESTART|SA_SIGINFO
SIGUSR1: SIG_DFL, sa_mask[0]=00000000000000000000000000000000, sa_flags=none
SIGUSR2: [libjvm.so+0x8e1c00], sa_mask[0]=00100000000000000000000000000000, sa_flags=SA_RESTART|SA_SIGINFO
SIGHUP: [libjvm.so+0x8e20b0], sa_mask[0]=11111111011111111101111111111110, sa_flags=SA_RESTART|SA_SIGINFO
SIGINT: [libjvm.so+0x8e20b0], sa_mask[0]=11111111011111111101111111111110, sa_flags=SA_RESTART|SA_SIGINFO
SIGTERM: [libjvm.so+0x8e20b0], sa_mask[0]=11111111011111111101111111111110, sa_flags=SA_RESTART|SA_SIGINFO
SIGQUIT: [libjvm.so+0x8e20b0], sa_mask[0]=11111111011111111101111111111110, sa_flags=SA_RESTART|SA_SIGINFO


---------------  S Y S T E M  ---------------

OS:DISTRIB_ID=Ubuntu
DISTRIB_RELEASE=18.04
DISTRIB_CODENAME=bionic
DISTRIB_DESCRIPTION="Ubuntu 18.04 LTS"

uname:Linux 4.15.0-20-generic #21-Ubuntu SMP Tue Apr 24 06:16:15 UTC 2018 x86_64
libc:glibc 2.27 NPTL 2.27 
rlimit: STACK 8192k, CORE 0k, NPROC 29962, NOFILE 1048576, AS infinity
load average:8.08 3.87 2.15

/proc/meminfo:
MemTotal:        8068988 kB
MemFree:          125852 kB
MemAvailable:      99868 kB
Buffers:            7160 kB
Cached:           963076 kB
SwapCached:            0 kB
Active:          6704464 kB
Inactive:         879128 kB
Active(anon):    6641196 kB
Inactive(anon):   779996 kB
Active(file):      63268 kB
Inactive(file):    99132 kB
Unevictable:         424 kB
Mlocked:             424 kB
SwapTotal:             0 kB
SwapFree:              0 kB
Dirty:               448 kB
Writeback:             0 kB
AnonPages:       6614276 kB
Mapped:           432804 kB
Shmem:            810440 kB
Slab:             140284 kB
SReclaimable:      65460 kB
SUnreclaim:        74824 kB
KernelStack:       19696 kB
PageTables:       103072 kB
NFS_Unstable:          0 kB
Bounce:                0 kB
WritebackTmp:          0 kB
CommitLimit:     4034492 kB
Committed_AS:   17851336 kB
VmallocTotal:   34359738367 kB
VmallocUsed:           0 kB
VmallocChunk:          0 kB
HardwareCorrupted:     0 kB
AnonHugePages:         0 kB
ShmemHugePages:        0 kB
ShmemPmdMapped:        0 kB
CmaTotal:              0 kB
CmaFree:               0 kB
HugePages_Total:       0
HugePages_Free:        0
HugePages_Rsvd:        0
HugePages_Surp:        0
Hugepagesize:       2048 kB
DirectMap4k:      461612 kB
DirectMap2M:     7827456 kB
DirectMap1G:           0 kB


CPU:total 4 (initial active 4) (2 cores per cpu, 2 threads per core) family 6 model 61 stepping 4, cmov, cx8, fxsr, mmx, sse, sse2, sse3, ssse3, sse4.1, sse4.2, popcnt, avx, avx2, aes, clmul, erms, rtm, 3dnowpref, lzcnt, ht, tsc, tscinvbit, bmi1, bmi2, adx

/proc/cpuinfo:
processor	: 0
vendor_id	: GenuineIntel
cpu family	: 6
model		: 61
model name	: Intel(R) Core(TM) i7-5650U CPU @ 2.20GHz
stepping	: 4
microcode	: 0x21
cpu MHz		: 2880.432
cache size	: 4096 KB
physical id	: 0
siblings	: 4
core id		: 0
cpu cores	: 2
apicid		: 0
initial apicid	: 0
fpu		: yes
fpu_exception	: yes
cpuid level	: 20
wp		: yes
flags		: fpu vme de pse tsc msr pae mce cx8 apic sep mtrr pge mca cmov pat pse36 clflush dts acpi mmx fxsr sse sse2 ss ht tm pbe syscall nx pdpe1gb rdtscp lm constant_tsc arch_perfmon pebs bts rep_good nopl xtopology nonstop_tsc cpuid aperfmperf pni pclmulqdq dtes64 monitor ds_cpl vmx smx est tm2 ssse3 sdbg fma cx16 xtpr pdcm pcid sse4_1 sse4_2 x2apic movbe popcnt aes xsave avx f16c rdrand lahf_lm abm 3dnowprefetch cpuid_fault epb invpcid_single pti tpr_shadow vnmi flexpriority ept vpid fsgsbase tsc_adjust bmi1 hle avx2 smep bmi2 erms invpcid rtm rdseed adx smap intel_pt xsaveopt dtherm ida arat pln pts
bugs		: cpu_meltdown spectre_v1 spectre_v2
bogomips	: 4400.18
clflush size	: 64
cache_alignment	: 64
address sizes	: 39 bits physical, 48 bits virtual
power management:

processor	: 1
vendor_id	: GenuineIntel
cpu family	: 6
model		: 61
model name	: Intel(R) Core(TM) i7-5650U CPU @ 2.20GHz
stepping	: 4
microcode	: 0x21
cpu MHz		: 2880.504
cache size	: 4096 KB
physical id	: 0
siblings	: 4
core id		: 1
cpu cores	: 6
apicid		: 2
initial apicid	: 2
fpu		: yes
fpu_exception	: yes
cpuid level	: 20
wp		: yes
flags		: fpu vme de pse tsc msr pae mce cx8 apic sep mtrr pge mca cmov pat pse36 clflush dts acpi mmx fxsr sse sse2 ss ht tm pbe syscall nx pdpe1gb rdtscp lm constant_tsc arch_perfmon pebs bts rep_good nopl xtopology nonstop_tsc cpuid aperfmperf pni pclmulqdq dtes64 monitor ds_cpl vmx smx est tm2 ssse3 sdbg fma cx16 xtpr pdcm pcid sse4_1 sse4_2 x2apic movbe popcnt aes xsave avx f16c rdrand lahf_lm abm 3dnowprefetch cpuid_fault epb invpcid_single pti tpr_shadow vnmi flexpriority ept vpid fsgsbase tsc_adjust bmi1 hle avx2 smep bmi2 erms invpcid rtm rdseed adx smap intel_pt xsaveopt dtherm ida arat pln pts
bugs		: cpu_meltdown spectre_v1 spectre_v2
bogomips	: 4400.18
clflush size	: 64
cache_alignment	: 64
address sizes	: 39 bits physical, 48 bits virtual
power management:

processor	: 2
vendor_id	: GenuineIntel
cpu family	: 6
model		: 61
model name	: Intel(R) Core(TM) i7-5650U CPU @ 2.20GHz
stepping	: 4
microcode	: 0x21
cpu MHz		: 2880.747
cache size	: 4096 KB
physical id	: 0
siblings	: 4
core id		: 0
cpu cores	: 2
apicid		: 1
initial apicid	: 1
fpu		: yes
fpu_exception	: yes
cpuid level	: 20
wp		: yes
flags		: fpu vme de pse tsc msr pae mce cx8 apic sep mtrr pge mca cmov pat pse36 clflush dts acpi mmx fxsr sse sse2 ss ht tm pbe syscall nx pdpe1gb rdtscp lm constant_tsc arch_perfmon pebs bts rep_good nopl xtopology nonstop_tsc cpuid aperfmperf pni pclmulqdq dtes64 monitor ds_cpl vmx smx est tm2 ssse3 sdbg fma cx16 xtpr pdcm pcid sse4_1 sse4_2 x2apic movbe popcnt aes xsave avx f16c rdrand lahf_lm abm 3dnowprefetch cpuid_fault epb invpcid_single pti tpr_shadow vnmi flexpriority ept vpid fsgsbase tsc_adjust bmi1 hle avx2 smep bmi2 erms invpcid rtm rdseed adx smap intel_pt xsaveopt dtherm ida arat pln pts
bugs		: cpu_meltdown spectre_v1 spectre_v2
bogomips	: 4400.18
clflush size	: 64
cache_alignment	: 64
address sizes	: 39 bits physical, 48 bits virtual
power management:

processor	: 3
vendor_id	: GenuineIntel
cpu family	: 6
model		: 61
model name	: Intel(R) Core(TM) i7-5650U CPU @ 2.20GHz
stepping	: 4
microcode	: 0x21
cpu MHz		: 2880.569
cache size	: 4096 KB
physical id	: 0
siblings	: 4
core id		: 1
cpu cores	: 2
apicid		: 3
initial apicid	: 3
fpu		: yes
fpu_exception	: yes
cpuid level	: 20
wp		: yes
flags		: fpu vme de pse tsc msr pae mce cx8 apic sep mtrr pge mca cmov pat pse36 clflush dts acpi mmx fxsr sse sse2 ss ht tm pbe syscall nx pdpe1gb rdtscp lm constant_tsc arch_perfmon pebs bts rep_good nopl xtopology nonstop_tsc cpuid aperfmperf pni pclmulqdq dtes64 monitor ds_cpl vmx smx est tm2 ssse3 sdbg fma cx16 xtpr pdcm pcid sse4_1 sse4_2 x2apic movbe popcnt aes xsave avx f16c rdrand lahf_lm abm 3dnowprefetch cpuid_fault epb invpcid_single pti tpr_shadow vnmi flexpriority ept vpid fsgsbase tsc_adjust bmi1 hle avx2 smep bmi2 erms invpcid rtm rdseed adx smap intel_pt xsaveopt dtherm ida arat pln pts
bugs		: cpu_meltdown spectre_v1 spectre_v2
bogomips	: 4400.18
clflush size	: 64
cache_alignment	: 64
address sizes	: 39 bits physical, 48 bits virtual
power management:



Memory: 4k page, physical 8068988k(125852k free), swap 0k(0k free)

vm_info: OpenJDK 64-Bit Server VM (25.171-b11) for linux-amd64 JRE (1.8.0_171-8u171-b11-0ubuntu0.18.04.1-b11), built on Apr 26 2018 15:59:34 by "buildd" with gcc 7.3.0

time: Mon May 21 10:46:50 2018
elapsed time: 17 seconds (0d 0h 0m 17s)

