#
# There is insufficient memory for the Java Runtime Environment to continue.
# Native memory allocation (mmap) failed to map 303562752 bytes for committing reserved memory.
# Possible reasons:
#   The system is out of physical RAM or swap space
#   In 32 bit mode, the process size limit was hit
# Possible solutions:
#   Reduce memory load on the system
#   Increase physical memory or swap space
#   Check if swap backing store is full
#   Use 64 bit Java on a 64 bit OS
#   Decrease Java heap size (-Xmx/-Xms)
#   Decrease number of Java threads
#   Decrease Java thread stack sizes (-Xss)
#   Set larger code cache with -XX:ReservedCodeCacheSize=
# This output file may be truncated or incomplete.
#
#  Out of Memory Error (os_linux.cpp:2643), pid=2218, tid=0x00007f33f3afa700
#
# JRE version: OpenJDK Runtime Environment (8.0_171-b11) (build 1.8.0_171-8u171-b11-0ubuntu0.18.04.1-b11)
# Java VM: OpenJDK 64-Bit Server VM (25.171-b11 mixed mode linux-amd64 compressed oops)
# Failed to write core dump. Core dumps have been disabled. To enable core dumping, try "ulimit -c unlimited" before starting Java again
#

---------------  T H R E A D  ---------------

Current thread (0x00007f3418079800):  VMThread [stack: 0x00007f33f39fb000,0x00007f33f3afb000] [id=2242]

Stack: [0x00007f33f39fb000,0x00007f33f3afb000],  sp=0x00007f33f3af9440,  free space=1017k
Native frames: (J=compiled Java code, j=interpreted, Vv=VM code, C=native code)
V  [libjvm.so+0xaab382]
V  [libjvm.so+0x4d79a7]
V  [libjvm.so+0x8e66c0]
V  [libjvm.so+0x8e0c1e]
V  [libjvm.so+0x961436]
V  [libjvm.so+0x9500aa]
V  [libjvm.so+0x950278]
V  [libjvm.so+0x950e80]
V  [libjvm.so+0x95721c]
V  [libjvm.so+0x95f305]
V  [libjvm.so+0x90d978]
V  [libjvm.so+0xaad042]
V  [libjvm.so+0xab1c26]
V  [libjvm.so+0xaafec5]
V  [libjvm.so+0xab083d]
V  [libjvm.so+0xab0c17]
V  [libjvm.so+0x8e3b12]

VM_Operation (0x00007f33b9e75620): ParallelGCFailedAllocation, mode: safepoint, requested by thread 0x00007f3418408800


---------------  P R O C E S S  ---------------

Java Threads: ( => current thread )
  0x00007f33b4003800 JavaThread "Thread-0" daemon [_thread_in_native, id=2260, stack(0x00007f33ba37b000,0x00007f33bab7b000)]
  0x00007f341800b800 JavaThread "DestroyJavaVM" [_thread_blocked, id=2231, stack(0x00007f3420c74000,0x00007f3420d74000)]
  0x00007f3418408800 JavaThread "Animation Thread" [_thread_blocked, id=2266, stack(0x00007f33b9d76000,0x00007f33b9e77000)]
  0x00007f34183ff000 JavaThread "AWT-EventQueue-1" [_thread_blocked, id=2265, stack(0x00007f33b9e77000,0x00007f33b9f78000)]
  0x00007f34183fd000 JavaThread "AWT-Shutdown" [_thread_blocked, id=2264, stack(0x00007f33b9f78000,0x00007f33ba079000)]
  0x00007f3418351800 JavaThread "process reaper" daemon [_thread_blocked, id=2257, stack(0x00007f3408028000,0x00007f3408061000)]
  0x00007f3418346800 JavaThread "AWT-XAWT" daemon [_thread_blocked, id=2255, stack(0x00007f33f0738000,0x00007f33f0839000)]
  0x00007f3418326000 JavaThread "Java2D Disposer" daemon [_thread_blocked, id=2254, stack(0x00007f33f0c49000,0x00007f33f0d4a000)]
  0x00007f34180c9800 JavaThread "Service Thread" daemon [_thread_blocked, id=2250, stack(0x00007f33f2e5f000,0x00007f33f2f60000)]
  0x00007f34180be800 JavaThread "C1 CompilerThread2" daemon [_thread_blocked, id=2249, stack(0x00007f33f2f61000,0x00007f33f3061000)]
  0x00007f34180bc800 JavaThread "C2 CompilerThread1" daemon [_thread_blocked, id=2248, stack(0x00007f33f3062000,0x00007f33f3162000)]
  0x00007f34180b9800 JavaThread "C2 CompilerThread0" daemon [_thread_blocked, id=2247, stack(0x00007f33f3163000,0x00007f33f3263000)]
  0x00007f34180b8000 JavaThread "Signal Dispatcher" daemon [_thread_blocked, id=2246, stack(0x00007f33f3263000,0x00007f33f3364000)]
  0x00007f3418085800 JavaThread "Finalizer" daemon [_thread_blocked, id=2245, stack(0x00007f33f37f8000,0x00007f33f38f9000)]
  0x00007f3418081000 JavaThread "Reference Handler" daemon [_thread_blocked, id=2244, stack(0x00007f33f38f9000,0x00007f33f39fa000)]

Other Threads:
=>0x00007f3418079800 VMThread [stack: 0x00007f33f39fb000,0x00007f33f3afb000] [id=2242]
  0x00007f34180cc000 WatcherThread [stack: 0x00007f33f2d5f000,0x00007f33f2e5f000] [id=2251]

VM state:at safepoint (normal execution)

VM Mutex/Monitor currently owned by a thread:  ([mutex/lock_event])
[0x00007f3418007c30] ExpandHeap_lock - owner thread: 0x00007f3418079800
[0x00007f34180082b0] Threads_lock - owner thread: 0x00007f3418079800
[0x00007f34180087b0] Heap_lock - owner thread: 0x00007f3418408800

Heap:
 PSYoungGen      total 448512K, used 0K [0x00000000d6f80000, 0x0000000100000000, 0x0000000100000000)
  eden space 224768K, 0% used [0x00000000d6f80000,0x00000000d6f80000,0x00000000e4b00000)
  from space 223744K, 0% used [0x00000000f2580000,0x00000000f2580000,0x0000000100000000)
  to   space 223744K, 0% used [0x00000000e4b00000,0x00000000e4b00000,0x00000000f2580000)
 ParOldGen       total 556544K, used 525861K [0x0000000084e00000, 0x00000000a6d80000, 0x00000000d6f80000)
  object space 556544K, 94% used [0x0000000084e00000,0x00000000a4f894a8,0x00000000a6d80000)
 Metaspace       used 11266K, capacity 11554K, committed 11904K, reserved 1060864K
  class space    used 1240K, capacity 1332K, committed 1408K, reserved 1048576K

Card table byte_map: [0x00007f341ce4c000,0x00007f341d226000] byte_map_base: 0x00007f341ca25000

Marking Bits: (ParMarkBitMap*) 0x00007f341ff1f140
 Begin Bits: [0x00007f3400270000, 0x00007f3402138000)
 End Bits:   [0x00007f3402138000, 0x00007f3404000000)

Polling page: 0x00007f3420da0000

CodeCache: size=245760Kb used=2467Kb max_used=2468Kb free=243292Kb
 bounds [0x00007f3409000000, 0x00007f3409270000, 0x00007f3418000000]
 total_blobs=1097 nmethods=555 adapters=457
 compilation: enabled

Compilation events (10 events):
Event: 11.202 Thread 0x00007f34180be800  549       3       java.util.TreeMap::navigableKeySet (27 bytes)
Event: 11.202 Thread 0x00007f34180be800 nmethod 549 0x00007f3409268250 code [0x00007f34092683e0, 0x00007f3409268770]
Event: 11.202 Thread 0x00007f34180be800  550       3       java.util.TreeMap$KeySet::<init> (10 bytes)
Event: 11.203 Thread 0x00007f34180be800 nmethod 550 0x00007f3409267d10 code [0x00007f3409267e80, 0x00007f3409268110]
Event: 12.341 Thread 0x00007f34180be800  552       3       java.util.HashMap::containsKey (18 bytes)
Event: 12.342 Thread 0x00007f34180be800 nmethod 552 0x00007f3409266f50 code [0x00007f34092670e0, 0x00007f34092674d8]
Event: 12.342 Thread 0x00007f34180be800  553       3       java.util.AbstractCollection::containsAll (38 bytes)
Event: 12.342 Thread 0x00007f34180be800 nmethod 553 0x00007f3409266690 code [0x00007f3409266840, 0x00007f3409266d98]
Event: 12.342 Thread 0x00007f34180be800  555       1       javax.management.openmbean.TabularType::getIndexNames (5 bytes)
Event: 12.342 Thread 0x00007f34180be800 nmethod 555 0x00007f34092663d0 code [0x00007f3409266520, 0x00007f3409266630]

GC Heap History (10 events):
Event: 7.900 GC heap after
Heap after GC invocations=10 (full 3):
 PSYoungGen      total 283648K, used 150528K [0x00000000d6f80000, 0x00000000fe680000, 0x0000000100000000)
  eden space 133120K, 0% used [0x00000000d6f80000,0x00000000d6f80000,0x00000000df180000)
  from space 150528K, 100% used [0x00000000df180000,0x00000000e8480000,0x00000000e8480000)
  to   space 223744K, 0% used [0x00000000f0c00000,0x00000000f0c00000,0x00000000fe680000)
 ParOldGen       total 340992K, used 252759K [0x0000000084e00000, 0x0000000099b00000, 0x00000000d6f80000)
  object space 340992K, 74% used [0x0000000084e00000,0x00000000944d5e70,0x0000000099b00000)
 Metaspace       used 11261K, capacity 11554K, committed 11904K, reserved 1060864K
  class space    used 1240K, capacity 1332K, committed 1408K, reserved 1048576K
}
Event: 7.900 GC heap before
{Heap before GC invocations=11 (full 4):
 PSYoungGen      total 283648K, used 150528K [0x00000000d6f80000, 0x00000000fe680000, 0x0000000100000000)
  eden space 133120K, 0% used [0x00000000d6f80000,0x00000000d6f80000,0x00000000df180000)
  from space 150528K, 100% used [0x00000000df180000,0x00000000e8480000,0x00000000e8480000)
  to   space 223744K, 0% used [0x00000000f0c00000,0x00000000f0c00000,0x00000000fe680000)
 ParOldGen       total 340992K, used 252759K [0x0000000084e00000, 0x0000000099b00000, 0x00000000d6f80000)
  object space 340992K, 74% used [0x0000000084e00000,0x00000000944d5e70,0x0000000099b00000)
 Metaspace       used 11261K, capacity 11554K, committed 11904K, reserved 1060864K
  class space    used 1240K, capacity 1332K, committed 1408K, reserved 1048576K
Event: 10.689 GC heap after
Heap after GC invocations=11 (full 4):
 PSYoungGen      total 283648K, used 0K [0x00000000d6f80000, 0x00000000fe680000, 0x0000000100000000)
  eden space 133120K, 0% used [0x00000000d6f80000,0x00000000d6f80000,0x00000000df180000)
  from space 150528K, 0% used [0x00000000df180000,0x00000000df180000,0x00000000e8480000)
  to   space 223744K, 0% used [0x00000000f0c00000,0x00000000f0c00000,0x00000000fe680000)
 ParOldGen       total 520192K, used 273464K [0x0000000084e00000, 0x00000000a4a00000, 0x00000000d6f80000)
  object space 520192K, 52% used [0x0000000084e00000,0x000000009590e2b8,0x00000000a4a00000)
 Metaspace       used 11261K, capacity 11554K, committed 11904K, reserved 1060864K
  class space    used 1240K, capacity 1332K, committed 1408K, reserved 1048576K
}
Event: 10.769 GC heap before
{Heap before GC invocations=12 (full 4):
 PSYoungGen      total 283648K, used 133120K [0x00000000d6f80000, 0x00000000fe680000, 0x0000000100000000)
  eden space 133120K, 100% used [0x00000000d6f80000,0x00000000df180000,0x00000000df180000)
  from space 150528K, 0% used [0x00000000df180000,0x00000000df180000,0x00000000e8480000)
  to   space 223744K, 0% used [0x00000000f0c00000,0x00000000f0c00000,0x00000000fe680000)
 ParOldGen       total 520192K, used 273464K [0x0000000084e00000, 0x00000000a4a00000, 0x00000000d6f80000)
  object space 520192K, 52% used [0x0000000084e00000,0x000000009590e2b8,0x00000000a4a00000)
 Metaspace       used 11266K, capacity 11554K, committed 11904K, reserved 1060864K
  class space    used 1240K, capacity 1332K, committed 1408K, reserved 1048576K
Event: 11.201 GC heap after
Heap after GC invocations=12 (full 4):
 PSYoungGen      total 398848K, used 131488K [0x00000000d6f80000, 0x00000000fdb00000, 0x0000000100000000)
  eden space 186880K, 0% used [0x00000000d6f80000,0x00000000d6f80000,0x00000000e2600000)
  from space 211968K, 62% used [0x00000000f0c00000,0x00000000f8c68000,0x00000000fdb00000)
  to   space 223744K, 0% used [0x00000000e2600000,0x00000000e2600000,0x00000000f0080000)
 ParOldGen       total 520192K, used 273472K [0x0000000084e00000, 0x00000000a4a00000, 0x00000000d6f80000)
  object space 520192K, 52% used [0x0000000084e00000,0x00000000959102b8,0x00000000a4a00000)
 Metaspace       used 11266K, capacity 11554K, committed 11904K, reserved 1060864K
  class space    used 1240K, capacity 1332K, committed 1408K, reserved 1048576K
}
Event: 11.304 GC heap before
{Heap before GC invocations=13 (full 4):
 PSYoungGen      total 398848K, used 318368K [0x00000000d6f80000, 0x00000000fdb00000, 0x0000000100000000)
  eden space 186880K, 100% used [0x00000000d6f80000,0x00000000e2600000,0x00000000e2600000)
  from space 211968K, 62% used [0x00000000f0c00000,0x00000000f8c68000,0x00000000fdb00000)
  to   space 223744K, 0% used [0x00000000e2600000,0x00000000e2600000,0x00000000f0080000)
 ParOldGen       total 520192K, used 273472K [0x0000000084e00000, 0x00000000a4a00000, 0x00000000d6f80000)
  object space 520192K, 52% used [0x0000000084e00000,0x00000000959102b8,0x00000000a4a00000)
 Metaspace       used 11266K, capacity 11554K, committed 11904K, reserved 1060864K
  class space    used 1240K, capacity 1332K, committed 1408K, reserved 1048576K
Event: 12.341 GC heap after
Heap after GC invocations=13 (full 4):
 PSYoungGen      total 410624K, used 223744K [0x00000000d6f80000, 0x0000000100000000, 0x0000000100000000)
  eden space 186880K, 0% used [0x00000000d6f80000,0x00000000d6f80000,0x00000000e2600000)
  from space 223744K, 100% used [0x00000000e2600000,0x00000000f0080000,0x00000000f0080000)
  to   space 223744K, 0% used [0x00000000f2580000,0x00000000f2580000,0x0000000100000000)
 ParOldGen       total 520192K, used 368336K [0x0000000084e00000, 0x00000000a4a00000, 0x00000000d6f80000)
  object space 520192K, 70% used [0x0000000084e00000,0x000000009b5b42b8,0x00000000a4a00000)
 Metaspace       used 11266K, capacity 11554K, committed 11904K, reserved 1060864K
  class space    used 1240K, capacity 1332K, committed 1408K, reserved 1048576K
}
Event: 12.496 GC heap before
{Heap before GC invocations=14 (full 4):
 PSYoungGen      total 410624K, used 410624K [0x00000000d6f80000, 0x0000000100000000, 0x0000000100000000)
  eden space 186880K, 100% used [0x00000000d6f80000,0x00000000e2600000,0x00000000e2600000)
  from space 223744K, 100% used [0x00000000e2600000,0x00000000f0080000,0x00000000f0080000)
  to   space 223744K, 0% used [0x00000000f2580000,0x00000000f2580000,0x0000000100000000)
 ParOldGen       total 520192K, used 368336K [0x0000000084e00000, 0x00000000a4a00000, 0x00000000d6f80000)
  object space 520192K, 70% used [0x0000000084e00000,0x000000009b5b42b8,0x00000000a4a00000)
 Metaspace       used 11266K, capacity 11554K, committed 11904K, reserved 1060864K
  class space    used 1240K, capacity 1332K, committed 1408K, reserved 1048576K
Event: 13.596 GC heap after
Heap after GC invocations=14 (full 4):
 PSYoungGen      total 448512K, used 223744K [0x00000000d6f80000, 0x0000000100000000, 0x0000000100000000)
  eden space 224768K, 0% used [0x00000000d6f80000,0x00000000d6f80000,0x00000000e4b00000)
  from space 223744K, 100% used [0x00000000f2580000,0x0000000100000000,0x0000000100000000)
  to   space 223744K, 0% used [0x00000000e4b00000,0x00000000e4b00000,0x00000000f2580000)
 ParOldGen       total 556544K, used 555880K [0x0000000084e00000, 0x00000000a6d80000, 0x00000000d6f80000)
  object space 556544K, 99% used [0x0000000084e00000,0x00000000a6cda2b8,0x00000000a6d80000)
 Metaspace       used 11266K, capacity 11554K, committed 11904K, reserved 1060864K
  class space    used 1240K, capacity 1332K, committed 1408K, reserved 1048576K
}
Event: 13.602 GC heap before
{Heap before GC invocations=15 (full 5):
 PSYoungGen      total 448512K, used 223744K [0x00000000d6f80000, 0x0000000100000000, 0x0000000100000000)
  eden space 224768K, 0% used [0x00000000d6f80000,0x00000000d6f80000,0x00000000e4b00000)
  from space 223744K, 100% used [0x00000000f2580000,0x0000000100000000,0x0000000100000000)
  to   space 223744K, 0% used [0x00000000e4b00000,0x00000000e4b00000,0x00000000f2580000)
 ParOldGen       total 556544K, used 555880K [0x0000000084e00000, 0x00000000a6d80000, 0x00000000d6f80000)
  object space 556544K, 99% used [0x0000000084e00000,0x00000000a6cda2b8,0x00000000a6d80000)
 Metaspace       used 11266K, capacity 11554K, committed 11904K, reserved 1060864K
  class space    used 1240K, capacity 1332K, committed 1408K, reserved 1048576K

Deoptimization events (3 events):
Event: 6.724 Thread 0x00007f34183ff000 Uncommon trap: reason=unstable_if action=reinterpret pc=0x00007f340923fab8 method=java.util.LinkedList.linkLast(Ljava/lang/Object;)V @ 22
Event: 6.729 Thread 0x00007f34183ff000 Uncommon trap: reason=unstable_if action=reinterpret pc=0x00007f340923cef0 method=java.util.LinkedList.unlinkFirst(Ljava/util/LinkedList$Node;)Ljava/lang/Object; @ 26
Event: 6.730 Thread 0x00007f3418346800 Uncommon trap: reason=unstable_if action=reinterpret pc=0x00007f340923ee64 method=java.util.LinkedList.linkLast(Ljava/lang/Object;)V @ 22

Classes redefined (0 events):
No events

Internal exceptions (10 events):
Event: 1.039 Thread 0x00007f341800b800 Exception <a 'java/lang/ClassNotFoundException': sun/dc/DuctusRenderingEngine> (0x00000000d72c3130) thrown at [/build/openjdk-8-TuolsG/openjdk-8-8u171-b11/src/hotspot/src/share/vm/classfile/systemDictionary.cpp, line 210]
Event: 2.399 Thread 0x00007f34183ff000 Exception <a 'java/lang/UnsupportedOperationException': > (0x00000000d7b35108) thrown at [/build/openjdk-8-TuolsG/openjdk-8-8u171-b11/src/hotspot/src/share/vm/prims/jni.cpp, line 735]
Event: 2.467 Thread 0x00007f34180c9800 Exception <a 'java/lang/ArrayIndexOutOfBoundsException': 71> (0x00000000d6f84c18) thrown at [/build/openjdk-8-TuolsG/openjdk-8-8u171-b11/src/hotspot/src/share/vm/interpreter/interpreterRuntime.cpp, line 366]
Event: 2.565 Thread 0x00007f34180c9800 Exception <a 'java/lang/ArrayIndexOutOfBoundsException': 18> (0x00000000d6f80638) thrown at [/build/openjdk-8-TuolsG/openjdk-8-8u171-b11/src/hotspot/src/share/vm/interpreter/interpreterRuntime.cpp, line 366]
Event: 2.566 Thread 0x00007f34180c9800 Exception <a 'java/lang/ArrayIndexOutOfBoundsException': 60> (0x00000000d6f81408) thrown at [/build/openjdk-8-TuolsG/openjdk-8-8u171-b11/src/hotspot/src/share/vm/interpreter/interpreterRuntime.cpp, line 366]
Event: 2.597 Thread 0x00007f34180c9800 Exception <a 'java/lang/ArrayIndexOutOfBoundsException'> (0x00000000d6f89ce8) thrown at [/build/openjdk-8-TuolsG/openjdk-8-8u171-b11/src/hotspot/src/share/vm/runtime/sharedRuntime.cpp, line 605]
Event: 2.598 Thread 0x00007f34180c9800 Exception <a 'java/lang/ArrayIndexOutOfBoundsException'> (0x00000000d6f8b8d0) thrown at [/build/openjdk-8-TuolsG/openjdk-8-8u171-b11/src/hotspot/src/share/vm/runtime/sharedRuntime.cpp, line 605]
Event: 6.724 Thread 0x00007f34183ff000 Implicit null exception at 0x00007f340923fa5e to 0x00007f340923fa9e
Event: 6.729 Thread 0x00007f34183ff000 Implicit null exception at 0x00007f340923ceb4 to 0x00007f340923cedd
Event: 6.730 Thread 0x00007f3418346800 Implicit null exception at 0x00007f340923ee11 to 0x00007f340923ee4a

Events (10 events):
Event: 7.160 Executing VM operation: ParallelGCFailedAllocation done
Event: 7.204 Thread 0x00007f34183f9800 Thread exited: 0x00007f34183f9800
Event: 7.242 Executing VM operation: ParallelGCFailedAllocation
Event: 10.689 Executing VM operation: ParallelGCFailedAllocation done
Event: 10.690 Thread 0x00007f34183f8800 Thread exited: 0x00007f34183f8800
Event: 10.769 Executing VM operation: ParallelGCFailedAllocation
Event: 11.201 Executing VM operation: ParallelGCFailedAllocation done
Event: 11.304 Executing VM operation: ParallelGCFailedAllocation
Event: 12.341 Executing VM operation: ParallelGCFailedAllocation done
Event: 12.495 Executing VM operation: ParallelGCFailedAllocation


Dynamic libraries:
84e00000-a6d80000 rw-p 00000000 00:00 0 
b8f00000-d6f80000 ---p 00000000 00:00 0 
d6f80000-100000000 rw-p 00000000 00:00 0 
100000000-100160000 rw-p 00000000 00:00 0 
100160000-140000000 ---p 00000000 00:00 0 
55bdc03de000-55bdc03df000 r-xp 00000000 08:03 3016777                    /usr/lib/jvm/java-8-openjdk-amd64/jre/bin/java
55bdc05de000-55bdc05df000 r--p 00000000 08:03 3016777                    /usr/lib/jvm/java-8-openjdk-amd64/jre/bin/java
55bdc05df000-55bdc05e0000 rw-p 00001000 08:03 3016777                    /usr/lib/jvm/java-8-openjdk-amd64/jre/bin/java
55bdc2331000-55bdc2352000 rw-p 00000000 00:00 0                          [heap]
7f339c000000-7f339c021000 rw-p 00000000 00:00 0 
7f339c021000-7f33a0000000 ---p 00000000 00:00 0 
7f33a4000000-7f33a4021000 rw-p 00000000 00:00 0 
7f33a4021000-7f33a8000000 ---p 00000000 00:00 0 
7f33a8000000-7f33a8021000 rw-p 00000000 00:00 0 
7f33a8021000-7f33ac000000 ---p 00000000 00:00 0 
7f33ac000000-7f33ac064000 rw-p 00000000 00:00 0 
7f33ac064000-7f33b0000000 ---p 00000000 00:00 0 
7f33b0000000-7f33b0021000 rw-p 00000000 00:00 0 
7f33b0021000-7f33b4000000 ---p 00000000 00:00 0 
7f33b4000000-7f33b4021000 rw-p 00000000 00:00 0 
7f33b4021000-7f33b8000000 ---p 00000000 00:00 0 
7f33b9a81000-7f33b9ac1000 rw-p 00000000 00:00 0 
7f33b9ac1000-7f33b9c81000 ---p 00000000 00:00 0 
7f33b9c81000-7f33b9d76000 rw-s 00000000 00:05 5242902                    /SYSV00000000 (deleted)
7f33b9d76000-7f33b9d79000 ---p 00000000 00:00 0 
7f33b9d79000-7f33b9e77000 rw-p 00000000 00:00 0 
7f33b9e77000-7f33b9e7a000 ---p 00000000 00:00 0 
7f33b9e7a000-7f33b9f78000 rw-p 00000000 00:00 0 
7f33b9f78000-7f33b9f7b000 ---p 00000000 00:00 0 
7f33b9f7b000-7f33ba079000 rw-p 00000000 00:00 0 
7f33ba079000-7f33ba07c000 ---p 00000000 00:00 0 
7f33ba07c000-7f33ba37a000 rw-p 00000000 00:00 0 
7f33ba37a000-7f33ba37b000 ---p 00000000 00:00 0 
7f33ba37b000-7f33ba37e000 ---p 00000000 00:00 0 
7f33ba37e000-7f33bab7b000 rw-p 00000000 00:00 0 
7f33bab7b000-7f33bab85000 r-xp 00000000 08:03 2758760                    /usr/lib/x86_64-linux-gnu/libXrandr.so.2.2.0
7f33bab85000-7f33bad84000 ---p 0000a000 08:03 2758760                    /usr/lib/x86_64-linux-gnu/libXrandr.so.2.2.0
7f33bad84000-7f33bad85000 r--p 00009000 08:03 2758760                    /usr/lib/x86_64-linux-gnu/libXrandr.so.2.2.0
7f33bad85000-7f33bad86000 rw-p 0000a000 08:03 2758760                    /usr/lib/x86_64-linux-gnu/libXrandr.so.2.2.0
7f33bad86000-7f33bad8f000 r-xp 00000000 08:03 4598855                    /usr/lib/jvm/java-8-openjdk-amd64/jre/lib/amd64/libmanagement.so
7f33bad8f000-7f33baf8e000 ---p 00009000 08:03 4598855                    /usr/lib/jvm/java-8-openjdk-amd64/jre/lib/amd64/libmanagement.so
7f33baf8e000-7f33baf8f000 r--p 00008000 08:03 4598855                    /usr/lib/jvm/java-8-openjdk-amd64/jre/lib/amd64/libmanagement.so
7f33baf8f000-7f33baf90000 rw-p 00009000 08:03 4598855                    /usr/lib/jvm/java-8-openjdk-amd64/jre/lib/amd64/libmanagement.so
7f33baf90000-7f33bafa4000 r-xp 00000000 08:03 3670058                    /lib/x86_64-linux-gnu/libgpg-error.so.0.22.0
7f33bafa4000-7f33bb1a3000 ---p 00014000 08:03 3670058                    /lib/x86_64-linux-gnu/libgpg-error.so.0.22.0
7f33bb1a3000-7f33bb1a4000 r--p 00013000 08:03 3670058                    /lib/x86_64-linux-gnu/libgpg-error.so.0.22.0
7f33bb1a4000-7f33bb1a5000 rw-p 00014000 08:03 3670058                    /lib/x86_64-linux-gnu/libgpg-error.so.0.22.0
7f33bb1a5000-7f33bb2b9000 r-xp 00000000 08:03 3670051                    /lib/x86_64-linux-gnu/libgcrypt.so.20.2.1
7f33bb2b9000-7f33bb4b8000 ---p 00114000 08:03 3670051                    /lib/x86_64-linux-gnu/libgcrypt.so.20.2.1
7f33bb4b8000-7f33bb4ba000 r--p 00113000 08:03 3670051                    /lib/x86_64-linux-gnu/libgcrypt.so.20.2.1
7f33bb4ba000-7f33bb4bf000 rw-p 00115000 08:03 3670051                    /lib/x86_64-linux-gnu/libgcrypt.so.20.2.1
7f33bb4bf000-7f33bb4c0000 rw-p 00000000 00:00 0 
7f33bb4c0000-7f33bb4db000 r-xp 00000000 08:03 2753199                    /usr/lib/x86_64-linux-gnu/liblz4.so.1.7.1
7f33bb4db000-7f33bb6da000 ---p 0001b000 08:03 2753199                    /usr/lib/x86_64-linux-gnu/liblz4.so.1.7.1
7f33bb6da000-7f33bb6db000 r--p 0001a000 08:03 2753199                    /usr/lib/x86_64-linux-gnu/liblz4.so.1.7.1
7f33bb6db000-7f33bb6dc000 rw-p 0001b000 08:03 2753199                    /usr/lib/x86_64-linux-gnu/liblz4.so.1.7.1
7f33bb6dc000-7f33bb700000 r-xp 00000000 08:03 3674684                    /lib/x86_64-linux-gnu/liblzma.so.5.2.2
7f33bb700000-7f33bb900000 ---p 00024000 08:03 3674684                    /lib/x86_64-linux-gnu/liblzma.so.5.2.2
7f33bb900000-7f33bb901000 r--p 00024000 08:03 3674684                    /lib/x86_64-linux-gnu/liblzma.so.5.2.2
7f33bb901000-7f33bb902000 rw-p 00025000 08:03 3674684                    /lib/x86_64-linux-gnu/liblzma.so.5.2.2
7f33bb902000-7f33bb982000 r-xp 00000000 08:03 3670063                    /lib/x86_64-linux-gnu/libsystemd.so.0.21.0
7f33bb982000-7f33bbb81000 ---p 00080000 08:03 3670063                    /lib/x86_64-linux-gnu/libsystemd.so.0.21.0
7f33bbb81000-7f33bbb84000 r--p 0007f000 08:03 3670063                    /lib/x86_64-linux-gnu/libsystemd.so.0.21.0
7f33bbb84000-7f33bbb85000 rw-p 00082000 08:03 3670063                    /lib/x86_64-linux-gnu/libsystemd.so.0.21.0
7f33bbb85000-7f33bbb86000 rw-p 00000000 00:00 0 
7f33bbb86000-7f33bbbf6000 r-xp 00000000 08:03 3670077                    /lib/x86_64-linux-gnu/libpcre.so.3.13.3
7f33bbbf6000-7f33bbdf6000 ---p 00070000 08:03 3670077                    /lib/x86_64-linux-gnu/libpcre.so.3.13.3
7f33bbdf6000-7f33bbdf7000 r--p 00070000 08:03 3670077                    /lib/x86_64-linux-gnu/libpcre.so.3.13.3
7f33bbdf7000-7f33bbdf8000 rw-p 00071000 08:03 3670077                    /lib/x86_64-linux-gnu/libpcre.so.3.13.3
7f33bbdf8000-7f33bbdff000 r-xp 00000000 08:03 2753738                    /usr/lib/x86_64-linux-gnu/libffi.so.6.0.4
7f33bbdff000-7f33bbffe000 ---p 00007000 08:03 2753738                    /usr/lib/x86_64-linux-gnu/libffi.so.6.0.4
7f33bbffe000-7f33bbfff000 r--p 00006000 08:03 2753738                    /usr/lib/x86_64-linux-gnu/libffi.so.6.0.4
7f33bbfff000-7f33bc000000 rw-p 00007000 08:03 2753738                    /usr/lib/x86_64-linux-gnu/libffi.so.6.0.4
7f33bc000000-7f33bc021000 rw-p 00000000 00:00 0 
7f33bc021000-7f33c0000000 ---p 00000000 00:00 0 
7f33c00c0000-7f33c00c3000 ---p 00000000 00:00 0 
7f33c00c3000-7f33c01c1000 rw-p 00000000 00:00 0 
7f33c01c1000-7f33c01ed000 r-xp 00000000 08:03 2758489                    /usr/lib/x86_64-linux-gnu/libatspi.so.0.0.1
7f33c01ed000-7f33c03ed000 ---p 0002c000 08:03 2758489                    /usr/lib/x86_64-linux-gnu/libatspi.so.0.0.1
7f33c03ed000-7f33c03f0000 r--p 0002c000 08:03 2758489                    /usr/lib/x86_64-linux-gnu/libatspi.so.0.0.1
7f33c03f0000-7f33c03f1000 rw-p 0002f000 08:03 2758489                    /usr/lib/x86_64-linux-gnu/libatspi.so.0.0.1
7f33c03f1000-7f33c043c000 r-xp 00000000 08:03 3673199                    /lib/x86_64-linux-gnu/libdbus-1.so.3.19.4
7f33c043c000-7f33c063c000 ---p 0004b000 08:03 3673199                    /lib/x86_64-linux-gnu/libdbus-1.so.3.19.4
7f33c063c000-7f33c063d000 r--p 0004b000 08:03 3673199                    /lib/x86_64-linux-gnu/libdbus-1.so.3.19.4
7f33c063d000-7f33c063e000 rw-p 0004c000 08:03 3673199                    /lib/x86_64-linux-gnu/libdbus-1.so.3.19.4
7f33c063e000-7f33c0751000 r-xp 00000000 08:03 2760824                    /usr/lib/x86_64-linux-gnu/libglib-2.0.so.0.5600.1
7f33c0751000-7f33c0951000 ---p 00113000 08:03 2760824                    /usr/lib/x86_64-linux-gnu/libglib-2.0.so.0.5600.1
7f33c0951000-7f33c0952000 r--p 00113000 08:03 2760824                    /usr/lib/x86_64-linux-gnu/libglib-2.0.so.0.5600.1
7f33c0952000-7f33c0953000 rw-p 00114000 08:03 2760824                    /usr/lib/x86_64-linux-gnu/libglib-2.0.so.0.5600.1
7f33c0953000-7f33c0954000 rw-p 00000000 00:00 0 
7f33c0954000-7f33c09a6000 r-xp 00000000 08:03 2760848                    /usr/lib/x86_64-linux-gnu/libgobject-2.0.so.0.5600.1
7f33c09a6000-7f33c0ba6000 ---p 00052000 08:03 2760848                    /usr/lib/x86_64-linux-gnu/libgobject-2.0.so.0.5600.1
7f33c0ba6000-7f33c0ba7000 r--p 00052000 08:03 2760848                    /usr/lib/x86_64-linux-gnu/libgobject-2.0.so.0.5600.1
7f33c0ba7000-7f33c0ba8000 rw-p 00053000 08:03 2760848                    /usr/lib/x86_64-linux-gnu/libgobject-2.0.so.0.5600.1
7f33c0ba8000-7f33c0bd6000 r-xp 00000000 08:03 2757317                    /usr/lib/x86_64-linux-gnu/libatk-bridge-2.0.so.0.0.0
7f33c0bd6000-7f33c0dd6000 ---p 0002e000 08:03 2757317                    /usr/lib/x86_64-linux-gnu/libatk-bridge-2.0.so.0.0.0
7f33c0dd6000-7f33c0dd7000 r--p 0002e000 08:03 2757317                    /usr/lib/x86_64-linux-gnu/libatk-bridge-2.0.so.0.0.0
7f33c0dd7000-7f33c0dd8000 rw-p 0002f000 08:03 2757317                    /usr/lib/x86_64-linux-gnu/libatk-bridge-2.0.so.0.0.0
7f33c0dd8000-7f33c0dd9000 rw-p 00000000 00:00 0 
7f33c0dd9000-7f33c0dfb000 r-xp 00000000 08:03 2758636                    /usr/lib/x86_64-linux-gnu/libatk-1.0.so.0.22810.1
7f33c0dfb000-7f33c0ffb000 ---p 00022000 08:03 2758636                    /usr/lib/x86_64-linux-gnu/libatk-1.0.so.0.22810.1
7f33c0ffb000-7f33c0ffe000 r--p 00022000 08:03 2758636                    /usr/lib/x86_64-linux-gnu/libatk-1.0.so.0.22810.1
7f33c0ffe000-7f33c0fff000 rw-p 00025000 08:03 2758636                    /usr/lib/x86_64-linux-gnu/libatk-1.0.so.0.22810.1
7f33c0fff000-7f33c4000000 rw-p 00000000 00:00 0 
7f33c4000000-7f33c4021000 rw-p 00000000 00:00 0 
7f33c4021000-7f33c8000000 ---p 00000000 00:00 0 
7f33c8000000-7f33c8021000 rw-p 00000000 00:00 0 
7f33c8021000-7f33cc000000 ---p 00000000 00:00 0 
7f33cc000000-7f33cc021000 rw-p 00000000 00:00 0 
7f33cc021000-7f33d0000000 ---p 00000000 00:00 0 
7f33d0000000-7f33d0021000 rw-p 00000000 00:00 0 
7f33d0021000-7f33d4000000 ---p 00000000 00:00 0 
7f33d4000000-7f33d413c000 rw-p 00000000 00:00 0 
7f33d413c000-7f33d8000000 ---p 00000000 00:00 0 
7f33d8000000-7f33d8304000 rw-p 00000000 00:00 0 
7f33d8304000-7f33dc000000 ---p 00000000 00:00 0 
7f33dc000000-7f33dc021000 rw-p 00000000 00:00 0 
7f33dc021000-7f33e0000000 ---p 00000000 00:00 0 
7f33e0000000-7f33e0069000 rw-p 00000000 00:00 0 
7f33e0069000-7f33e4000000 ---p 00000000 00:00 0 
7f33e4000000-7f33e4021000 rw-p 00000000 00:00 0 
7f33e4021000-7f33e8000000 ---p 00000000 00:00 0 
7f33e8000000-7f33e8021000 rw-p 00000000 00:00 0 
7f33e8021000-7f33ec000000 ---p 00000000 00:00 0 
7f33ec000000-7f33ec021000 rw-p 00000000 00:00 0 
7f33ec021000-7f33f0000000 ---p 00000000 00:00 0 
7f33f00f4000-7f33f010b000 r-xp 00000000 08:03 7340829                    /usr/lib/x86_64-linux-gnu/jni/libatk-wrapper.so.6.0.0
7f33f010b000-7f33f030b000 ---p 00017000 08:03 7340829                    /usr/lib/x86_64-linux-gnu/jni/libatk-wrapper.so.6.0.0
7f33f030b000-7f33f030c000 r--p 00017000 08:03 7340829                    /usr/lib/x86_64-linux-gnu/jni/libatk-wrapper.so.6.0.0
7f33f030c000-7f33f030d000 rw-p 00018000 08:03 7340829                    /usr/lib/x86_64-linux-gnu/jni/libatk-wrapper.so.6.0.0
7f33f030d000-7f33f0323000 r-xp 00000000 08:03 4598857                    /usr/lib/jvm/java-8-openjdk-amd64/jre/lib/amd64/libnet.so
7f33f0323000-7f33f0523000 ---p 00016000 08:03 4598857                    /usr/lib/jvm/java-8-openjdk-amd64/jre/lib/amd64/libnet.so
7f33f0523000-7f33f0524000 r--p 00016000 08:03 4598857                    /usr/lib/jvm/java-8-openjdk-amd64/jre/lib/amd64/libnet.so
7f33f0524000-7f33f0525000 rw-p 00017000 08:03 4598857                    /usr/lib/jvm/java-8-openjdk-amd64/jre/lib/amd64/libnet.so
7f33f0525000-7f33f0536000 r-xp 00000000 08:03 4598858                    /usr/lib/jvm/java-8-openjdk-amd64/jre/lib/amd64/libnio.so
7f33f0536000-7f33f0736000 ---p 00011000 08:03 4598858                    /usr/lib/jvm/java-8-openjdk-amd64/jre/lib/amd64/libnio.so
7f33f0736000-7f33f0737000 r--p 00011000 08:03 4598858                    /usr/lib/jvm/java-8-openjdk-amd64/jre/lib/amd64/libnio.so
7f33f0737000-7f33f0738000 rw-p 00012000 08:03 4598858                    /usr/lib/jvm/java-8-openjdk-amd64/jre/lib/amd64/libnio.so
7f33f0738000-7f33f073b000 ---p 00000000 00:00 0 
7f33f073b000-7f33f0839000 rw-p 00000000 00:00 0 
7f33f0839000-7f33f083e000 r-xp 00000000 08:03 2758752                    /usr/lib/x86_64-linux-gnu/libXfixes.so.3.1.0
7f33f083e000-7f33f0a3d000 ---p 00005000 08:03 2758752                    /usr/lib/x86_64-linux-gnu/libXfixes.so.3.1.0
7f33f0a3d000-7f33f0a3e000 r--p 00004000 08:03 2758752                    /usr/lib/x86_64-linux-gnu/libXfixes.so.3.1.0
7f33f0a3e000-7f33f0a3f000 rw-p 00005000 08:03 2758752                    /usr/lib/x86_64-linux-gnu/libXfixes.so.3.1.0
7f33f0a3f000-7f33f0a48000 r-xp 00000000 08:03 2758870                    /usr/lib/x86_64-linux-gnu/libXcursor.so.1.0.2
7f33f0a48000-7f33f0c47000 ---p 00009000 08:03 2758870                    /usr/lib/x86_64-linux-gnu/libXcursor.so.1.0.2
7f33f0c47000-7f33f0c48000 r--p 00008000 08:03 2758870                    /usr/lib/x86_64-linux-gnu/libXcursor.so.1.0.2
7f33f0c48000-7f33f0c49000 rw-p 00009000 08:03 2758870                    /usr/lib/x86_64-linux-gnu/libXcursor.so.1.0.2
7f33f0c49000-7f33f0c4c000 ---p 00000000 00:00 0 
7f33f0c4c000-7f33f0d4a000 rw-p 00000000 00:00 0 
7f33f0d4a000-7f33f0d7b000 r-xp 00000000 08:03 2755459                    /usr/lib/x86_64-linux-gnu/libpng16.so.16.34.0
7f33f0d7b000-7f33f0f7a000 ---p 00031000 08:03 2755459                    /usr/lib/x86_64-linux-gnu/libpng16.so.16.34.0
7f33f0f7a000-7f33f0f7b000 r--p 00030000 08:03 2755459                    /usr/lib/x86_64-linux-gnu/libpng16.so.16.34.0
7f33f0f7b000-7f33f0f7c000 rw-p 00031000 08:03 2755459                    /usr/lib/x86_64-linux-gnu/libpng16.so.16.34.0
7f33f0f7c000-7f33f1029000 r-xp 00000000 08:03 2753097                    /usr/lib/x86_64-linux-gnu/libfreetype.so.6.15.0
7f33f1029000-7f33f1228000 ---p 000ad000 08:03 2753097                    /usr/lib/x86_64-linux-gnu/libfreetype.so.6.15.0
7f33f1228000-7f33f122f000 r--p 000ac000 08:03 2753097                    /usr/lib/x86_64-linux-gnu/libfreetype.so.6.15.0
7f33f122f000-7f33f1230000 rw-p 000b3000 08:03 2753097                    /usr/lib/x86_64-linux-gnu/libfreetype.so.6.15.0
7f33f1230000-7f33f1281000 r-xp 00000000 08:03 4598839                    /usr/lib/jvm/java-8-openjdk-amd64/jre/lib/amd64/libfontmanager.so
7f33f1281000-7f33f1481000 ---p 00051000 08:03 4598839                    /usr/lib/jvm/java-8-openjdk-amd64/jre/lib/amd64/libfontmanager.so
7f33f1481000-7f33f1483000 r--p 00051000 08:03 4598839                    /usr/lib/jvm/java-8-openjdk-amd64/jre/lib/amd64/libfontmanager.so
7f33f1483000-7f33f1484000 rw-p 00053000 08:03 4598839                    /usr/lib/jvm/java-8-openjdk-amd64/jre/lib/amd64/libfontmanager.so
7f33f1484000-7f33f1497000 r-xp 00000000 08:03 3671722                    /lib/x86_64-linux-gnu/libbsd.so.0.8.7
7f33f1497000-7f33f1696000 ---p 00013000 08:03 3671722                    /lib/x86_64-linux-gnu/libbsd.so.0.8.7
7f33f1696000-7f33f1697000 r--p 00012000 08:03 3671722                    /lib/x86_64-linux-gnu/libbsd.so.0.8.7
7f33f1697000-7f33f1698000 rw-p 00013000 08:03 3671722                    /lib/x86_64-linux-gnu/libbsd.so.0.8.7
7f33f1698000-7f33f1699000 rw-p 00000000 00:00 0 
7f33f1699000-7f33f169e000 r-xp 00000000 08:03 2756816                    /usr/lib/x86_64-linux-gnu/libXdmcp.so.6.0.0
7f33f169e000-7f33f189d000 ---p 00005000 08:03 2756816                    /usr/lib/x86_64-linux-gnu/libXdmcp.so.6.0.0
7f33f189d000-7f33f189e000 r--p 00004000 08:03 2756816                    /usr/lib/x86_64-linux-gnu/libXdmcp.so.6.0.0
7f33f189e000-7f33f189f000 rw-p 00005000 08:03 2756816                    /usr/lib/x86_64-linux-gnu/libXdmcp.so.6.0.0
7f33f189f000-7f33f18a1000 r-xp 00000000 08:03 2760458                    /usr/lib/x86_64-linux-gnu/libXau.so.6.0.0
7f33f18a1000-7f33f1aa1000 ---p 00002000 08:03 2760458                    /usr/lib/x86_64-linux-gnu/libXau.so.6.0.0
7f33f1aa1000-7f33f1aa2000 r--p 00002000 08:03 2760458                    /usr/lib/x86_64-linux-gnu/libXau.so.6.0.0
7f33f1aa2000-7f33f1aa3000 rw-p 00003000 08:03 2760458                    /usr/lib/x86_64-linux-gnu/libXau.so.6.0.0
7f33f1aa3000-7f33f1ac9000 r-xp 00000000 08:03 2753851                    /usr/lib/x86_64-linux-gnu/libxcb.so.1.1.0
7f33f1ac9000-7f33f1cc9000 ---p 00026000 08:03 2753851                    /usr/lib/x86_64-linux-gnu/libxcb.so.1.1.0
7f33f1cc9000-7f33f1cca000 r--p 00026000 08:03 2753851                    /usr/lib/x86_64-linux-gnu/libxcb.so.1.1.0
7f33f1cca000-7f33f1ccb000 rw-p 00027000 08:03 2753851                    /usr/lib/x86_64-linux-gnu/libxcb.so.1.1.0
7f33f1ccb000-7f33f1cda000 r-xp 00000000 08:03 2758758                    /usr/lib/x86_64-linux-gnu/libXi.so.6.1.0
7f33f1cda000-7f33f1ed9000 ---p 0000f000 08:03 2758758                    /usr/lib/x86_64-linux-gnu/libXi.so.6.1.0
7f33f1ed9000-7f33f1eda000 r--p 0000e000 08:03 2758758                    /usr/lib/x86_64-linux-gnu/libXi.so.6.1.0
7f33f1eda000-7f33f1edb000 rw-p 0000f000 08:03 2758758                    /usr/lib/x86_64-linux-gnu/libXi.so.6.1.0
7f33f1edb000-7f33f1ee0000 r-xp 00000000 08:03 2758863                    /usr/lib/x86_64-linux-gnu/libXtst.so.6.1.0
7f33f1ee0000-7f33f20df000 ---p 00005000 08:03 2758863                    /usr/lib/x86_64-linux-gnu/libXtst.so.6.1.0
7f33f20df000-7f33f20e0000 r--p 00004000 08:03 2758863                    /usr/lib/x86_64-linux-gnu/libXtst.so.6.1.0
7f33f20e0000-7f33f20e1000 rw-p 00005000 08:03 2758863                    /usr/lib/x86_64-linux-gnu/libXtst.so.6.1.0
7f33f20e1000-7f33f20ea000 r-xp 00000000 08:03 2758484                    /usr/lib/x86_64-linux-gnu/libXrender.so.1.3.0
7f33f20ea000-7f33f22e9000 ---p 00009000 08:03 2758484                    /usr/lib/x86_64-linux-gnu/libXrender.so.1.3.0
7f33f22e9000-7f33f22ea000 r--p 00008000 08:03 2758484                    /usr/lib/x86_64-linux-gnu/libXrender.so.1.3.0
7f33f22ea000-7f33f22eb000 rw-p 00009000 08:03 2758484                    /usr/lib/x86_64-linux-gnu/libXrender.so.1.3.0
7f33f22eb000-7f33f241f000 r-xp 00000000 08:03 2757342                    /usr/lib/x86_64-linux-gnu/libX11.so.6.3.0
7f33f241f000-7f33f261f000 ---p 00134000 08:03 2757342                    /usr/lib/x86_64-linux-gnu/libX11.so.6.3.0
7f33f261f000-7f33f2620000 r--p 00134000 08:03 2757342                    /usr/lib/x86_64-linux-gnu/libX11.so.6.3.0
7f33f2620000-7f33f2624000 rw-p 00135000 08:03 2757342                    /usr/lib/x86_64-linux-gnu/libX11.so.6.3.0
7f33f2624000-7f33f2635000 r-xp 00000000 08:03 2760471                    /usr/lib/x86_64-linux-gnu/libXext.so.6.4.0
7f33f2635000-7f33f2834000 ---p 00011000 08:03 2760471                    /usr/lib/x86_64-linux-gnu/libXext.so.6.4.0
7f33f2834000-7f33f2835000 r--p 00010000 08:03 2760471                    /usr/lib/x86_64-linux-gnu/libXext.so.6.4.0
7f33f2835000-7f33f2836000 rw-p 00011000 08:03 2760471                    /usr/lib/x86_64-linux-gnu/libXext.so.6.4.0
7f33f2836000-7f33f288a000 r-xp 00000000 08:03 4598837                    /usr/lib/jvm/java-8-openjdk-amd64/jre/lib/amd64/libawt_xawt.so
7f33f288a000-7f33f2a89000 ---p 00054000 08:03 4598837                    /usr/lib/jvm/java-8-openjdk-amd64/jre/lib/amd64/libawt_xawt.so
7f33f2a89000-7f33f2a8a000 r--p 00053000 08:03 4598837                    /usr/lib/jvm/java-8-openjdk-amd64/jre/lib/amd64/libawt_xawt.so
7f33f2a8a000-7f33f2a8d000 rw-p 00054000 08:03 4598837                    /usr/lib/jvm/java-8-openjdk-amd64/jre/lib/amd64/libawt_xawt.so
7f33f2a8d000-7f33f2a8e000 rw-p 00000000 00:00 0 
7f33f2a8e000-7f33f2b2e000 r-xp 00000000 08:03 4598835                    /usr/lib/jvm/java-8-openjdk-amd64/jre/lib/amd64/libawt.so
7f33f2b2e000-7f33f2d2d000 ---p 000a0000 08:03 4598835                    /usr/lib/jvm/java-8-openjdk-amd64/jre/lib/amd64/libawt.so
7f33f2d2d000-7f33f2d2e000 r--p 0009f000 08:03 4598835                    /usr/lib/jvm/java-8-openjdk-amd64/jre/lib/amd64/libawt.so
7f33f2d2e000-7f33f2d39000 rw-p 000a0000 08:03 4598835                    /usr/lib/jvm/java-8-openjdk-amd64/jre/lib/amd64/libawt.so
7f33f2d39000-7f33f2d5e000 rw-p 00000000 00:00 0 
7f33f2d5e000-7f33f2d5f000 ---p 00000000 00:00 0 
7f33f2d5f000-7f33f2e5f000 rw-p 00000000 00:00 0 
7f33f2e5f000-7f33f2e62000 ---p 00000000 00:00 0 
7f33f2e62000-7f33f2f60000 rw-p 00000000 00:00 0 
7f33f2f60000-7f33f2f61000 ---p 00000000 00:00 0 
7f33f2f61000-7f33f2f64000 ---p 00000000 00:00 0 
7f33f2f64000-7f33f3061000 rw-p 00000000 00:00 0 
7f33f3061000-7f33f3062000 ---p 00000000 00:00 0 
7f33f3062000-7f33f3065000 ---p 00000000 00:00 0 
7f33f3065000-7f33f3162000 rw-p 00000000 00:00 0 
7f33f3162000-7f33f3163000 ---p 00000000 00:00 0 
7f33f3163000-7f33f3166000 ---p 00000000 00:00 0 
7f33f3166000-7f33f3263000 rw-p 00000000 00:00 0 
7f33f3263000-7f33f3266000 ---p 00000000 00:00 0 
7f33f3266000-7f33f3364000 rw-p 00000000 00:00 0 
7f33f3364000-7f33f37f8000 r--p 00000000 08:03 2752862                    /usr/lib/locale/locale-archive
7f33f37f8000-7f33f37fb000 ---p 00000000 00:00 0 
7f33f37fb000-7f33f38f9000 rw-p 00000000 00:00 0 
7f33f38f9000-7f33f38fc000 ---p 00000000 00:00 0 
7f33f38fc000-7f33f39fa000 rw-p 00000000 00:00 0 
7f33f39fa000-7f33f39fb000 ---p 00000000 00:00 0 
7f33f39fb000-7f33f4000000 rw-p 00000000 00:00 0 
7f33f4000000-7f33f4021000 rw-p 00000000 00:00 0 
7f33f4021000-7f33f8000000 ---p 00000000 00:00 0 
7f33f8000000-7f33f8021000 rw-p 00000000 00:00 0 
7f33f8021000-7f33fc000000 ---p 00000000 00:00 0 
7f33fc000000-7f33fc021000 rw-p 00000000 00:00 0 
7f33fc021000-7f3400000000 ---p 00000000 00:00 0 
7f340006e000-7f3404000000 rw-p 00000000 00:00 0 
7f3404000000-7f3404021000 rw-p 00000000 00:00 0 
7f3404021000-7f3408000000 ---p 00000000 00:00 0 
7f3408028000-7f340802b000 ---p 00000000 00:00 0 
7f340802b000-7f3408061000 rw-p 00000000 00:00 0 
7f3408061000-7f3408067000 r--s 000f4000 08:03 10755459                   /home/khryo/.m2/repository/org/processing/core/3.3.7/core-3.3.7.jar
7f3408067000-7f340806c000 r--s 00041000 08:03 10755471                   /home/khryo/.m2/repository/org/jbox2d/jbox2d-library/2.2.1.1/jbox2d-library-2.2.1.1.jar
7f340806c000-7f3408071000 r--s 00052000 08:03 10755644                   /home/khryo/Downloads/Box2D-for-Processing-master/Box2D-for-Processing/lib/jbox2d-library-2.2.1-ds.jar
7f3408071000-7f3408076000 r--s 002f9000 08:03 3016787                    /usr/lib/jvm/java-8-openjdk-amd64/jre/lib/charsets.jar
7f3408076000-7f3408078000 r--s 00016000 08:03 3016792                    /usr/lib/jvm/java-8-openjdk-amd64/jre/lib/jce.jar
7f3408078000-7f340807d000 r--s 0009d000 08:03 3016794                    /usr/lib/jvm/java-8-openjdk-amd64/jre/lib/jsse.jar
7f340807d000-7f3408090000 r--s 00346000 08:03 3016798                    /usr/lib/jvm/java-8-openjdk-amd64/jre/lib/resources.jar
7f3408090000-7f34080ab000 r--s 00394000 08:03 5113463                    /usr/lib/jvm/java-8-openjdk-amd64/jre/lib/ext/cldrdata.jar
7f34080ab000-7f34080b1000 r--s 0003b000 08:03 5113639                    /usr/lib/jvm/java-8-openjdk-amd64/jre/lib/ext/sunjce_provider.jar
7f34080b1000-7f34080bb000 r--s 00116000 08:03 5113635                    /usr/lib/jvm/java-8-openjdk-amd64/jre/lib/ext/localedata.jar
7f34080bb000-7f34080bd000 r--s 00001000 08:03 5113465                    /usr/lib/jvm/java-8-openjdk-amd64/jre/lib/ext/dnsns.jar
7f34080bd000-7f34080d8000 r--s 001d6000 08:03 5113636                    /usr/lib/jvm/java-8-openjdk-amd64/jre/lib/ext/nashorn.jar
7f34080d8000-7f3409000000 rw-p 00000000 00:00 0 
7f3409000000-7f3409270000 rwxp 00000000 00:00 0 
7f3409270000-7f3418000000 ---p 00000000 00:00 0 
7f3418000000-7f341841c000 rw-p 00000000 00:00 0 
7f341841c000-7f341c000000 ---p 00000000 00:00 0 
7f341c001000-7f341c003000 r--s 00008000 08:03 5113638                    /usr/lib/jvm/java-8-openjdk-amd64/jre/lib/ext/sunec.jar
7f341c003000-7f341c004000 r--s 0000a000 08:03 5113633                    /usr/lib/jvm/java-8-openjdk-amd64/jre/lib/ext/jaccess.jar
7f341c004000-7f341c005000 r--s 00010000 08:03 5113641                    /usr/lib/jvm/java-8-openjdk-amd64/jre/lib/ext/zipfs.jar
7f341c005000-7f341c008000 r--s 0000f000 08:03 5113632                    /usr/lib/jvm/java-8-openjdk-amd64/jre/lib/ext/icedtea-sound.jar
7f341c008000-7f341c199000 rw-p 00000000 00:00 0 
7f341c199000-7f341c368000 r--s 03c2f000 08:03 3016799                    /usr/lib/jvm/java-8-openjdk-amd64/jre/lib/rt.jar
7f341c368000-7f341c7b7000 rw-p 00000000 00:00 0 
7f341c7b7000-7f341c7b8000 ---p 00000000 00:00 0 
7f341c7b8000-7f341c8b8000 rw-p 00000000 00:00 0 
7f341c8b8000-7f341c8b9000 ---p 00000000 00:00 0 
7f341c8b9000-7f341c9b9000 rw-p 00000000 00:00 0 
7f341c9b9000-7f341c9ba000 ---p 00000000 00:00 0 
7f341c9ba000-7f341caba000 rw-p 00000000 00:00 0 
7f341caba000-7f341cabb000 ---p 00000000 00:00 0 
7f341cabb000-7f341cccb000 rw-p 00000000 00:00 0 
7f341cccb000-7f341ce4c000 ---p 00000000 00:00 0 
7f341ce4c000-7f341cf5c000 rw-p 00000000 00:00 0 
7f341cf5c000-7f341d0dc000 ---p 00000000 00:00 0 
7f341d0dc000-7f341d225000 rw-p 00000000 00:00 0 
7f341d225000-7f341d230000 rw-p 00000000 00:00 0 
7f341d230000-7f341d5e6000 ---p 00000000 00:00 0 
7f341d5e6000-7f341d5ee000 r-xp 00000000 08:03 4598865                    /usr/lib/jvm/java-8-openjdk-amd64/jre/lib/amd64/libzip.so
7f341d5ee000-7f341d7ed000 ---p 00008000 08:03 4598865                    /usr/lib/jvm/java-8-openjdk-amd64/jre/lib/amd64/libzip.so
7f341d7ed000-7f341d7ee000 r--p 00007000 08:03 4598865                    /usr/lib/jvm/java-8-openjdk-amd64/jre/lib/amd64/libzip.so
7f341d7ee000-7f341d7ef000 rw-p 00008000 08:03 4598865                    /usr/lib/jvm/java-8-openjdk-amd64/jre/lib/amd64/libzip.so
7f341d7ef000-7f341d7fa000 r-xp 00000000 08:03 3678400                    /lib/x86_64-linux-gnu/libnss_files-2.27.so
7f341d7fa000-7f341d9f9000 ---p 0000b000 08:03 3678400                    /lib/x86_64-linux-gnu/libnss_files-2.27.so
7f341d9f9000-7f341d9fa000 r--p 0000a000 08:03 3678400                    /lib/x86_64-linux-gnu/libnss_files-2.27.so
7f341d9fa000-7f341d9fb000 rw-p 0000b000 08:03 3678400                    /lib/x86_64-linux-gnu/libnss_files-2.27.so
7f341d9fb000-7f341da01000 rw-p 00000000 00:00 0 
7f341da01000-7f341da18000 r-xp 00000000 08:03 3678397                    /lib/x86_64-linux-gnu/libnsl-2.27.so
7f341da18000-7f341dc17000 ---p 00017000 08:03 3678397                    /lib/x86_64-linux-gnu/libnsl-2.27.so
7f341dc17000-7f341dc18000 r--p 00016000 08:03 3678397                    /lib/x86_64-linux-gnu/libnsl-2.27.so
7f341dc18000-7f341dc19000 rw-p 00017000 08:03 3678397                    /lib/x86_64-linux-gnu/libnsl-2.27.so
7f341dc19000-7f341dc1b000 rw-p 00000000 00:00 0 
7f341dc1b000-7f341dc26000 r-xp 00000000 08:03 3678402                    /lib/x86_64-linux-gnu/libnss_nis-2.27.so
7f341dc26000-7f341de25000 ---p 0000b000 08:03 3678402                    /lib/x86_64-linux-gnu/libnss_nis-2.27.so
7f341de25000-7f341de26000 r--p 0000a000 08:03 3678402                    /lib/x86_64-linux-gnu/libnss_nis-2.27.so
7f341de26000-7f341de27000 rw-p 0000b000 08:03 3678402                    /lib/x86_64-linux-gnu/libnss_nis-2.27.so
7f341de27000-7f341de2f000 r-xp 00000000 08:03 3678398                    /lib/x86_64-linux-gnu/libnss_compat-2.27.so
7f341de2f000-7f341e02f000 ---p 00008000 08:03 3678398                    /lib/x86_64-linux-gnu/libnss_compat-2.27.so
7f341e02f000-7f341e030000 r--p 00008000 08:03 3678398                    /lib/x86_64-linux-gnu/libnss_compat-2.27.so
7f341e030000-7f341e031000 rw-p 00009000 08:03 3678398                    /lib/x86_64-linux-gnu/libnss_compat-2.27.so
7f341e031000-7f341e05f000 r-xp 00000000 08:03 4598846                    /usr/lib/jvm/java-8-openjdk-amd64/jre/lib/amd64/libjava.so
7f341e05f000-7f341e25e000 ---p 0002e000 08:03 4598846                    /usr/lib/jvm/java-8-openjdk-amd64/jre/lib/amd64/libjava.so
7f341e25e000-7f341e25f000 r--p 0002d000 08:03 4598846                    /usr/lib/jvm/java-8-openjdk-amd64/jre/lib/amd64/libjava.so
7f341e25f000-7f341e261000 rw-p 0002e000 08:03 4598846                    /usr/lib/jvm/java-8-openjdk-amd64/jre/lib/amd64/libjava.so
7f341e261000-7f341e271000 r-xp 00000000 08:03 4598864                    /usr/lib/jvm/java-8-openjdk-amd64/jre/lib/amd64/libverify.so
7f341e271000-7f341e470000 ---p 00010000 08:03 4598864                    /usr/lib/jvm/java-8-openjdk-amd64/jre/lib/amd64/libverify.so
7f341e470000-7f341e472000 r--p 0000f000 08:03 4598864                    /usr/lib/jvm/java-8-openjdk-amd64/jre/lib/amd64/libverify.so
7f341e472000-7f341e473000 rw-p 00011000 08:03 4598864                    /usr/lib/jvm/java-8-openjdk-amd64/jre/lib/amd64/libverify.so
7f341e473000-7f341e47a000 r-xp 00000000 08:03 3678407                    /lib/x86_64-linux-gnu/librt-2.27.so
7f341e47a000-7f341e679000 ---p 00007000 08:03 3678407                    /lib/x86_64-linux-gnu/librt-2.27.so
7f341e679000-7f341e67a000 r--p 00006000 08:03 3678407                    /lib/x86_64-linux-gnu/librt-2.27.so
7f341e67a000-7f341e67b000 rw-p 00007000 08:03 3678407                    /lib/x86_64-linux-gnu/librt-2.27.so
7f341e67b000-7f341e692000 r-xp 00000000 08:03 3678385                    /lib/x86_64-linux-gnu/libgcc_s.so.1
7f341e692000-7f341e891000 ---p 00017000 08:03 3678385                    /lib/x86_64-linux-gnu/libgcc_s.so.1
7f341e891000-7f341e892000 r--p 00016000 08:03 3678385                    /lib/x86_64-linux-gnu/libgcc_s.so.1
7f341e892000-7f341e893000 rw-p 00017000 08:03 3678385                    /lib/x86_64-linux-gnu/libgcc_s.so.1
7f341e893000-7f341ea30000 r-xp 00000000 08:03 3678394                    /lib/x86_64-linux-gnu/libm-2.27.so
7f341ea30000-7f341ec2f000 ---p 0019d000 08:03 3678394                    /lib/x86_64-linux-gnu/libm-2.27.so
7f341ec2f000-7f341ec30000 r--p 0019c000 08:03 3678394                    /lib/x86_64-linux-gnu/libm-2.27.so
7f341ec30000-7f341ec31000 rw-p 0019d000 08:03 3678394                    /lib/x86_64-linux-gnu/libm-2.27.so
7f341ec31000-7f341edaf000 r-xp 00000000 08:03 2752570                    /usr/lib/x86_64-linux-gnu/libstdc++.so.6.0.25
7f341edaf000-7f341efaf000 ---p 0017e000 08:03 2752570                    /usr/lib/x86_64-linux-gnu/libstdc++.so.6.0.25
7f341efaf000-7f341efb9000 r--p 0017e000 08:03 2752570                    /usr/lib/x86_64-linux-gnu/libstdc++.so.6.0.25
7f341efb9000-7f341efbb000 rw-p 00188000 08:03 2752570                    /usr/lib/x86_64-linux-gnu/libstdc++.so.6.0.25
7f341efbb000-7f341efbf000 rw-p 00000000 00:00 0 
7f341efbf000-7f341fc50000 r-xp 00000000 08:03 4856678                    /usr/lib/jvm/java-8-openjdk-amd64/jre/lib/amd64/server/libjvm.so
7f341fc50000-7f341fe50000 ---p 00c91000 08:03 4856678                    /usr/lib/jvm/java-8-openjdk-amd64/jre/lib/amd64/server/libjvm.so
7f341fe50000-7f341fee3000 r--p 00c91000 08:03 4856678                    /usr/lib/jvm/java-8-openjdk-amd64/jre/lib/amd64/server/libjvm.so
7f341fee3000-7f341ff0b000 rw-p 00d24000 08:03 4856678                    /usr/lib/jvm/java-8-openjdk-amd64/jre/lib/amd64/server/libjvm.so
7f341ff0b000-7f341ff3c000 rw-p 00000000 00:00 0 
7f341ff3c000-7f341ff56000 r-xp 00000000 08:03 3678405                    /lib/x86_64-linux-gnu/libpthread-2.27.so
7f341ff56000-7f3420155000 ---p 0001a000 08:03 3678405                    /lib/x86_64-linux-gnu/libpthread-2.27.so
7f3420155000-7f3420156000 r--p 00019000 08:03 3678405                    /lib/x86_64-linux-gnu/libpthread-2.27.so
7f3420156000-7f3420157000 rw-p 0001a000 08:03 3678405                    /lib/x86_64-linux-gnu/libpthread-2.27.so
7f3420157000-7f342015b000 rw-p 00000000 00:00 0 
7f342015b000-7f342015e000 r-xp 00000000 08:03 3678393                    /lib/x86_64-linux-gnu/libdl-2.27.so
7f342015e000-7f342035d000 ---p 00003000 08:03 3678393                    /lib/x86_64-linux-gnu/libdl-2.27.so
7f342035d000-7f342035e000 r--p 00002000 08:03 3678393                    /lib/x86_64-linux-gnu/libdl-2.27.so
7f342035e000-7f342035f000 rw-p 00003000 08:03 3678393                    /lib/x86_64-linux-gnu/libdl-2.27.so
7f342035f000-7f342037b000 r-xp 00000000 08:03 3674607                    /lib/x86_64-linux-gnu/libz.so.1.2.11
7f342037b000-7f342057a000 ---p 0001c000 08:03 3674607                    /lib/x86_64-linux-gnu/libz.so.1.2.11
7f342057a000-7f342057b000 r--p 0001b000 08:03 3674607                    /lib/x86_64-linux-gnu/libz.so.1.2.11
7f342057b000-7f342057c000 rw-p 0001c000 08:03 3674607                    /lib/x86_64-linux-gnu/libz.so.1.2.11
7f342057c000-7f3420763000 r-xp 00000000 08:03 3678390                    /lib/x86_64-linux-gnu/libc-2.27.so
7f3420763000-7f3420963000 ---p 001e7000 08:03 3678390                    /lib/x86_64-linux-gnu/libc-2.27.so
7f3420963000-7f3420967000 r--p 001e7000 08:03 3678390                    /lib/x86_64-linux-gnu/libc-2.27.so
7f3420967000-7f3420969000 rw-p 001eb000 08:03 3678390                    /lib/x86_64-linux-gnu/libc-2.27.so
7f3420969000-7f342096d000 rw-p 00000000 00:00 0 
7f342096d000-7f342097b000 r-xp 00000000 08:03 4722397                    /usr/lib/jvm/java-8-openjdk-amd64/jre/lib/amd64/jli/libjli.so
7f342097b000-7f3420b7a000 ---p 0000e000 08:03 4722397                    /usr/lib/jvm/java-8-openjdk-amd64/jre/lib/amd64/jli/libjli.so
7f3420b7a000-7f3420b7b000 r--p 0000d000 08:03 4722397                    /usr/lib/jvm/java-8-openjdk-amd64/jre/lib/amd64/jli/libjli.so
7f3420b7b000-7f3420b7c000 rw-p 0000e000 08:03 4722397                    /usr/lib/jvm/java-8-openjdk-amd64/jre/lib/amd64/jli/libjli.so
7f3420b7c000-7f3420ba3000 r-xp 00000000 08:03 3674177                    /lib/x86_64-linux-gnu/ld-2.27.so
7f3420ba3000-7f3420ba5000 r--s 00007000 08:03 3285473                    /usr/share/java/java-atk-wrapper.jar
7f3420ba5000-7f3420ba8000 r--s 00038000 08:03 5113640                    /usr/lib/jvm/java-8-openjdk-amd64/jre/lib/ext/sunpkcs11.jar
7f3420ba8000-7f3420c73000 rw-p 00000000 00:00 0 
7f3420c73000-7f3420c74000 ---p 00000000 00:00 0 
7f3420c74000-7f3420c77000 ---p 00000000 00:00 0 
7f3420c77000-7f3420d97000 rw-p 00000000 00:00 0 
7f3420d97000-7f3420d9f000 rw-s 00000000 08:03 5505410                    /tmp/hsperfdata_khryo/2218
7f3420d9f000-7f3420da0000 rw-p 00000000 00:00 0 
7f3420da0000-7f3420da1000 ---p 00000000 00:00 0 
7f3420da1000-7f3420da3000 rw-p 00000000 00:00 0 
7f3420da3000-7f3420da4000 r--p 00027000 08:03 3674177                    /lib/x86_64-linux-gnu/ld-2.27.so
7f3420da4000-7f3420da5000 rw-p 00028000 08:03 3674177                    /lib/x86_64-linux-gnu/ld-2.27.so
7f3420da5000-7f3420da6000 rw-p 00000000 00:00 0 
7fff5d0bb000-7fff5d0dc000 rw-p 00000000 00:00 0                          [stack]
7fff5d1ae000-7fff5d1b1000 r--p 00000000 00:00 0                          [vvar]
7fff5d1b1000-7fff5d1b3000 r-xp 00000000 00:00 0                          [vdso]
ffffffffff600000-ffffffffff601000 r-xp 00000000 00:00 0                  [vsyscall]

VM Arguments:
jvm_args: -Dfile.encoding=UTF-8 
java_command: tanktrouble.GameMaster
java_class_path (initial): /usr/lib/jvm/java-8-openjdk-amd64/jre/lib/resources.jar:/usr/lib/jvm/java-8-openjdk-amd64/jre/lib/rt.jar:/usr/lib/jvm/java-8-openjdk-amd64/jre/lib/jsse.jar:/usr/lib/jvm/java-8-openjdk-amd64/jre/lib/jce.jar:/usr/lib/jvm/java-8-openjdk-amd64/jre/lib/charsets.jar:/usr/lib/jvm/java-8-openjdk-amd64/jre/lib/ext/sunpkcs11.jar:/usr/lib/jvm/java-8-openjdk-amd64/jre/lib/ext/icedtea-sound.jar:/usr/lib/jvm/java-8-openjdk-amd64/jre/lib/ext/nashorn.jar:/usr/lib/jvm/java-8-openjdk-amd64/jre/lib/ext/java-atk-wrapper.jar:/usr/lib/jvm/java-8-openjdk-amd64/jre/lib/ext/zipfs.jar:/usr/lib/jvm/java-8-openjdk-amd64/jre/lib/ext/jaccess.jar:/usr/lib/jvm/java-8-openjdk-amd64/jre/lib/ext/sunec.jar:/usr/lib/jvm/java-8-openjdk-amd64/jre/lib/ext/dnsns.jar:/usr/lib/jvm/java-8-openjdk-amd64/jre/lib/ext/localedata.jar:/usr/lib/jvm/java-8-openjdk-amd64/jre/lib/ext/sunjce_provider.jar:/usr/lib/jvm/java-8-openjdk-amd64/jre/lib/ext/cldrdata.jar:/home/khryo/Desktop/00/18/Docs/USACO/tanktrouble/target/classes:/home/khryo/Downloads/Box2D-for-Processing-master/Box2D-for-Processing/lib/jbox2d-library-2.2.1-ds.jar:/home/khryo/.m2/repository/org/jbox2d/jbox2d-library/2.2.1.1/jbox2d-library-2.2.1.1.jar:/home/khryo/.m2/repository/org/processing/core/3.3.7/core-3.3.7.jar
Launcher Type: SUN_STANDARD

Environment Variables:
PATH=/home/khryo/bin:/home/khryo/.local/bin:/usr/local/sbin:/usr/local/bin:/usr/sbin:/usr/bin:/sbin:/bin:/usr/games:/usr/local/games:/snap/bin
USERNAME=khryo
SHELL=/bin/bash
DISPLAY=:0

Signal Handlers:
SIGSEGV: [libjvm.so+0xaabcd0], sa_mask[0]=11111111011111111101111111111110, sa_flags=SA_RESTART|SA_SIGINFO
SIGBUS: [libjvm.so+0xaabcd0], sa_mask[0]=11111111011111111101111111111110, sa_flags=SA_RESTART|SA_SIGINFO
SIGFPE: [libjvm.so+0x8e1d50], sa_mask[0]=11111111011111111101111111111110, sa_flags=SA_RESTART|SA_SIGINFO
SIGPIPE: [libjvm.so+0x8e1d50], sa_mask[0]=11111111011111111101111111111110, sa_flags=SA_RESTART|SA_SIGINFO
SIGXFSZ: [libjvm.so+0x8e1d50], sa_mask[0]=11111111011111111101111111111110, sa_flags=SA_RESTART|SA_SIGINFO
SIGILL: [libjvm.so+0x8e1d50], sa_mask[0]=11111111011111111101111111111110, sa_flags=SA_RESTART|SA_SIGINFO
SIGUSR1: SIG_DFL, sa_mask[0]=00000000000000000000000000000000, sa_flags=none
SIGUSR2: [libjvm.so+0x8e1c00], sa_mask[0]=00100000000000000000000000000000, sa_flags=SA_RESTART|SA_SIGINFO
SIGHUP: [libjvm.so+0x8e20b0], sa_mask[0]=11111111011111111101111111111110, sa_flags=SA_RESTART|SA_SIGINFO
SIGINT: [libjvm.so+0x8e20b0], sa_mask[0]=11111111011111111101111111111110, sa_flags=SA_RESTART|SA_SIGINFO
SIGTERM: [libjvm.so+0x8e20b0], sa_mask[0]=11111111011111111101111111111110, sa_flags=SA_RESTART|SA_SIGINFO
SIGQUIT: [libjvm.so+0x8e20b0], sa_mask[0]=11111111011111111101111111111110, sa_flags=SA_RESTART|SA_SIGINFO


---------------  S Y S T E M  ---------------

OS:DISTRIB_ID=Ubuntu
DISTRIB_RELEASE=18.04
DISTRIB_CODENAME=bionic
DISTRIB_DESCRIPTION="Ubuntu 18.04 LTS"

uname:Linux 4.15.0-20-generic #21-Ubuntu SMP Tue Apr 24 06:16:15 UTC 2018 x86_64
libc:glibc 2.27 NPTL 2.27 
rlimit: STACK 8192k, CORE 0k, NPROC 29962, NOFILE 1048576, AS infinity
load average:11.74 3.95 2.11

/proc/meminfo:
MemTotal:        8068988 kB
MemFree:          109196 kB
MemAvailable:      13288 kB
Buffers:             796 kB
Cached:           861848 kB
SwapCached:            0 kB
Active:          6775840 kB
Inactive:         822128 kB
Active(anon):    6766580 kB
Inactive(anon):   809368 kB
Active(file):       9260 kB
Inactive(file):    12760 kB
Unevictable:         424 kB
Mlocked:             424 kB
SwapTotal:             0 kB
SwapFree:              0 kB
Dirty:                76 kB
Writeback:             0 kB
AnonPages:       6736044 kB
Mapped:           336272 kB
Shmem:            840328 kB
Slab:             140748 kB
SReclaimable:      65988 kB
SUnreclaim:        74760 kB
KernelStack:       20032 kB
PageTables:       104844 kB
NFS_Unstable:          0 kB
Bounce:                0 kB
WritebackTmp:          0 kB
CommitLimit:     4034492 kB
Committed_AS:   18012876 kB
VmallocTotal:   34359738367 kB
VmallocUsed:           0 kB
VmallocChunk:          0 kB
HardwareCorrupted:     0 kB
AnonHugePages:         0 kB
ShmemHugePages:        0 kB
ShmemPmdMapped:        0 kB
CmaTotal:              0 kB
CmaFree:               0 kB
HugePages_Total:       0
HugePages_Free:        0
HugePages_Rsvd:        0
HugePages_Surp:        0
Hugepagesize:       2048 kB
DirectMap4k:      461612 kB
DirectMap2M:     7827456 kB
DirectMap1G:           0 kB


CPU:total 4 (initial active 4) (2 cores per cpu, 2 threads per core) family 6 model 61 stepping 4, cmov, cx8, fxsr, mmx, sse, sse2, sse3, ssse3, sse4.1, sse4.2, popcnt, avx, avx2, aes, clmul, erms, rtm, 3dnowpref, lzcnt, ht, tsc, tscinvbit, bmi1, bmi2, adx

/proc/cpuinfo:
processor	: 0
vendor_id	: GenuineIntel
cpu family	: 6
model		: 61
model name	: Intel(R) Core(TM) i7-5650U CPU @ 2.20GHz
stepping	: 4
microcode	: 0x21
cpu MHz		: 3100.130
cache size	: 4096 KB
physical id	: 0
siblings	: 4
core id		: 0
cpu cores	: 2
apicid		: 0
initial apicid	: 0
fpu		: yes
fpu_exception	: yes
cpuid level	: 20
wp		: yes
flags		: fpu vme de pse tsc msr pae mce cx8 apic sep mtrr pge mca cmov pat pse36 clflush dts acpi mmx fxsr sse sse2 ss ht tm pbe syscall nx pdpe1gb rdtscp lm constant_tsc arch_perfmon pebs bts rep_good nopl xtopology nonstop_tsc cpuid aperfmperf pni pclmulqdq dtes64 monitor ds_cpl vmx smx est tm2 ssse3 sdbg fma cx16 xtpr pdcm pcid sse4_1 sse4_2 x2apic movbe popcnt aes xsave avx f16c rdrand lahf_lm abm 3dnowprefetch cpuid_fault epb invpcid_single pti tpr_shadow vnmi flexpriority ept vpid fsgsbase tsc_adjust bmi1 hle avx2 smep bmi2 erms invpcid rtm rdseed adx smap intel_pt xsaveopt dtherm ida arat pln pts
bugs		: cpu_meltdown spectre_v1 spectre_v2
bogomips	: 4400.18
clflush size	: 64
cache_alignment	: 64
address sizes	: 39 bits physical, 48 bits virtual
power management:

processor	: 1
vendor_id	: GenuineIntel
cpu family	: 6
model		: 61
model name	: Intel(R) Core(TM) i7-5650U CPU @ 2.20GHz
stepping	: 4
microcode	: 0x21
cpu MHz		: 3100.130
cache size	: 4096 KB
physical id	: 0
siblings	: 4
core id		: 1
cpu cores	: 6
apicid		: 2
initial apicid	: 2
fpu		: yes
fpu_exception	: yes
cpuid level	: 20
wp		: yes
flags		: fpu vme de pse tsc msr pae mce cx8 apic sep mtrr pge mca cmov pat pse36 clflush dts acpi mmx fxsr sse sse2 ss ht tm pbe syscall nx pdpe1gb rdtscp lm constant_tsc arch_perfmon pebs bts rep_good nopl xtopology nonstop_tsc cpuid aperfmperf pni pclmulqdq dtes64 monitor ds_cpl vmx smx est tm2 ssse3 sdbg fma cx16 xtpr pdcm pcid sse4_1 sse4_2 x2apic movbe popcnt aes xsave avx f16c rdrand lahf_lm abm 3dnowprefetch cpuid_fault epb invpcid_single pti tpr_shadow vnmi flexpriority ept vpid fsgsbase tsc_adjust bmi1 hle avx2 smep bmi2 erms invpcid rtm rdseed adx smap intel_pt xsaveopt dtherm ida arat pln pts
bugs		: cpu_meltdown spectre_v1 spectre_v2
bogomips	: 4400.18
clflush size	: 64
cache_alignment	: 64
address sizes	: 39 bits physical, 48 bits virtual
power management:

processor	: 2
vendor_id	: GenuineIntel
cpu family	: 6
model		: 61
model name	: Intel(R) Core(TM) i7-5650U CPU @ 2.20GHz
stepping	: 4
microcode	: 0x21
cpu MHz		: 3100.133
cache size	: 4096 KB
physical id	: 0
siblings	: 4
core id		: 0
cpu cores	: 2
apicid		: 1
initial apicid	: 1
fpu		: yes
fpu_exception	: yes
cpuid level	: 20
wp		: yes
flags		: fpu vme de pse tsc msr pae mce cx8 apic sep mtrr pge mca cmov pat pse36 clflush dts acpi mmx fxsr sse sse2 ss ht tm pbe syscall nx pdpe1gb rdtscp lm constant_tsc arch_perfmon pebs bts rep_good nopl xtopology nonstop_tsc cpuid aperfmperf pni pclmulqdq dtes64 monitor ds_cpl vmx smx est tm2 ssse3 sdbg fma cx16 xtpr pdcm pcid sse4_1 sse4_2 x2apic movbe popcnt aes xsave avx f16c rdrand lahf_lm abm 3dnowprefetch cpuid_fault epb invpcid_single pti tpr_shadow vnmi flexpriority ept vpid fsgsbase tsc_adjust bmi1 hle avx2 smep bmi2 erms invpcid rtm rdseed adx smap intel_pt xsaveopt dtherm ida arat pln pts
bugs		: cpu_meltdown spectre_v1 spectre_v2
bogomips	: 4400.18
clflush size	: 64
cache_alignment	: 64
address sizes	: 39 bits physical, 48 bits virtual
power management:

processor	: 3
vendor_id	: GenuineIntel
cpu family	: 6
model		: 61
model name	: Intel(R) Core(TM) i7-5650U CPU @ 2.20GHz
stepping	: 4
microcode	: 0x21
cpu MHz		: 3100.127
cache size	: 4096 KB
physical id	: 0
siblings	: 4
core id		: 1
cpu cores	: 2
apicid		: 3
initial apicid	: 3
fpu		: yes
fpu_exception	: yes
cpuid level	: 20
wp		: yes
flags		: fpu vme de pse tsc msr pae mce cx8 apic sep mtrr pge mca cmov pat pse36 clflush dts acpi mmx fxsr sse sse2 ss ht tm pbe syscall nx pdpe1gb rdtscp lm constant_tsc arch_perfmon pebs bts rep_good nopl xtopology nonstop_tsc cpuid aperfmperf pni pclmulqdq dtes64 monitor ds_cpl vmx smx est tm2 ssse3 sdbg fma cx16 xtpr pdcm pcid sse4_1 sse4_2 x2apic movbe popcnt aes xsave avx f16c rdrand lahf_lm abm 3dnowprefetch cpuid_fault epb invpcid_single pti tpr_shadow vnmi flexpriority ept vpid fsgsbase tsc_adjust bmi1 hle avx2 smep bmi2 erms invpcid rtm rdseed adx smap intel_pt xsaveopt dtherm ida arat pln pts
bugs		: cpu_meltdown spectre_v1 spectre_v2
bogomips	: 4400.18
clflush size	: 64
cache_alignment	: 64
address sizes	: 39 bits physical, 48 bits virtual
power management:



Memory: 4k page, physical 8068988k(106224k free), swap 0k(0k free)

vm_info: OpenJDK 64-Bit Server VM (25.171-b11) for linux-amd64 JRE (1.8.0_171-8u171-b11-0ubuntu0.18.04.1-b11), built on Apr 26 2018 15:59:34 by "buildd" with gcc 7.3.0

time: Mon May 21 10:46:13 2018
elapsed time: 29 seconds (0d 0h 0m 29s)

