#
# There is insufficient memory for the Java Runtime Environment to continue.
# Native memory allocation (mmap) failed to map 289931264 bytes for committing reserved memory.
# Possible reasons:
#   The system is out of physical RAM or swap space
#   In 32 bit mode, the process size limit was hit
# Possible solutions:
#   Reduce memory load on the system
#   Increase physical memory or swap space
#   Check if swap backing store is full
#   Use 64 bit Java on a 64 bit OS
#   Decrease Java heap size (-Xmx/-Xms)
#   Decrease number of Java threads
#   Decrease Java thread stack sizes (-Xss)
#   Set larger code cache with -XX:ReservedCodeCacheSize=
# This output file may be truncated or incomplete.
#
#  Out of Memory Error (os_linux.cpp:2643), pid=2532, tid=0x00007fa3eb562700
#
# JRE version: OpenJDK Runtime Environment (8.0_171-b11) (build 1.8.0_171-8u171-b11-0ubuntu0.18.04.1-b11)
# Java VM: OpenJDK 64-Bit Server VM (25.171-b11 mixed mode linux-amd64 compressed oops)
# Failed to write core dump. Core dumps have been disabled. To enable core dumping, try "ulimit -c unlimited" before starting Java again
#

---------------  T H R E A D  ---------------

Current thread (0x00007fa410079800):  VMThread [stack: 0x00007fa3eb463000,0x00007fa3eb563000] [id=2544]

Stack: [0x00007fa3eb463000,0x00007fa3eb563000],  sp=0x00007fa3eb561440,  free space=1017k
Native frames: (J=compiled Java code, j=interpreted, Vv=VM code, C=native code)
V  [libjvm.so+0xaab382]
V  [libjvm.so+0x4d79a7]
V  [libjvm.so+0x8e66c0]
V  [libjvm.so+0x8e0c1e]
V  [libjvm.so+0x961436]
V  [libjvm.so+0x9500aa]
V  [libjvm.so+0x950278]
V  [libjvm.so+0x950e80]
V  [libjvm.so+0x95721c]
V  [libjvm.so+0x95f305]
V  [libjvm.so+0x90d978]
V  [libjvm.so+0xaad042]
V  [libjvm.so+0xab1c26]
V  [libjvm.so+0xaafec5]
V  [libjvm.so+0xab083d]
V  [libjvm.so+0xab0c17]
V  [libjvm.so+0x8e3b12]

VM_Operation (0x00007fa3b192f620): ParallelGCFailedAllocation, mode: safepoint, requested by thread 0x00007fa41039d800


---------------  P R O C E S S  ---------------

Java Threads: ( => current thread )
  0x00007fa3ac003800 JavaThread "Thread-0" daemon [_thread_in_native, id=2584, stack(0x00007fa3b1e35000,0x00007fa3b2635000)]
  0x00007fa41000b800 JavaThread "DestroyJavaVM" [_thread_blocked, id=2538, stack(0x00007fa418600000,0x00007fa418700000)]
  0x00007fa41039d800 JavaThread "Animation Thread" [_thread_blocked, id=2591, stack(0x00007fa3b1830000,0x00007fa3b1931000)]
  0x00007fa410398800 JavaThread "AWT-EventQueue-1" [_thread_blocked, id=2590, stack(0x00007fa3b1931000,0x00007fa3b1a32000)]
  0x00007fa410396800 JavaThread "AWT-Shutdown" [_thread_blocked, id=2589, stack(0x00007fa3b1a32000,0x00007fa3b1b33000)]
  0x00007fa4102e9800 JavaThread "process reaper" daemon [_thread_blocked, id=2582, stack(0x00007fa3e812c000,0x00007fa3e8165000)]
  0x00007fa4102de800 JavaThread "AWT-XAWT" daemon [_thread_blocked, id=2579, stack(0x00007fa3e8165000,0x00007fa3e8266000)]
  0x00007fa4102be800 JavaThread "Java2D Disposer" daemon [_thread_blocked, id=2574, stack(0x00007fa3e8676000,0x00007fa3e8777000)]
  0x00007fa4100c9800 JavaThread "Service Thread" daemon [_thread_blocked, id=2570, stack(0x00007fa3ea8c7000,0x00007fa3ea9c8000)]
  0x00007fa4100be800 JavaThread "C1 CompilerThread2" daemon [_thread_blocked, id=2569, stack(0x00007fa3ea9c9000,0x00007fa3eaac9000)]
  0x00007fa4100bc800 JavaThread "C2 CompilerThread1" daemon [_thread_blocked, id=2568, stack(0x00007fa3eaaca000,0x00007fa3eabca000)]
  0x00007fa4100b9800 JavaThread "C2 CompilerThread0" daemon [_thread_blocked, id=2565, stack(0x00007fa3eabcb000,0x00007fa3eaccb000)]
  0x00007fa4100b8000 JavaThread "Signal Dispatcher" daemon [_thread_blocked, id=2550, stack(0x00007fa3eaccb000,0x00007fa3eadcc000)]
  0x00007fa410085800 JavaThread "Finalizer" daemon [_thread_blocked, id=2547, stack(0x00007fa3eb260000,0x00007fa3eb361000)]
  0x00007fa410081000 JavaThread "Reference Handler" daemon [_thread_blocked, id=2546, stack(0x00007fa3eb361000,0x00007fa3eb462000)]

Other Threads:
=>0x00007fa410079800 VMThread [stack: 0x00007fa3eb463000,0x00007fa3eb563000] [id=2544]
  0x00007fa4100cc000 WatcherThread [stack: 0x00007fa3ea7c7000,0x00007fa3ea8c7000] [id=2573]

VM state:at safepoint (normal execution)

VM Mutex/Monitor currently owned by a thread:  ([mutex/lock_event])
[0x00007fa410007c30] ExpandHeap_lock - owner thread: 0x00007fa410079800
[0x00007fa4100082b0] Threads_lock - owner thread: 0x00007fa410079800
[0x00007fa4100087b0] Heap_lock - owner thread: 0x00007fa41039d800

Heap:
 PSYoungGen      total 448512K, used 0K [0x00000000d6f80000, 0x0000000100000000, 0x0000000100000000)
  eden space 224768K, 0% used [0x00000000d6f80000,0x00000000d6f80000,0x00000000e4b00000)
  from space 223744K, 0% used [0x00000000e4b00000,0x00000000e4b00000,0x00000000f2580000)
  to   space 223744K, 0% used [0x00000000f2580000,0x00000000f2580000,0x0000000100000000)
 ParOldGen       total 722944K, used 648414K [0x0000000084e00000, 0x00000000b1000000, 0x00000000d6f80000)
  object space 722944K, 89% used [0x0000000084e00000,0x00000000ac7379e8,0x00000000b1000000)
 Metaspace       used 11319K, capacity 11618K, committed 11904K, reserved 1060864K
  class space    used 1241K, capacity 1332K, committed 1408K, reserved 1048576K

Card table byte_map: [0x00007fa4147d8000,0x00007fa414bb2000] byte_map_base: 0x00007fa4143b1000

Marking Bits: (ParMarkBitMap*) 0x00007fa4178ab140
 Begin Bits: [0x00007fa3ec270000, 0x00007fa3ee138000)
 End Bits:   [0x00007fa3ee138000, 0x00007fa3f0000000)

Polling page: 0x00007fa41872c000

CodeCache: size=245760Kb used=2595Kb max_used=2595Kb free=243164Kb
 bounds [0x00007fa401000000, 0x00007fa401290000, 0x00007fa410000000]
 total_blobs=1148 nmethods=606 adapters=457
 compilation: enabled

Compilation events (10 events):
Event: 11.038 Thread 0x00007fa4100be800  602       3       java.awt.Component::getInputContext (16 bytes)
Event: 11.038 Thread 0x00007fa4100be800 nmethod 602 0x00007fa401287590 code [0x00007fa401287700, 0x00007fa401287968]
Event: 11.069 Thread 0x00007fa4100be800  603       1       sun.awt.X11.XPropertyCache::isCachingSupported (2 bytes)
Event: 11.069 Thread 0x00007fa4100be800 nmethod 603 0x00007fa401287a10 code [0x00007fa401287b60, 0x00007fa401287c50]
Event: 11.069 Thread 0x00007fa4100be800  604   !   3       sun.awt.X11.XAwtState::getGrabWindow (67 bytes)
Event: 11.069 Thread 0x00007fa4100be800 nmethod 604 0x00007fa401287c90 code [0x00007fa401287ea0, 0x00007fa401288b98]
Event: 11.610 Thread 0x00007fa4100be800  605       3       java.util.Collections$UnmodifiableSet::equals (24 bytes)
Event: 11.611 Thread 0x00007fa4100be800 nmethod 605 0x00007fa401289050 code [0x00007fa4012891c0, 0x00007fa401289468]
Event: 11.611 Thread 0x00007fa4100be800  606   !   3       java.util.AbstractSet::equals (48 bytes)
Event: 11.611 Thread 0x00007fa4100be800 nmethod 606 0x00007fa401289510 code [0x00007fa4012896c0, 0x00007fa401289da8]

GC Heap History (10 events):
Event: 7.315 GC heap after
Heap after GC invocations=12 (full 4):
 PSYoungGen      total 406016K, used 135360K [0x00000000d6f80000, 0x00000000fe200000, 0x0000000100000000)
  eden space 194048K, 0% used [0x00000000d6f80000,0x00000000d6f80000,0x00000000e2d00000)
  from space 211968K, 63% used [0x00000000f1300000,0x00000000f9730000,0x00000000fe200000)
  to   space 223744K, 0% used [0x00000000e2d00000,0x00000000e2d00000,0x00000000f0780000)
 ParOldGen       total 518144K, used 274710K [0x0000000084e00000, 0x00000000a4800000, 0x00000000d6f80000)
  object space 518144K, 53% used [0x0000000084e00000,0x0000000095a45820,0x00000000a4800000)
 Metaspace       used 11300K, capacity 11618K, committed 11904K, reserved 1060864K
  class space    used 1239K, capacity 1332K, committed 1408K, reserved 1048576K
}
Event: 7.384 GC heap before
{Heap before GC invocations=13 (full 4):
 PSYoungGen      total 406016K, used 329408K [0x00000000d6f80000, 0x00000000fe200000, 0x0000000100000000)
  eden space 194048K, 100% used [0x00000000d6f80000,0x00000000e2d00000,0x00000000e2d00000)
  from space 211968K, 63% used [0x00000000f1300000,0x00000000f9730000,0x00000000fe200000)
  to   space 223744K, 0% used [0x00000000e2d00000,0x00000000e2d00000,0x00000000f0780000)
 ParOldGen       total 518144K, used 274710K [0x0000000084e00000, 0x00000000a4800000, 0x00000000d6f80000)
  object space 518144K, 53% used [0x0000000084e00000,0x0000000095a45820,0x00000000a4800000)
 Metaspace       used 11300K, capacity 11618K, committed 11904K, reserved 1060864K
  class space    used 1239K, capacity 1332K, committed 1408K, reserved 1048576K
Event: 8.201 GC heap after
Heap after GC invocations=13 (full 4):
 PSYoungGen      total 417792K, used 223744K [0x00000000d6f80000, 0x0000000100000000, 0x0000000100000000)
  eden space 194048K, 0% used [0x00000000d6f80000,0x00000000d6f80000,0x00000000e2d00000)
  from space 223744K, 100% used [0x00000000e2d00000,0x00000000f0780000,0x00000000f0780000)
  to   space 223744K, 0% used [0x00000000f2580000,0x00000000f2580000,0x0000000100000000)
 ParOldGen       total 518144K, used 380670K [0x0000000084e00000, 0x00000000a4800000, 0x00000000d6f80000)
  object space 518144K, 73% used [0x0000000084e00000,0x000000009c1bf820,0x00000000a4800000)
 Metaspace       used 11300K, capacity 11618K, committed 11904K, reserved 1060864K
  class space    used 1239K, capacity 1332K, committed 1408K, reserved 1048576K
}
Event: 8.201 GC heap before
{Heap before GC invocations=14 (full 5):
 PSYoungGen      total 417792K, used 223744K [0x00000000d6f80000, 0x0000000100000000, 0x0000000100000000)
  eden space 194048K, 0% used [0x00000000d6f80000,0x00000000d6f80000,0x00000000e2d00000)
  from space 223744K, 100% used [0x00000000e2d00000,0x00000000f0780000,0x00000000f0780000)
  to   space 223744K, 0% used [0x00000000f2580000,0x00000000f2580000,0x0000000100000000)
 ParOldGen       total 518144K, used 380670K [0x0000000084e00000, 0x00000000a4800000, 0x00000000d6f80000)
  object space 518144K, 73% used [0x0000000084e00000,0x000000009c1bf820,0x00000000a4800000)
 Metaspace       used 11300K, capacity 11618K, committed 11904K, reserved 1060864K
  class space    used 1239K, capacity 1332K, committed 1408K, reserved 1048576K
Event: 11.032 GC heap after
Heap after GC invocations=14 (full 5):
 PSYoungGen      total 417792K, used 0K [0x00000000d6f80000, 0x0000000100000000, 0x0000000100000000)
  eden space 194048K, 0% used [0x00000000d6f80000,0x00000000d6f80000,0x00000000e2d00000)
  from space 223744K, 0% used [0x00000000e2d00000,0x00000000e2d00000,0x00000000f0780000)
  to   space 223744K, 0% used [0x00000000f2580000,0x00000000f2580000,0x0000000100000000)
 ParOldGen       total 722944K, used 439236K [0x0000000084e00000, 0x00000000b1000000, 0x00000000d6f80000)
  object space 722944K, 60% used [0x0000000084e00000,0x000000009faf1210,0x00000000b1000000)
 Metaspace       used 11300K, capacity 11618K, committed 11904K, reserved 1060864K
  class space    used 1239K, capacity 1332K, committed 1408K, reserved 1048576K
}
Event: 11.134 GC heap before
{Heap before GC invocations=15 (full 5):
 PSYoungGen      total 417792K, used 194048K [0x00000000d6f80000, 0x0000000100000000, 0x0000000100000000)
  eden space 194048K, 100% used [0x00000000d6f80000,0x00000000e2d00000,0x00000000e2d00000)
  from space 223744K, 0% used [0x00000000e2d00000,0x00000000e2d00000,0x00000000f0780000)
  to   space 223744K, 0% used [0x00000000f2580000,0x00000000f2580000,0x0000000100000000)
 ParOldGen       total 722944K, used 439236K [0x0000000084e00000, 0x00000000b1000000, 0x00000000d6f80000)
  object space 722944K, 60% used [0x0000000084e00000,0x000000009faf1210,0x00000000b1000000)
 Metaspace       used 11318K, capacity 11618K, committed 11904K, reserved 1060864K
  class space    used 1241K, capacity 1332K, committed 1408K, reserved 1048576K
Event: 11.610 GC heap after
Heap after GC invocations=15 (full 5):
 PSYoungGen      total 448512K, used 193952K [0x00000000d6f80000, 0x0000000100000000, 0x0000000100000000)
  eden space 224768K, 0% used [0x00000000d6f80000,0x00000000d6f80000,0x00000000e4b00000)
  from space 223744K, 86% used [0x00000000f2580000,0x00000000fe2e8000,0x0000000100000000)
  to   space 223744K, 0% used [0x00000000e4b00000,0x00000000e4b00000,0x00000000f2580000)
 ParOldGen       total 722944K, used 439236K [0x0000000084e00000, 0x00000000b1000000, 0x00000000d6f80000)
  object space 722944K, 60% used [0x0000000084e00000,0x000000009faf1210,0x00000000b1000000)
 Metaspace       used 11318K, capacity 11618K, committed 11904K, reserved 1060864K
  class space    used 1241K, capacity 1332K, committed 1408K, reserved 1048576K
}
Event: 11.694 GC heap before
{Heap before GC invocations=16 (full 5):
 PSYoungGen      total 448512K, used 418720K [0x00000000d6f80000, 0x0000000100000000, 0x0000000100000000)
  eden space 224768K, 100% used [0x00000000d6f80000,0x00000000e4b00000,0x00000000e4b00000)
  from space 223744K, 86% used [0x00000000f2580000,0x00000000fe2e8000,0x0000000100000000)
  to   space 223744K, 0% used [0x00000000e4b00000,0x00000000e4b00000,0x00000000f2580000)
 ParOldGen       total 722944K, used 439236K [0x0000000084e00000, 0x00000000b1000000, 0x00000000d6f80000)
  object space 722944K, 60% used [0x0000000084e00000,0x000000009faf1210,0x00000000b1000000)
 Metaspace       used 11319K, capacity 11618K, committed 11904K, reserved 1060864K
  class space    used 1241K, capacity 1332K, committed 1408K, reserved 1048576K
Event: 12.772 GC heap after
Heap after GC invocations=16 (full 5):
 PSYoungGen      total 448512K, used 223744K [0x00000000d6f80000, 0x0000000100000000, 0x0000000100000000)
  eden space 224768K, 0% used [0x00000000d6f80000,0x00000000d6f80000,0x00000000e4b00000)
  from space 223744K, 100% used [0x00000000e4b00000,0x00000000f2580000,0x00000000f2580000)
  to   space 223744K, 0% used [0x00000000f2580000,0x00000000f2580000,0x0000000100000000)
 ParOldGen       total 722944K, used 634884K [0x0000000084e00000, 0x00000000b1000000, 0x00000000d6f80000)
  object space 722944K, 87% used [0x0000000084e00000,0x00000000aba01210,0x00000000b1000000)
 Metaspace       used 11319K, capacity 11618K, committed 11904K, reserved 1060864K
  class space    used 1241K, capacity 1332K, committed 1408K, reserved 1048576K
}
Event: 12.772 GC heap before
{Heap before GC invocations=17 (full 6):
 PSYoungGen      total 448512K, used 223744K [0x00000000d6f80000, 0x0000000100000000, 0x0000000100000000)
  eden space 224768K, 0% used [0x00000000d6f80000,0x00000000d6f80000,0x00000000e4b00000)
  from space 223744K, 100% used [0x00000000e4b00000,0x00000000f2580000,0x00000000f2580000)
  to   space 223744K, 0% used [0x00000000f2580000,0x00000000f2580000,0x0000000100000000)
 ParOldGen       total 722944K, used 634884K [0x0000000084e00000, 0x00000000b1000000, 0x00000000d6f80000)
  object space 722944K, 87% used [0x0000000084e00000,0x00000000aba01210,0x00000000b1000000)
 Metaspace       used 11319K, capacity 11618K, committed 11904K, reserved 1060864K
  class space    used 1241K, capacity 1332K, committed 1408K, reserved 1048576K

Deoptimization events (3 events):
Event: 1.634 Thread 0x00007fa410398800 Uncommon trap: reason=unstable_if action=reinterpret pc=0x00007fa40123c1a4 method=java.util.LinkedList.linkLast(Ljava/lang/Object;)V @ 22
Event: 1.634 Thread 0x00007fa410398800 Uncommon trap: reason=unstable_if action=reinterpret pc=0x00007fa40123f238 method=java.util.LinkedList.linkLast(Ljava/lang/Object;)V @ 22
Event: 1.637 Thread 0x00007fa410398800 Uncommon trap: reason=unstable_if action=reinterpret pc=0x00007fa40123a430 method=java.util.LinkedList.unlinkFirst(Ljava/util/LinkedList$Node;)Ljava/lang/Object; @ 26

Classes redefined (0 events):
No events

Internal exceptions (10 events):
Event: 0.524 Thread 0x00007fa41000b800 Exception <a 'java/lang/ClassNotFoundException': sun/dc/DuctusRenderingEngine> (0x00000000d72c36d8) thrown at [/build/openjdk-8-TuolsG/openjdk-8-8u171-b11/src/hotspot/src/share/vm/classfile/systemDictionary.cpp, line 210]
Event: 1.634 Thread 0x00007fa410398800 Implicit null exception at 0x00007fa40123c151 to 0x00007fa40123c18a
Event: 1.634 Thread 0x00007fa410398800 Implicit null exception at 0x00007fa40123f1de to 0x00007fa40123f21e
Event: 1.637 Thread 0x00007fa410398800 Implicit null exception at 0x00007fa40123a3f4 to 0x00007fa40123a41d
Event: 1.640 Thread 0x00007fa4100c9800 Exception <a 'java/lang/ArrayIndexOutOfBoundsException': 71> (0x00000000d70500b0) thrown at [/build/openjdk-8-TuolsG/openjdk-8-8u171-b11/src/hotspot/src/share/vm/interpreter/interpreterRuntime.cpp, line 366]
Event: 1.642 Thread 0x00007fa410398800 Exception <a 'java/lang/UnsupportedOperationException': > (0x00000000d6ffef68) thrown at [/build/openjdk-8-TuolsG/openjdk-8-8u171-b11/src/hotspot/src/share/vm/prims/jni.cpp, line 735]
Event: 1.643 Thread 0x00007fa4100c9800 Exception <a 'java/lang/ArrayIndexOutOfBoundsException': 18> (0x00000000d7050dc8) thrown at [/build/openjdk-8-TuolsG/openjdk-8-8u171-b11/src/hotspot/src/share/vm/interpreter/interpreterRuntime.cpp, line 366]
Event: 1.643 Thread 0x00007fa4100c9800 Exception <a 'java/lang/ArrayIndexOutOfBoundsException'> (0x00000000d7051b98) thrown at [/build/openjdk-8-TuolsG/openjdk-8-8u171-b11/src/hotspot/src/share/vm/runtime/sharedRuntime.cpp, line 605]
Event: 1.744 Thread 0x00007fa4100c9800 Exception <a 'java/lang/ArrayIndexOutOfBoundsException'> (0x00000000d6f886c8) thrown at [/build/openjdk-8-TuolsG/openjdk-8-8u171-b11/src/hotspot/src/share/vm/runtime/sharedRuntime.cpp, line 605]
Event: 1.745 Thread 0x00007fa4100c9800 Exception <a 'java/lang/ArrayIndexOutOfBoundsException'> (0x00000000d6f8a2b0) thrown at [/build/openjdk-8-TuolsG/openjdk-8-8u171-b11/src/hotspot/src/share/vm/runtime/sharedRuntime.cpp, line 605]

Events (10 events):
Event: 11.032 Executing VM operation: ParallelGCFailedAllocation done
Event: 11.033 loading class java/awt/KeyboardFocusManager$2
Event: 11.035 loading class java/awt/KeyboardFocusManager$2 done
Event: 11.035 loading class sun/awt/SunToolkit$1
Event: 11.035 loading class sun/awt/SunToolkit$1 done
Event: 11.035 loading class sun/awt/X11/XUnmapEvent
Event: 11.035 loading class sun/awt/X11/XUnmapEvent done
Event: 11.134 Executing VM operation: ParallelGCFailedAllocation
Event: 11.610 Executing VM operation: ParallelGCFailedAllocation done
Event: 11.694 Executing VM operation: ParallelGCFailedAllocation


Dynamic libraries:
84e00000-b1000000 rw-p 00000000 00:00 0 
c2480000-d6f80000 ---p 00000000 00:00 0 
d6f80000-100000000 rw-p 00000000 00:00 0 
100000000-100160000 rw-p 00000000 00:00 0 
100160000-140000000 ---p 00000000 00:00 0 
56370283d000-56370283e000 r-xp 00000000 08:03 3016777                    /usr/lib/jvm/java-8-openjdk-amd64/jre/bin/java
563702a3d000-563702a3e000 r--p 00000000 08:03 3016777                    /usr/lib/jvm/java-8-openjdk-amd64/jre/bin/java
563702a3e000-563702a3f000 rw-p 00001000 08:03 3016777                    /usr/lib/jvm/java-8-openjdk-amd64/jre/bin/java
5637038f7000-563703918000 rw-p 00000000 00:00 0                          [heap]
7fa394000000-7fa394021000 rw-p 00000000 00:00 0 
7fa394021000-7fa398000000 ---p 00000000 00:00 0 
7fa39c000000-7fa39c021000 rw-p 00000000 00:00 0 
7fa39c021000-7fa3a0000000 ---p 00000000 00:00 0 
7fa3a0000000-7fa3a0021000 rw-p 00000000 00:00 0 
7fa3a0021000-7fa3a4000000 ---p 00000000 00:00 0 
7fa3a4000000-7fa3a4045000 rw-p 00000000 00:00 0 
7fa3a4045000-7fa3a8000000 ---p 00000000 00:00 0 
7fa3a8000000-7fa3a8021000 rw-p 00000000 00:00 0 
7fa3a8021000-7fa3ac000000 ---p 00000000 00:00 0 
7fa3ac000000-7fa3ac021000 rw-p 00000000 00:00 0 
7fa3ac021000-7fa3b0000000 ---p 00000000 00:00 0 
7fa3b153b000-7fa3b157b000 rw-p 00000000 00:00 0 
7fa3b157b000-7fa3b173b000 ---p 00000000 00:00 0 
7fa3b173b000-7fa3b1830000 rw-s 00000000 00:05 5373972                    /SYSV00000000 (deleted)
7fa3b1830000-7fa3b1833000 ---p 00000000 00:00 0 
7fa3b1833000-7fa3b1931000 rw-p 00000000 00:00 0 
7fa3b1931000-7fa3b1934000 ---p 00000000 00:00 0 
7fa3b1934000-7fa3b1a32000 rw-p 00000000 00:00 0 
7fa3b1a32000-7fa3b1a35000 ---p 00000000 00:00 0 
7fa3b1a35000-7fa3b1b33000 rw-p 00000000 00:00 0 
7fa3b1b33000-7fa3b1b36000 ---p 00000000 00:00 0 
7fa3b1b36000-7fa3b1e34000 rw-p 00000000 00:00 0 
7fa3b1e34000-7fa3b1e35000 ---p 00000000 00:00 0 
7fa3b1e35000-7fa3b1e38000 ---p 00000000 00:00 0 
7fa3b1e38000-7fa3b2635000 rw-p 00000000 00:00 0 
7fa3b2635000-7fa3b263f000 r-xp 00000000 08:03 2758760                    /usr/lib/x86_64-linux-gnu/libXrandr.so.2.2.0
7fa3b263f000-7fa3b283e000 ---p 0000a000 08:03 2758760                    /usr/lib/x86_64-linux-gnu/libXrandr.so.2.2.0
7fa3b283e000-7fa3b283f000 r--p 00009000 08:03 2758760                    /usr/lib/x86_64-linux-gnu/libXrandr.so.2.2.0
7fa3b283f000-7fa3b2840000 rw-p 0000a000 08:03 2758760                    /usr/lib/x86_64-linux-gnu/libXrandr.so.2.2.0
7fa3b2840000-7fa3b2849000 r-xp 00000000 08:03 4598855                    /usr/lib/jvm/java-8-openjdk-amd64/jre/lib/amd64/libmanagement.so
7fa3b2849000-7fa3b2a48000 ---p 00009000 08:03 4598855                    /usr/lib/jvm/java-8-openjdk-amd64/jre/lib/amd64/libmanagement.so
7fa3b2a48000-7fa3b2a49000 r--p 00008000 08:03 4598855                    /usr/lib/jvm/java-8-openjdk-amd64/jre/lib/amd64/libmanagement.so
7fa3b2a49000-7fa3b2a4a000 rw-p 00009000 08:03 4598855                    /usr/lib/jvm/java-8-openjdk-amd64/jre/lib/amd64/libmanagement.so
7fa3b2a4a000-7fa3b2a5e000 r-xp 00000000 08:03 3670058                    /lib/x86_64-linux-gnu/libgpg-error.so.0.22.0
7fa3b2a5e000-7fa3b2c5d000 ---p 00014000 08:03 3670058                    /lib/x86_64-linux-gnu/libgpg-error.so.0.22.0
7fa3b2c5d000-7fa3b2c5e000 r--p 00013000 08:03 3670058                    /lib/x86_64-linux-gnu/libgpg-error.so.0.22.0
7fa3b2c5e000-7fa3b2c5f000 rw-p 00014000 08:03 3670058                    /lib/x86_64-linux-gnu/libgpg-error.so.0.22.0
7fa3b2c5f000-7fa3b2d73000 r-xp 00000000 08:03 3670051                    /lib/x86_64-linux-gnu/libgcrypt.so.20.2.1
7fa3b2d73000-7fa3b2f72000 ---p 00114000 08:03 3670051                    /lib/x86_64-linux-gnu/libgcrypt.so.20.2.1
7fa3b2f72000-7fa3b2f74000 r--p 00113000 08:03 3670051                    /lib/x86_64-linux-gnu/libgcrypt.so.20.2.1
7fa3b2f74000-7fa3b2f79000 rw-p 00115000 08:03 3670051                    /lib/x86_64-linux-gnu/libgcrypt.so.20.2.1
7fa3b2f79000-7fa3b2f7a000 rw-p 00000000 00:00 0 
7fa3b2f7a000-7fa3b2f95000 r-xp 00000000 08:03 2753199                    /usr/lib/x86_64-linux-gnu/liblz4.so.1.7.1
7fa3b2f95000-7fa3b3194000 ---p 0001b000 08:03 2753199                    /usr/lib/x86_64-linux-gnu/liblz4.so.1.7.1
7fa3b3194000-7fa3b3195000 r--p 0001a000 08:03 2753199                    /usr/lib/x86_64-linux-gnu/liblz4.so.1.7.1
7fa3b3195000-7fa3b3196000 rw-p 0001b000 08:03 2753199                    /usr/lib/x86_64-linux-gnu/liblz4.so.1.7.1
7fa3b3196000-7fa3b31ba000 r-xp 00000000 08:03 3674684                    /lib/x86_64-linux-gnu/liblzma.so.5.2.2
7fa3b31ba000-7fa3b33ba000 ---p 00024000 08:03 3674684                    /lib/x86_64-linux-gnu/liblzma.so.5.2.2
7fa3b33ba000-7fa3b33bb000 r--p 00024000 08:03 3674684                    /lib/x86_64-linux-gnu/liblzma.so.5.2.2
7fa3b33bb000-7fa3b33bc000 rw-p 00025000 08:03 3674684                    /lib/x86_64-linux-gnu/liblzma.so.5.2.2
7fa3b33bc000-7fa3b343c000 r-xp 00000000 08:03 3670063                    /lib/x86_64-linux-gnu/libsystemd.so.0.21.0
7fa3b343c000-7fa3b363b000 ---p 00080000 08:03 3670063                    /lib/x86_64-linux-gnu/libsystemd.so.0.21.0
7fa3b363b000-7fa3b363e000 r--p 0007f000 08:03 3670063                    /lib/x86_64-linux-gnu/libsystemd.so.0.21.0
7fa3b363e000-7fa3b363f000 rw-p 00082000 08:03 3670063                    /lib/x86_64-linux-gnu/libsystemd.so.0.21.0
7fa3b363f000-7fa3b3640000 rw-p 00000000 00:00 0 
7fa3b3640000-7fa3b36b0000 r-xp 00000000 08:03 3670077                    /lib/x86_64-linux-gnu/libpcre.so.3.13.3
7fa3b36b0000-7fa3b38b0000 ---p 00070000 08:03 3670077                    /lib/x86_64-linux-gnu/libpcre.so.3.13.3
7fa3b38b0000-7fa3b38b1000 r--p 00070000 08:03 3670077                    /lib/x86_64-linux-gnu/libpcre.so.3.13.3
7fa3b38b1000-7fa3b38b2000 rw-p 00071000 08:03 3670077                    /lib/x86_64-linux-gnu/libpcre.so.3.13.3
7fa3b38b2000-7fa3b38b9000 r-xp 00000000 08:03 2753738                    /usr/lib/x86_64-linux-gnu/libffi.so.6.0.4
7fa3b38b9000-7fa3b3ab8000 ---p 00007000 08:03 2753738                    /usr/lib/x86_64-linux-gnu/libffi.so.6.0.4
7fa3b3ab8000-7fa3b3ab9000 r--p 00006000 08:03 2753738                    /usr/lib/x86_64-linux-gnu/libffi.so.6.0.4
7fa3b3ab9000-7fa3b3aba000 rw-p 00007000 08:03 2753738                    /usr/lib/x86_64-linux-gnu/libffi.so.6.0.4
7fa3b3aba000-7fa3b3ae6000 r-xp 00000000 08:03 2758489                    /usr/lib/x86_64-linux-gnu/libatspi.so.0.0.1
7fa3b3ae6000-7fa3b3ce6000 ---p 0002c000 08:03 2758489                    /usr/lib/x86_64-linux-gnu/libatspi.so.0.0.1
7fa3b3ce6000-7fa3b3ce9000 r--p 0002c000 08:03 2758489                    /usr/lib/x86_64-linux-gnu/libatspi.so.0.0.1
7fa3b3ce9000-7fa3b3cea000 rw-p 0002f000 08:03 2758489                    /usr/lib/x86_64-linux-gnu/libatspi.so.0.0.1
7fa3b3cea000-7fa3b3dfd000 r-xp 00000000 08:03 2760824                    /usr/lib/x86_64-linux-gnu/libglib-2.0.so.0.5600.1
7fa3b3dfd000-7fa3b3ffd000 ---p 00113000 08:03 2760824                    /usr/lib/x86_64-linux-gnu/libglib-2.0.so.0.5600.1
7fa3b3ffd000-7fa3b3ffe000 r--p 00113000 08:03 2760824                    /usr/lib/x86_64-linux-gnu/libglib-2.0.so.0.5600.1
7fa3b3ffe000-7fa3b3fff000 rw-p 00114000 08:03 2760824                    /usr/lib/x86_64-linux-gnu/libglib-2.0.so.0.5600.1
7fa3b3fff000-7fa3b4000000 rw-p 00000000 00:00 0 
7fa3b4000000-7fa3b4021000 rw-p 00000000 00:00 0 
7fa3b4021000-7fa3b8000000 ---p 00000000 00:00 0 
7fa3b80c3000-7fa3b810e000 r-xp 00000000 08:03 3673199                    /lib/x86_64-linux-gnu/libdbus-1.so.3.19.4
7fa3b810e000-7fa3b830e000 ---p 0004b000 08:03 3673199                    /lib/x86_64-linux-gnu/libdbus-1.so.3.19.4
7fa3b830e000-7fa3b830f000 r--p 0004b000 08:03 3673199                    /lib/x86_64-linux-gnu/libdbus-1.so.3.19.4
7fa3b830f000-7fa3b8310000 rw-p 0004c000 08:03 3673199                    /lib/x86_64-linux-gnu/libdbus-1.so.3.19.4
7fa3b8310000-7fa3b8362000 r-xp 00000000 08:03 2760848                    /usr/lib/x86_64-linux-gnu/libgobject-2.0.so.0.5600.1
7fa3b8362000-7fa3b8562000 ---p 00052000 08:03 2760848                    /usr/lib/x86_64-linux-gnu/libgobject-2.0.so.0.5600.1
7fa3b8562000-7fa3b8563000 r--p 00052000 08:03 2760848                    /usr/lib/x86_64-linux-gnu/libgobject-2.0.so.0.5600.1
7fa3b8563000-7fa3b8564000 rw-p 00053000 08:03 2760848                    /usr/lib/x86_64-linux-gnu/libgobject-2.0.so.0.5600.1
7fa3b8564000-7fa3b8592000 r-xp 00000000 08:03 2757317                    /usr/lib/x86_64-linux-gnu/libatk-bridge-2.0.so.0.0.0
7fa3b8592000-7fa3b8792000 ---p 0002e000 08:03 2757317                    /usr/lib/x86_64-linux-gnu/libatk-bridge-2.0.so.0.0.0
7fa3b8792000-7fa3b8793000 r--p 0002e000 08:03 2757317                    /usr/lib/x86_64-linux-gnu/libatk-bridge-2.0.so.0.0.0
7fa3b8793000-7fa3b8794000 rw-p 0002f000 08:03 2757317                    /usr/lib/x86_64-linux-gnu/libatk-bridge-2.0.so.0.0.0
7fa3b8794000-7fa3b8795000 rw-p 00000000 00:00 0 
7fa3b8795000-7fa3b87b7000 r-xp 00000000 08:03 2758636                    /usr/lib/x86_64-linux-gnu/libatk-1.0.so.0.22810.1
7fa3b87b7000-7fa3b89b7000 ---p 00022000 08:03 2758636                    /usr/lib/x86_64-linux-gnu/libatk-1.0.so.0.22810.1
7fa3b89b7000-7fa3b89ba000 r--p 00022000 08:03 2758636                    /usr/lib/x86_64-linux-gnu/libatk-1.0.so.0.22810.1
7fa3b89ba000-7fa3b89bb000 rw-p 00025000 08:03 2758636                    /usr/lib/x86_64-linux-gnu/libatk-1.0.so.0.22810.1
7fa3b89bb000-7fa3b89d2000 r-xp 00000000 08:03 7340829                    /usr/lib/x86_64-linux-gnu/jni/libatk-wrapper.so.6.0.0
7fa3b89d2000-7fa3b8bd2000 ---p 00017000 08:03 7340829                    /usr/lib/x86_64-linux-gnu/jni/libatk-wrapper.so.6.0.0
7fa3b8bd2000-7fa3b8bd3000 r--p 00017000 08:03 7340829                    /usr/lib/x86_64-linux-gnu/jni/libatk-wrapper.so.6.0.0
7fa3b8bd3000-7fa3b8bd4000 rw-p 00018000 08:03 7340829                    /usr/lib/x86_64-linux-gnu/jni/libatk-wrapper.so.6.0.0
7fa3b8bd4000-7fa3bbbd5000 rw-p 00000000 00:00 0 
7fa3bbbd5000-7fa3bbbeb000 r-xp 00000000 08:03 4598857                    /usr/lib/jvm/java-8-openjdk-amd64/jre/lib/amd64/libnet.so
7fa3bbbeb000-7fa3bbdeb000 ---p 00016000 08:03 4598857                    /usr/lib/jvm/java-8-openjdk-amd64/jre/lib/amd64/libnet.so
7fa3bbdeb000-7fa3bbdec000 r--p 00016000 08:03 4598857                    /usr/lib/jvm/java-8-openjdk-amd64/jre/lib/amd64/libnet.so
7fa3bbdec000-7fa3bbded000 rw-p 00017000 08:03 4598857                    /usr/lib/jvm/java-8-openjdk-amd64/jre/lib/amd64/libnet.so
7fa3bbded000-7fa3bbdfe000 r-xp 00000000 08:03 4598858                    /usr/lib/jvm/java-8-openjdk-amd64/jre/lib/amd64/libnio.so
7fa3bbdfe000-7fa3bbffe000 ---p 00011000 08:03 4598858                    /usr/lib/jvm/java-8-openjdk-amd64/jre/lib/amd64/libnio.so
7fa3bbffe000-7fa3bbfff000 r--p 00011000 08:03 4598858                    /usr/lib/jvm/java-8-openjdk-amd64/jre/lib/amd64/libnio.so
7fa3bbfff000-7fa3bc000000 rw-p 00012000 08:03 4598858                    /usr/lib/jvm/java-8-openjdk-amd64/jre/lib/amd64/libnio.so
7fa3bc000000-7fa3bc021000 rw-p 00000000 00:00 0 
7fa3bc021000-7fa3c0000000 ---p 00000000 00:00 0 
7fa3c0000000-7fa3c0021000 rw-p 00000000 00:00 0 
7fa3c0021000-7fa3c4000000 ---p 00000000 00:00 0 
7fa3c4000000-7fa3c4021000 rw-p 00000000 00:00 0 
7fa3c4021000-7fa3c8000000 ---p 00000000 00:00 0 
7fa3c8000000-7fa3c8021000 rw-p 00000000 00:00 0 
7fa3c8021000-7fa3cc000000 ---p 00000000 00:00 0 
7fa3cc000000-7fa3cc0cf000 rw-p 00000000 00:00 0 
7fa3cc0cf000-7fa3d0000000 ---p 00000000 00:00 0 
7fa3d0000000-7fa3d0324000 rw-p 00000000 00:00 0 
7fa3d0324000-7fa3d4000000 ---p 00000000 00:00 0 
7fa3d4000000-7fa3d4021000 rw-p 00000000 00:00 0 
7fa3d4021000-7fa3d8000000 ---p 00000000 00:00 0 
7fa3d8000000-7fa3d81aa000 rw-p 00000000 00:00 0 
7fa3d81aa000-7fa3dc000000 ---p 00000000 00:00 0 
7fa3dc000000-7fa3dc021000 rw-p 00000000 00:00 0 
7fa3dc021000-7fa3e0000000 ---p 00000000 00:00 0 
7fa3e0000000-7fa3e0021000 rw-p 00000000 00:00 0 
7fa3e0021000-7fa3e4000000 ---p 00000000 00:00 0 
7fa3e4000000-7fa3e4021000 rw-p 00000000 00:00 0 
7fa3e4021000-7fa3e8000000 ---p 00000000 00:00 0 
7fa3e802b000-7fa3e802e000 ---p 00000000 00:00 0 
7fa3e802e000-7fa3e812c000 rw-p 00000000 00:00 0 
7fa3e812c000-7fa3e812f000 ---p 00000000 00:00 0 
7fa3e812f000-7fa3e8165000 rw-p 00000000 00:00 0 
7fa3e8165000-7fa3e8168000 ---p 00000000 00:00 0 
7fa3e8168000-7fa3e8266000 rw-p 00000000 00:00 0 
7fa3e8266000-7fa3e826b000 r-xp 00000000 08:03 2758752                    /usr/lib/x86_64-linux-gnu/libXfixes.so.3.1.0
7fa3e826b000-7fa3e846a000 ---p 00005000 08:03 2758752                    /usr/lib/x86_64-linux-gnu/libXfixes.so.3.1.0
7fa3e846a000-7fa3e846b000 r--p 00004000 08:03 2758752                    /usr/lib/x86_64-linux-gnu/libXfixes.so.3.1.0
7fa3e846b000-7fa3e846c000 rw-p 00005000 08:03 2758752                    /usr/lib/x86_64-linux-gnu/libXfixes.so.3.1.0
7fa3e846c000-7fa3e8475000 r-xp 00000000 08:03 2758870                    /usr/lib/x86_64-linux-gnu/libXcursor.so.1.0.2
7fa3e8475000-7fa3e8674000 ---p 00009000 08:03 2758870                    /usr/lib/x86_64-linux-gnu/libXcursor.so.1.0.2
7fa3e8674000-7fa3e8675000 r--p 00008000 08:03 2758870                    /usr/lib/x86_64-linux-gnu/libXcursor.so.1.0.2
7fa3e8675000-7fa3e8676000 rw-p 00009000 08:03 2758870                    /usr/lib/x86_64-linux-gnu/libXcursor.so.1.0.2
7fa3e8676000-7fa3e8679000 ---p 00000000 00:00 0 
7fa3e8679000-7fa3e8777000 rw-p 00000000 00:00 0 
7fa3e8777000-7fa3e87a8000 r-xp 00000000 08:03 2755459                    /usr/lib/x86_64-linux-gnu/libpng16.so.16.34.0
7fa3e87a8000-7fa3e89a7000 ---p 00031000 08:03 2755459                    /usr/lib/x86_64-linux-gnu/libpng16.so.16.34.0
7fa3e89a7000-7fa3e89a8000 r--p 00030000 08:03 2755459                    /usr/lib/x86_64-linux-gnu/libpng16.so.16.34.0
7fa3e89a8000-7fa3e89a9000 rw-p 00031000 08:03 2755459                    /usr/lib/x86_64-linux-gnu/libpng16.so.16.34.0
7fa3e89a9000-7fa3e8a56000 r-xp 00000000 08:03 2753097                    /usr/lib/x86_64-linux-gnu/libfreetype.so.6.15.0
7fa3e8a56000-7fa3e8c55000 ---p 000ad000 08:03 2753097                    /usr/lib/x86_64-linux-gnu/libfreetype.so.6.15.0
7fa3e8c55000-7fa3e8c5c000 r--p 000ac000 08:03 2753097                    /usr/lib/x86_64-linux-gnu/libfreetype.so.6.15.0
7fa3e8c5c000-7fa3e8c5d000 rw-p 000b3000 08:03 2753097                    /usr/lib/x86_64-linux-gnu/libfreetype.so.6.15.0
7fa3e8c5d000-7fa3e8cae000 r-xp 00000000 08:03 4598839                    /usr/lib/jvm/java-8-openjdk-amd64/jre/lib/amd64/libfontmanager.so
7fa3e8cae000-7fa3e8eae000 ---p 00051000 08:03 4598839                    /usr/lib/jvm/java-8-openjdk-amd64/jre/lib/amd64/libfontmanager.so
7fa3e8eae000-7fa3e8eb0000 r--p 00051000 08:03 4598839                    /usr/lib/jvm/java-8-openjdk-amd64/jre/lib/amd64/libfontmanager.so
7fa3e8eb0000-7fa3e8eb1000 rw-p 00053000 08:03 4598839                    /usr/lib/jvm/java-8-openjdk-amd64/jre/lib/amd64/libfontmanager.so
7fa3e8eb1000-7fa3e8ec4000 r-xp 00000000 08:03 3671722                    /lib/x86_64-linux-gnu/libbsd.so.0.8.7
7fa3e8ec4000-7fa3e90c3000 ---p 00013000 08:03 3671722                    /lib/x86_64-linux-gnu/libbsd.so.0.8.7
7fa3e90c3000-7fa3e90c4000 r--p 00012000 08:03 3671722                    /lib/x86_64-linux-gnu/libbsd.so.0.8.7
7fa3e90c4000-7fa3e90c5000 rw-p 00013000 08:03 3671722                    /lib/x86_64-linux-gnu/libbsd.so.0.8.7
7fa3e90c5000-7fa3e90c6000 rw-p 00000000 00:00 0 
7fa3e90c6000-7fa3e90cb000 r-xp 00000000 08:03 2756816                    /usr/lib/x86_64-linux-gnu/libXdmcp.so.6.0.0
7fa3e90cb000-7fa3e92ca000 ---p 00005000 08:03 2756816                    /usr/lib/x86_64-linux-gnu/libXdmcp.so.6.0.0
7fa3e92ca000-7fa3e92cb000 r--p 00004000 08:03 2756816                    /usr/lib/x86_64-linux-gnu/libXdmcp.so.6.0.0
7fa3e92cb000-7fa3e92cc000 rw-p 00005000 08:03 2756816                    /usr/lib/x86_64-linux-gnu/libXdmcp.so.6.0.0
7fa3e92cc000-7fa3e92ce000 r-xp 00000000 08:03 2760458                    /usr/lib/x86_64-linux-gnu/libXau.so.6.0.0
7fa3e92ce000-7fa3e94ce000 ---p 00002000 08:03 2760458                    /usr/lib/x86_64-linux-gnu/libXau.so.6.0.0
7fa3e94ce000-7fa3e94cf000 r--p 00002000 08:03 2760458                    /usr/lib/x86_64-linux-gnu/libXau.so.6.0.0
7fa3e94cf000-7fa3e94d0000 rw-p 00003000 08:03 2760458                    /usr/lib/x86_64-linux-gnu/libXau.so.6.0.0
7fa3e94d0000-7fa3e94f6000 r-xp 00000000 08:03 2753851                    /usr/lib/x86_64-linux-gnu/libxcb.so.1.1.0
7fa3e94f6000-7fa3e96f6000 ---p 00026000 08:03 2753851                    /usr/lib/x86_64-linux-gnu/libxcb.so.1.1.0
7fa3e96f6000-7fa3e96f7000 r--p 00026000 08:03 2753851                    /usr/lib/x86_64-linux-gnu/libxcb.so.1.1.0
7fa3e96f7000-7fa3e96f8000 rw-p 00027000 08:03 2753851                    /usr/lib/x86_64-linux-gnu/libxcb.so.1.1.0
7fa3e96f8000-7fa3e9707000 r-xp 00000000 08:03 2758758                    /usr/lib/x86_64-linux-gnu/libXi.so.6.1.0
7fa3e9707000-7fa3e9906000 ---p 0000f000 08:03 2758758                    /usr/lib/x86_64-linux-gnu/libXi.so.6.1.0
7fa3e9906000-7fa3e9907000 r--p 0000e000 08:03 2758758                    /usr/lib/x86_64-linux-gnu/libXi.so.6.1.0
7fa3e9907000-7fa3e9908000 rw-p 0000f000 08:03 2758758                    /usr/lib/x86_64-linux-gnu/libXi.so.6.1.0
7fa3e9908000-7fa3e990d000 r-xp 00000000 08:03 2758863                    /usr/lib/x86_64-linux-gnu/libXtst.so.6.1.0
7fa3e990d000-7fa3e9b0c000 ---p 00005000 08:03 2758863                    /usr/lib/x86_64-linux-gnu/libXtst.so.6.1.0
7fa3e9b0c000-7fa3e9b0d000 r--p 00004000 08:03 2758863                    /usr/lib/x86_64-linux-gnu/libXtst.so.6.1.0
7fa3e9b0d000-7fa3e9b0e000 rw-p 00005000 08:03 2758863                    /usr/lib/x86_64-linux-gnu/libXtst.so.6.1.0
7fa3e9b0e000-7fa3e9b17000 r-xp 00000000 08:03 2758484                    /usr/lib/x86_64-linux-gnu/libXrender.so.1.3.0
7fa3e9b17000-7fa3e9d16000 ---p 00009000 08:03 2758484                    /usr/lib/x86_64-linux-gnu/libXrender.so.1.3.0
7fa3e9d16000-7fa3e9d17000 r--p 00008000 08:03 2758484                    /usr/lib/x86_64-linux-gnu/libXrender.so.1.3.0
7fa3e9d17000-7fa3e9d18000 rw-p 00009000 08:03 2758484                    /usr/lib/x86_64-linux-gnu/libXrender.so.1.3.0
7fa3e9d18000-7fa3e9e4c000 r-xp 00000000 08:03 2757342                    /usr/lib/x86_64-linux-gnu/libX11.so.6.3.0
7fa3e9e4c000-7fa3ea04c000 ---p 00134000 08:03 2757342                    /usr/lib/x86_64-linux-gnu/libX11.so.6.3.0
7fa3ea04c000-7fa3ea04d000 r--p 00134000 08:03 2757342                    /usr/lib/x86_64-linux-gnu/libX11.so.6.3.0
7fa3ea04d000-7fa3ea051000 rw-p 00135000 08:03 2757342                    /usr/lib/x86_64-linux-gnu/libX11.so.6.3.0
7fa3ea051000-7fa3ea062000 r-xp 00000000 08:03 2760471                    /usr/lib/x86_64-linux-gnu/libXext.so.6.4.0
7fa3ea062000-7fa3ea261000 ---p 00011000 08:03 2760471                    /usr/lib/x86_64-linux-gnu/libXext.so.6.4.0
7fa3ea261000-7fa3ea262000 r--p 00010000 08:03 2760471                    /usr/lib/x86_64-linux-gnu/libXext.so.6.4.0
7fa3ea262000-7fa3ea263000 rw-p 00011000 08:03 2760471                    /usr/lib/x86_64-linux-gnu/libXext.so.6.4.0
7fa3ea28e000-7fa3ea2e2000 r-xp 00000000 08:03 4598837                    /usr/lib/jvm/java-8-openjdk-amd64/jre/lib/amd64/libawt_xawt.so
7fa3ea2e2000-7fa3ea4e1000 ---p 00054000 08:03 4598837                    /usr/lib/jvm/java-8-openjdk-amd64/jre/lib/amd64/libawt_xawt.so
7fa3ea4e1000-7fa3ea4e2000 r--p 00053000 08:03 4598837                    /usr/lib/jvm/java-8-openjdk-amd64/jre/lib/amd64/libawt_xawt.so
7fa3ea4e2000-7fa3ea4e5000 rw-p 00054000 08:03 4598837                    /usr/lib/jvm/java-8-openjdk-amd64/jre/lib/amd64/libawt_xawt.so
7fa3ea4e5000-7fa3ea4e6000 rw-p 00000000 00:00 0 
7fa3ea4e6000-7fa3ea586000 r-xp 00000000 08:03 4598835                    /usr/lib/jvm/java-8-openjdk-amd64/jre/lib/amd64/libawt.so
7fa3ea586000-7fa3ea785000 ---p 000a0000 08:03 4598835                    /usr/lib/jvm/java-8-openjdk-amd64/jre/lib/amd64/libawt.so
7fa3ea785000-7fa3ea786000 r--p 0009f000 08:03 4598835                    /usr/lib/jvm/java-8-openjdk-amd64/jre/lib/amd64/libawt.so
7fa3ea786000-7fa3ea791000 rw-p 000a0000 08:03 4598835                    /usr/lib/jvm/java-8-openjdk-amd64/jre/lib/amd64/libawt.so
7fa3ea791000-7fa3ea7b6000 rw-p 00000000 00:00 0 
7fa3ea7b6000-7fa3ea7bc000 r--s 000f4000 08:03 10755459                   /home/khryo/.m2/repository/org/processing/core/3.3.7/core-3.3.7.jar
7fa3ea7bc000-7fa3ea7c1000 r--s 00041000 08:03 10755471                   /home/khryo/.m2/repository/org/jbox2d/jbox2d-library/2.2.1.1/jbox2d-library-2.2.1.1.jar
7fa3ea7c1000-7fa3ea7c6000 r--s 00052000 08:03 10755644                   /home/khryo/Downloads/Box2D-for-Processing-master/Box2D-for-Processing/lib/jbox2d-library-2.2.1-ds.jar
7fa3ea7c6000-7fa3ea7c7000 ---p 00000000 00:00 0 
7fa3ea7c7000-7fa3ea8c7000 rw-p 00000000 00:00 0 
7fa3ea8c7000-7fa3ea8ca000 ---p 00000000 00:00 0 
7fa3ea8ca000-7fa3ea9c8000 rw-p 00000000 00:00 0 
7fa3ea9c8000-7fa3ea9c9000 ---p 00000000 00:00 0 
7fa3ea9c9000-7fa3ea9cc000 ---p 00000000 00:00 0 
7fa3ea9cc000-7fa3eaac9000 rw-p 00000000 00:00 0 
7fa3eaac9000-7fa3eaaca000 ---p 00000000 00:00 0 
7fa3eaaca000-7fa3eaacd000 ---p 00000000 00:00 0 
7fa3eaacd000-7fa3eabca000 rw-p 00000000 00:00 0 
7fa3eabca000-7fa3eabcb000 ---p 00000000 00:00 0 
7fa3eabcb000-7fa3eabce000 ---p 00000000 00:00 0 
7fa3eabce000-7fa3eaccb000 rw-p 00000000 00:00 0 
7fa3eaccb000-7fa3eacce000 ---p 00000000 00:00 0 
7fa3eacce000-7fa3eadcc000 rw-p 00000000 00:00 0 
7fa3eadcc000-7fa3eb260000 r--p 00000000 08:03 2752862                    /usr/lib/locale/locale-archive
7fa3eb260000-7fa3eb263000 ---p 00000000 00:00 0 
7fa3eb263000-7fa3eb361000 rw-p 00000000 00:00 0 
7fa3eb361000-7fa3eb364000 ---p 00000000 00:00 0 
7fa3eb364000-7fa3eb462000 rw-p 00000000 00:00 0 
7fa3eb462000-7fa3eb463000 ---p 00000000 00:00 0 
7fa3eb463000-7fa3f0000000 rw-p 00000000 00:00 0 
7fa3f0000000-7fa3f0021000 rw-p 00000000 00:00 0 
7fa3f0021000-7fa3f4000000 ---p 00000000 00:00 0 
7fa3f4000000-7fa3f4021000 rw-p 00000000 00:00 0 
7fa3f4021000-7fa3f8000000 ---p 00000000 00:00 0 
7fa3f8000000-7fa3f8021000 rw-p 00000000 00:00 0 
7fa3f8021000-7fa3fc000000 ---p 00000000 00:00 0 
7fa3fc000000-7fa3fc021000 rw-p 00000000 00:00 0 
7fa3fc021000-7fa400000000 ---p 00000000 00:00 0 
7fa400003000-7fa400008000 r--s 002f9000 08:03 3016787                    /usr/lib/jvm/java-8-openjdk-amd64/jre/lib/charsets.jar
7fa400008000-7fa40000d000 r--s 0009d000 08:03 3016794                    /usr/lib/jvm/java-8-openjdk-amd64/jre/lib/jsse.jar
7fa40000d000-7fa400020000 r--s 00346000 08:03 3016798                    /usr/lib/jvm/java-8-openjdk-amd64/jre/lib/resources.jar
7fa400020000-7fa40003b000 r--s 00394000 08:03 5113463                    /usr/lib/jvm/java-8-openjdk-amd64/jre/lib/ext/cldrdata.jar
7fa40003b000-7fa400056000 r--s 001d6000 08:03 5113636                    /usr/lib/jvm/java-8-openjdk-amd64/jre/lib/ext/nashorn.jar
7fa400056000-7fa400258000 rw-p 00000000 00:00 0 
7fa400258000-7fa400427000 r--s 03c2f000 08:03 3016799                    /usr/lib/jvm/java-8-openjdk-amd64/jre/lib/rt.jar
7fa400427000-7fa401000000 rw-p 00000000 00:00 0 
7fa401000000-7fa401290000 rwxp 00000000 00:00 0 
7fa401290000-7fa410000000 ---p 00000000 00:00 0 
7fa410000000-7fa4103b5000 rw-p 00000000 00:00 0 
7fa4103b5000-7fa414000000 ---p 00000000 00:00 0 
7fa414001000-7fa414003000 r--s 00016000 08:03 3016792                    /usr/lib/jvm/java-8-openjdk-amd64/jre/lib/jce.jar
7fa414003000-7fa414009000 r--s 0003b000 08:03 5113639                    /usr/lib/jvm/java-8-openjdk-amd64/jre/lib/ext/sunjce_provider.jar
7fa414009000-7fa414013000 r--s 00116000 08:03 5113635                    /usr/lib/jvm/java-8-openjdk-amd64/jre/lib/ext/localedata.jar
7fa414013000-7fa414015000 r--s 00001000 08:03 5113465                    /usr/lib/jvm/java-8-openjdk-amd64/jre/lib/ext/dnsns.jar
7fa414015000-7fa414017000 r--s 00008000 08:03 5113638                    /usr/lib/jvm/java-8-openjdk-amd64/jre/lib/ext/sunec.jar
7fa414017000-7fa414018000 r--s 0000a000 08:03 5113633                    /usr/lib/jvm/java-8-openjdk-amd64/jre/lib/ext/jaccess.jar
7fa414018000-7fa414019000 r--s 00010000 08:03 5113641                    /usr/lib/jvm/java-8-openjdk-amd64/jre/lib/ext/zipfs.jar
7fa414019000-7fa41401c000 r--s 0000f000 08:03 5113632                    /usr/lib/jvm/java-8-openjdk-amd64/jre/lib/ext/icedtea-sound.jar
7fa41401c000-7fa414143000 rw-p 00000000 00:00 0 
7fa414143000-7fa414144000 ---p 00000000 00:00 0 
7fa414144000-7fa414244000 rw-p 00000000 00:00 0 
7fa414244000-7fa414245000 ---p 00000000 00:00 0 
7fa414245000-7fa414345000 rw-p 00000000 00:00 0 
7fa414345000-7fa414346000 ---p 00000000 00:00 0 
7fa414346000-7fa414446000 rw-p 00000000 00:00 0 
7fa414446000-7fa414447000 ---p 00000000 00:00 0 
7fa414447000-7fa4146a8000 rw-p 00000000 00:00 0 
7fa4146a8000-7fa4147d8000 ---p 00000000 00:00 0 
7fa4147d8000-7fa414939000 rw-p 00000000 00:00 0 
7fa414939000-7fa414a68000 ---p 00000000 00:00 0 
7fa414a68000-7fa414bb1000 rw-p 00000000 00:00 0 
7fa414bb1000-7fa414bbd000 rw-p 00000000 00:00 0 
7fa414bbd000-7fa414f72000 ---p 00000000 00:00 0 
7fa414f72000-7fa414f7a000 r-xp 00000000 08:03 4598865                    /usr/lib/jvm/java-8-openjdk-amd64/jre/lib/amd64/libzip.so
7fa414f7a000-7fa415179000 ---p 00008000 08:03 4598865                    /usr/lib/jvm/java-8-openjdk-amd64/jre/lib/amd64/libzip.so
7fa415179000-7fa41517a000 r--p 00007000 08:03 4598865                    /usr/lib/jvm/java-8-openjdk-amd64/jre/lib/amd64/libzip.so
7fa41517a000-7fa41517b000 rw-p 00008000 08:03 4598865                    /usr/lib/jvm/java-8-openjdk-amd64/jre/lib/amd64/libzip.so
7fa41517b000-7fa415186000 r-xp 00000000 08:03 3678400                    /lib/x86_64-linux-gnu/libnss_files-2.27.so
7fa415186000-7fa415385000 ---p 0000b000 08:03 3678400                    /lib/x86_64-linux-gnu/libnss_files-2.27.so
7fa415385000-7fa415386000 r--p 0000a000 08:03 3678400                    /lib/x86_64-linux-gnu/libnss_files-2.27.so
7fa415386000-7fa415387000 rw-p 0000b000 08:03 3678400                    /lib/x86_64-linux-gnu/libnss_files-2.27.so
7fa415387000-7fa41538d000 rw-p 00000000 00:00 0 
7fa41538d000-7fa4153a4000 r-xp 00000000 08:03 3678397                    /lib/x86_64-linux-gnu/libnsl-2.27.so
7fa4153a4000-7fa4155a3000 ---p 00017000 08:03 3678397                    /lib/x86_64-linux-gnu/libnsl-2.27.so
7fa4155a3000-7fa4155a4000 r--p 00016000 08:03 3678397                    /lib/x86_64-linux-gnu/libnsl-2.27.so
7fa4155a4000-7fa4155a5000 rw-p 00017000 08:03 3678397                    /lib/x86_64-linux-gnu/libnsl-2.27.so
7fa4155a5000-7fa4155a7000 rw-p 00000000 00:00 0 
7fa4155a7000-7fa4155b2000 r-xp 00000000 08:03 3678402                    /lib/x86_64-linux-gnu/libnss_nis-2.27.so
7fa4155b2000-7fa4157b1000 ---p 0000b000 08:03 3678402                    /lib/x86_64-linux-gnu/libnss_nis-2.27.so
7fa4157b1000-7fa4157b2000 r--p 0000a000 08:03 3678402                    /lib/x86_64-linux-gnu/libnss_nis-2.27.so
7fa4157b2000-7fa4157b3000 rw-p 0000b000 08:03 3678402                    /lib/x86_64-linux-gnu/libnss_nis-2.27.so
7fa4157b3000-7fa4157bb000 r-xp 00000000 08:03 3678398                    /lib/x86_64-linux-gnu/libnss_compat-2.27.so
7fa4157bb000-7fa4159bb000 ---p 00008000 08:03 3678398                    /lib/x86_64-linux-gnu/libnss_compat-2.27.so
7fa4159bb000-7fa4159bc000 r--p 00008000 08:03 3678398                    /lib/x86_64-linux-gnu/libnss_compat-2.27.so
7fa4159bc000-7fa4159bd000 rw-p 00009000 08:03 3678398                    /lib/x86_64-linux-gnu/libnss_compat-2.27.so
7fa4159bd000-7fa4159eb000 r-xp 00000000 08:03 4598846                    /usr/lib/jvm/java-8-openjdk-amd64/jre/lib/amd64/libjava.so
7fa4159eb000-7fa415bea000 ---p 0002e000 08:03 4598846                    /usr/lib/jvm/java-8-openjdk-amd64/jre/lib/amd64/libjava.so
7fa415bea000-7fa415beb000 r--p 0002d000 08:03 4598846                    /usr/lib/jvm/java-8-openjdk-amd64/jre/lib/amd64/libjava.so
7fa415beb000-7fa415bed000 rw-p 0002e000 08:03 4598846                    /usr/lib/jvm/java-8-openjdk-amd64/jre/lib/amd64/libjava.so
7fa415bed000-7fa415bfd000 r-xp 00000000 08:03 4598864                    /usr/lib/jvm/java-8-openjdk-amd64/jre/lib/amd64/libverify.so
7fa415bfd000-7fa415dfc000 ---p 00010000 08:03 4598864                    /usr/lib/jvm/java-8-openjdk-amd64/jre/lib/amd64/libverify.so
7fa415dfc000-7fa415dfe000 r--p 0000f000 08:03 4598864                    /usr/lib/jvm/java-8-openjdk-amd64/jre/lib/amd64/libverify.so
7fa415dfe000-7fa415dff000 rw-p 00011000 08:03 4598864                    /usr/lib/jvm/java-8-openjdk-amd64/jre/lib/amd64/libverify.so
7fa415dff000-7fa415e06000 r-xp 00000000 08:03 3678407                    /lib/x86_64-linux-gnu/librt-2.27.so
7fa415e06000-7fa416005000 ---p 00007000 08:03 3678407                    /lib/x86_64-linux-gnu/librt-2.27.so
7fa416005000-7fa416006000 r--p 00006000 08:03 3678407                    /lib/x86_64-linux-gnu/librt-2.27.so
7fa416006000-7fa416007000 rw-p 00007000 08:03 3678407                    /lib/x86_64-linux-gnu/librt-2.27.so
7fa416007000-7fa41601e000 r-xp 00000000 08:03 3678385                    /lib/x86_64-linux-gnu/libgcc_s.so.1
7fa41601e000-7fa41621d000 ---p 00017000 08:03 3678385                    /lib/x86_64-linux-gnu/libgcc_s.so.1
7fa41621d000-7fa41621e000 r--p 00016000 08:03 3678385                    /lib/x86_64-linux-gnu/libgcc_s.so.1
7fa41621e000-7fa41621f000 rw-p 00017000 08:03 3678385                    /lib/x86_64-linux-gnu/libgcc_s.so.1
7fa41621f000-7fa4163bc000 r-xp 00000000 08:03 3678394                    /lib/x86_64-linux-gnu/libm-2.27.so
7fa4163bc000-7fa4165bb000 ---p 0019d000 08:03 3678394                    /lib/x86_64-linux-gnu/libm-2.27.so
7fa4165bb000-7fa4165bc000 r--p 0019c000 08:03 3678394                    /lib/x86_64-linux-gnu/libm-2.27.so
7fa4165bc000-7fa4165bd000 rw-p 0019d000 08:03 3678394                    /lib/x86_64-linux-gnu/libm-2.27.so
7fa4165bd000-7fa41673b000 r-xp 00000000 08:03 2752570                    /usr/lib/x86_64-linux-gnu/libstdc++.so.6.0.25
7fa41673b000-7fa41693b000 ---p 0017e000 08:03 2752570                    /usr/lib/x86_64-linux-gnu/libstdc++.so.6.0.25
7fa41693b000-7fa416945000 r--p 0017e000 08:03 2752570                    /usr/lib/x86_64-linux-gnu/libstdc++.so.6.0.25
7fa416945000-7fa416947000 rw-p 00188000 08:03 2752570                    /usr/lib/x86_64-linux-gnu/libstdc++.so.6.0.25
7fa416947000-7fa41694b000 rw-p 00000000 00:00 0 
7fa41694b000-7fa4175dc000 r-xp 00000000 08:03 4856678                    /usr/lib/jvm/java-8-openjdk-amd64/jre/lib/amd64/server/libjvm.so
7fa4175dc000-7fa4177dc000 ---p 00c91000 08:03 4856678                    /usr/lib/jvm/java-8-openjdk-amd64/jre/lib/amd64/server/libjvm.so
7fa4177dc000-7fa41786f000 r--p 00c91000 08:03 4856678                    /usr/lib/jvm/java-8-openjdk-amd64/jre/lib/amd64/server/libjvm.so
7fa41786f000-7fa417897000 rw-p 00d24000 08:03 4856678                    /usr/lib/jvm/java-8-openjdk-amd64/jre/lib/amd64/server/libjvm.so
7fa417897000-7fa4178c8000 rw-p 00000000 00:00 0 
7fa4178c8000-7fa4178e2000 r-xp 00000000 08:03 3678405                    /lib/x86_64-linux-gnu/libpthread-2.27.so
7fa4178e2000-7fa417ae1000 ---p 0001a000 08:03 3678405                    /lib/x86_64-linux-gnu/libpthread-2.27.so
7fa417ae1000-7fa417ae2000 r--p 00019000 08:03 3678405                    /lib/x86_64-linux-gnu/libpthread-2.27.so
7fa417ae2000-7fa417ae3000 rw-p 0001a000 08:03 3678405                    /lib/x86_64-linux-gnu/libpthread-2.27.so
7fa417ae3000-7fa417ae7000 rw-p 00000000 00:00 0 
7fa417ae7000-7fa417aea000 r-xp 00000000 08:03 3678393                    /lib/x86_64-linux-gnu/libdl-2.27.so
7fa417aea000-7fa417ce9000 ---p 00003000 08:03 3678393                    /lib/x86_64-linux-gnu/libdl-2.27.so
7fa417ce9000-7fa417cea000 r--p 00002000 08:03 3678393                    /lib/x86_64-linux-gnu/libdl-2.27.so
7fa417cea000-7fa417ceb000 rw-p 00003000 08:03 3678393                    /lib/x86_64-linux-gnu/libdl-2.27.so
7fa417ceb000-7fa417d07000 r-xp 00000000 08:03 3674607                    /lib/x86_64-linux-gnu/libz.so.1.2.11
7fa417d07000-7fa417f06000 ---p 0001c000 08:03 3674607                    /lib/x86_64-linux-gnu/libz.so.1.2.11
7fa417f06000-7fa417f07000 r--p 0001b000 08:03 3674607                    /lib/x86_64-linux-gnu/libz.so.1.2.11
7fa417f07000-7fa417f08000 rw-p 0001c000 08:03 3674607                    /lib/x86_64-linux-gnu/libz.so.1.2.11
7fa417f08000-7fa4180ef000 r-xp 00000000 08:03 3678390                    /lib/x86_64-linux-gnu/libc-2.27.so
7fa4180ef000-7fa4182ef000 ---p 001e7000 08:03 3678390                    /lib/x86_64-linux-gnu/libc-2.27.so
7fa4182ef000-7fa4182f3000 r--p 001e7000 08:03 3678390                    /lib/x86_64-linux-gnu/libc-2.27.so
7fa4182f3000-7fa4182f5000 rw-p 001eb000 08:03 3678390                    /lib/x86_64-linux-gnu/libc-2.27.so
7fa4182f5000-7fa4182f9000 rw-p 00000000 00:00 0 
7fa4182f9000-7fa418307000 r-xp 00000000 08:03 4722397                    /usr/lib/jvm/java-8-openjdk-amd64/jre/lib/amd64/jli/libjli.so
7fa418307000-7fa418506000 ---p 0000e000 08:03 4722397                    /usr/lib/jvm/java-8-openjdk-amd64/jre/lib/amd64/jli/libjli.so
7fa418506000-7fa418507000 r--p 0000d000 08:03 4722397                    /usr/lib/jvm/java-8-openjdk-amd64/jre/lib/amd64/jli/libjli.so
7fa418507000-7fa418508000 rw-p 0000e000 08:03 4722397                    /usr/lib/jvm/java-8-openjdk-amd64/jre/lib/amd64/jli/libjli.so
7fa418508000-7fa41852f000 r-xp 00000000 08:03 3674177                    /lib/x86_64-linux-gnu/ld-2.27.so
7fa41852f000-7fa418531000 r--s 00007000 08:03 3285473                    /usr/share/java/java-atk-wrapper.jar
7fa418531000-7fa418534000 r--s 00038000 08:03 5113640                    /usr/lib/jvm/java-8-openjdk-amd64/jre/lib/ext/sunpkcs11.jar
7fa418534000-7fa4185ff000 rw-p 00000000 00:00 0 
7fa4185ff000-7fa418600000 ---p 00000000 00:00 0 
7fa418600000-7fa418603000 ---p 00000000 00:00 0 
7fa418603000-7fa418723000 rw-p 00000000 00:00 0 
7fa418723000-7fa41872b000 rw-s 00000000 08:03 5505410                    /tmp/hsperfdata_khryo/2532
7fa41872b000-7fa41872c000 rw-p 00000000 00:00 0 
7fa41872c000-7fa41872d000 ---p 00000000 00:00 0 
7fa41872d000-7fa41872f000 rw-p 00000000 00:00 0 
7fa41872f000-7fa418730000 r--p 00027000 08:03 3674177                    /lib/x86_64-linux-gnu/ld-2.27.so
7fa418730000-7fa418731000 rw-p 00028000 08:03 3674177                    /lib/x86_64-linux-gnu/ld-2.27.so
7fa418731000-7fa418732000 rw-p 00000000 00:00 0 
7fffd1444000-7fffd1465000 rw-p 00000000 00:00 0                          [stack]
7fffd15af000-7fffd15b2000 r--p 00000000 00:00 0                          [vvar]
7fffd15b2000-7fffd15b4000 r-xp 00000000 00:00 0                          [vdso]
ffffffffff600000-ffffffffff601000 r-xp 00000000 00:00 0                  [vsyscall]

VM Arguments:
jvm_args: -Dfile.encoding=UTF-8 
java_command: tanktrouble.GameMaster
java_class_path (initial): /usr/lib/jvm/java-8-openjdk-amd64/jre/lib/resources.jar:/usr/lib/jvm/java-8-openjdk-amd64/jre/lib/rt.jar:/usr/lib/jvm/java-8-openjdk-amd64/jre/lib/jsse.jar:/usr/lib/jvm/java-8-openjdk-amd64/jre/lib/jce.jar:/usr/lib/jvm/java-8-openjdk-amd64/jre/lib/charsets.jar:/usr/lib/jvm/java-8-openjdk-amd64/jre/lib/ext/sunpkcs11.jar:/usr/lib/jvm/java-8-openjdk-amd64/jre/lib/ext/icedtea-sound.jar:/usr/lib/jvm/java-8-openjdk-amd64/jre/lib/ext/nashorn.jar:/usr/lib/jvm/java-8-openjdk-amd64/jre/lib/ext/java-atk-wrapper.jar:/usr/lib/jvm/java-8-openjdk-amd64/jre/lib/ext/zipfs.jar:/usr/lib/jvm/java-8-openjdk-amd64/jre/lib/ext/jaccess.jar:/usr/lib/jvm/java-8-openjdk-amd64/jre/lib/ext/sunec.jar:/usr/lib/jvm/java-8-openjdk-amd64/jre/lib/ext/dnsns.jar:/usr/lib/jvm/java-8-openjdk-amd64/jre/lib/ext/localedata.jar:/usr/lib/jvm/java-8-openjdk-amd64/jre/lib/ext/sunjce_provider.jar:/usr/lib/jvm/java-8-openjdk-amd64/jre/lib/ext/cldrdata.jar:/home/khryo/Desktop/00/18/Docs/USACO/tanktrouble/target/classes:/home/khryo/Downloads/Box2D-for-Processing-master/Box2D-for-Processing/lib/jbox2d-library-2.2.1-ds.jar:/home/khryo/.m2/repository/org/jbox2d/jbox2d-library/2.2.1.1/jbox2d-library-2.2.1.1.jar:/home/khryo/.m2/repository/org/processing/core/3.3.7/core-3.3.7.jar
Launcher Type: SUN_STANDARD

Environment Variables:
PATH=/home/khryo/bin:/home/khryo/.local/bin:/usr/local/sbin:/usr/local/bin:/usr/sbin:/usr/bin:/sbin:/bin:/usr/games:/usr/local/games:/snap/bin
USERNAME=khryo
SHELL=/bin/bash
DISPLAY=:0

Signal Handlers:
SIGSEGV: [libjvm.so+0xaabcd0], sa_mask[0]=11111111011111111101111111111110, sa_flags=SA_RESTART|SA_SIGINFO
SIGBUS: [libjvm.so+0xaabcd0], sa_mask[0]=11111111011111111101111111111110, sa_flags=SA_RESTART|SA_SIGINFO
SIGFPE: [libjvm.so+0x8e1d50], sa_mask[0]=11111111011111111101111111111110, sa_flags=SA_RESTART|SA_SIGINFO
SIGPIPE: [libjvm.so+0x8e1d50], sa_mask[0]=11111111011111111101111111111110, sa_flags=SA_RESTART|SA_SIGINFO
SIGXFSZ: [libjvm.so+0x8e1d50], sa_mask[0]=11111111011111111101111111111110, sa_flags=SA_RESTART|SA_SIGINFO
SIGILL: [libjvm.so+0x8e1d50], sa_mask[0]=11111111011111111101111111111110, sa_flags=SA_RESTART|SA_SIGINFO
SIGUSR1: SIG_DFL, sa_mask[0]=00000000000000000000000000000000, sa_flags=none
SIGUSR2: [libjvm.so+0x8e1c00], sa_mask[0]=00100000000000000000000000000000, sa_flags=SA_RESTART|SA_SIGINFO
SIGHUP: [libjvm.so+0x8e20b0], sa_mask[0]=11111111011111111101111111111110, sa_flags=SA_RESTART|SA_SIGINFO
SIGINT: [libjvm.so+0x8e20b0], sa_mask[0]=11111111011111111101111111111110, sa_flags=SA_RESTART|SA_SIGINFO
SIGTERM: [libjvm.so+0x8e20b0], sa_mask[0]=11111111011111111101111111111110, sa_flags=SA_RESTART|SA_SIGINFO
SIGQUIT: [libjvm.so+0x8e20b0], sa_mask[0]=11111111011111111101111111111110, sa_flags=SA_RESTART|SA_SIGINFO


---------------  S Y S T E M  ---------------

OS:DISTRIB_ID=Ubuntu
DISTRIB_RELEASE=18.04
DISTRIB_CODENAME=bionic
DISTRIB_DESCRIPTION="Ubuntu 18.04 LTS"

uname:Linux 4.15.0-20-generic #21-Ubuntu SMP Tue Apr 24 06:16:15 UTC 2018 x86_64
libc:glibc 2.27 NPTL 2.27 
rlimit: STACK 8192k, CORE 0k, NPROC 29962, NOFILE 1048576, AS infinity
load average:4.97 3.61 2.14

/proc/meminfo:
MemTotal:        8068988 kB
MemFree:          128420 kB
MemAvailable:      99080 kB
Buffers:            5964 kB
Cached:           955844 kB
SwapCached:            0 kB
Active:          6717056 kB
Inactive:         865180 kB
Active(anon):    6647024 kB
Inactive(anon):   779676 kB
Active(file):      70032 kB
Inactive(file):    85504 kB
Unevictable:         424 kB
Mlocked:             424 kB
SwapTotal:             0 kB
SwapFree:              0 kB
Dirty:               700 kB
Writeback:             0 kB
AnonPages:       6620988 kB
Mapped:           434164 kB
Shmem:            810120 kB
Slab:             140400 kB
SReclaimable:      65612 kB
SUnreclaim:        74788 kB
KernelStack:       19648 kB
PageTables:       102676 kB
NFS_Unstable:          0 kB
Bounce:                0 kB
WritebackTmp:          0 kB
CommitLimit:     4034492 kB
Committed_AS:   17836604 kB
VmallocTotal:   34359738367 kB
VmallocUsed:           0 kB
VmallocChunk:          0 kB
HardwareCorrupted:     0 kB
AnonHugePages:         0 kB
ShmemHugePages:        0 kB
ShmemPmdMapped:        0 kB
CmaTotal:              0 kB
CmaFree:               0 kB
HugePages_Total:       0
HugePages_Free:        0
HugePages_Rsvd:        0
HugePages_Surp:        0
Hugepagesize:       2048 kB
DirectMap4k:      461612 kB
DirectMap2M:     7827456 kB
DirectMap1G:           0 kB


CPU:total 4 (initial active 4) (2 cores per cpu, 2 threads per core) family 6 model 61 stepping 4, cmov, cx8, fxsr, mmx, sse, sse2, sse3, ssse3, sse4.1, sse4.2, popcnt, avx, avx2, aes, clmul, erms, rtm, 3dnowpref, lzcnt, ht, tsc, tscinvbit, bmi1, bmi2, adx

/proc/cpuinfo:
processor	: 0
vendor_id	: GenuineIntel
cpu family	: 6
model		: 61
model name	: Intel(R) Core(TM) i7-5650U CPU @ 2.20GHz
stepping	: 4
microcode	: 0x21
cpu MHz		: 2814.949
cache size	: 4096 KB
physical id	: 0
siblings	: 4
core id		: 0
cpu cores	: 2
apicid		: 0
initial apicid	: 0
fpu		: yes
fpu_exception	: yes
cpuid level	: 20
wp		: yes
flags		: fpu vme de pse tsc msr pae mce cx8 apic sep mtrr pge mca cmov pat pse36 clflush dts acpi mmx fxsr sse sse2 ss ht tm pbe syscall nx pdpe1gb rdtscp lm constant_tsc arch_perfmon pebs bts rep_good nopl xtopology nonstop_tsc cpuid aperfmperf pni pclmulqdq dtes64 monitor ds_cpl vmx smx est tm2 ssse3 sdbg fma cx16 xtpr pdcm pcid sse4_1 sse4_2 x2apic movbe popcnt aes xsave avx f16c rdrand lahf_lm abm 3dnowprefetch cpuid_fault epb invpcid_single pti tpr_shadow vnmi flexpriority ept vpid fsgsbase tsc_adjust bmi1 hle avx2 smep bmi2 erms invpcid rtm rdseed adx smap intel_pt xsaveopt dtherm ida arat pln pts
bugs		: cpu_meltdown spectre_v1 spectre_v2
bogomips	: 4400.18
clflush size	: 64
cache_alignment	: 64
address sizes	: 39 bits physical, 48 bits virtual
power management:

processor	: 1
vendor_id	: GenuineIntel
cpu family	: 6
model		: 61
model name	: Intel(R) Core(TM) i7-5650U CPU @ 2.20GHz
stepping	: 4
microcode	: 0x21
cpu MHz		: 2812.598
cache size	: 4096 KB
physical id	: 0
siblings	: 4
core id		: 1
cpu cores	: 6
apicid		: 2
initial apicid	: 2
fpu		: yes
fpu_exception	: yes
cpuid level	: 20
wp		: yes
flags		: fpu vme de pse tsc msr pae mce cx8 apic sep mtrr pge mca cmov pat pse36 clflush dts acpi mmx fxsr sse sse2 ss ht tm pbe syscall nx pdpe1gb rdtscp lm constant_tsc arch_perfmon pebs bts rep_good nopl xtopology nonstop_tsc cpuid aperfmperf pni pclmulqdq dtes64 monitor ds_cpl vmx smx est tm2 ssse3 sdbg fma cx16 xtpr pdcm pcid sse4_1 sse4_2 x2apic movbe popcnt aes xsave avx f16c rdrand lahf_lm abm 3dnowprefetch cpuid_fault epb invpcid_single pti tpr_shadow vnmi flexpriority ept vpid fsgsbase tsc_adjust bmi1 hle avx2 smep bmi2 erms invpcid rtm rdseed adx smap intel_pt xsaveopt dtherm ida arat pln pts
bugs		: cpu_meltdown spectre_v1 spectre_v2
bogomips	: 4400.18
clflush size	: 64
cache_alignment	: 64
address sizes	: 39 bits physical, 48 bits virtual
power management:

processor	: 2
vendor_id	: GenuineIntel
cpu family	: 6
model		: 61
model name	: Intel(R) Core(TM) i7-5650U CPU @ 2.20GHz
stepping	: 4
microcode	: 0x21
cpu MHz		: 2811.724
cache size	: 4096 KB
physical id	: 0
siblings	: 4
core id		: 0
cpu cores	: 2
apicid		: 1
initial apicid	: 1
fpu		: yes
fpu_exception	: yes
cpuid level	: 20
wp		: yes
flags		: fpu vme de pse tsc msr pae mce cx8 apic sep mtrr pge mca cmov pat pse36 clflush dts acpi mmx fxsr sse sse2 ss ht tm pbe syscall nx pdpe1gb rdtscp lm constant_tsc arch_perfmon pebs bts rep_good nopl xtopology nonstop_tsc cpuid aperfmperf pni pclmulqdq dtes64 monitor ds_cpl vmx smx est tm2 ssse3 sdbg fma cx16 xtpr pdcm pcid sse4_1 sse4_2 x2apic movbe popcnt aes xsave avx f16c rdrand lahf_lm abm 3dnowprefetch cpuid_fault epb invpcid_single pti tpr_shadow vnmi flexpriority ept vpid fsgsbase tsc_adjust bmi1 hle avx2 smep bmi2 erms invpcid rtm rdseed adx smap intel_pt xsaveopt dtherm ida arat pln pts
bugs		: cpu_meltdown spectre_v1 spectre_v2
bogomips	: 4400.18
clflush size	: 64
cache_alignment	: 64
address sizes	: 39 bits physical, 48 bits virtual
power management:

processor	: 3
vendor_id	: GenuineIntel
cpu family	: 6
model		: 61
model name	: Intel(R) Core(TM) i7-5650U CPU @ 2.20GHz
stepping	: 4
microcode	: 0x21
cpu MHz		: 2811.310
cache size	: 4096 KB
physical id	: 0
siblings	: 4
core id		: 1
cpu cores	: 2
apicid		: 3
initial apicid	: 3
fpu		: yes
fpu_exception	: yes
cpuid level	: 20
wp		: yes
flags		: fpu vme de pse tsc msr pae mce cx8 apic sep mtrr pge mca cmov pat pse36 clflush dts acpi mmx fxsr sse sse2 ss ht tm pbe syscall nx pdpe1gb rdtscp lm constant_tsc arch_perfmon pebs bts rep_good nopl xtopology nonstop_tsc cpuid aperfmperf pni pclmulqdq dtes64 monitor ds_cpl vmx smx est tm2 ssse3 sdbg fma cx16 xtpr pdcm pcid sse4_1 sse4_2 x2apic movbe popcnt aes xsave avx f16c rdrand lahf_lm abm 3dnowprefetch cpuid_fault epb invpcid_single pti tpr_shadow vnmi flexpriority ept vpid fsgsbase tsc_adjust bmi1 hle avx2 smep bmi2 erms invpcid rtm rdseed adx smap intel_pt xsaveopt dtherm ida arat pln pts
bugs		: cpu_meltdown spectre_v1 spectre_v2
bogomips	: 4400.18
clflush size	: 64
cache_alignment	: 64
address sizes	: 39 bits physical, 48 bits virtual
power management:



Memory: 4k page, physical 8068988k(128420k free), swap 0k(0k free)

vm_info: OpenJDK 64-Bit Server VM (25.171-b11) for linux-amd64 JRE (1.8.0_171-8u171-b11-0ubuntu0.18.04.1-b11), built on Apr 26 2018 15:59:34 by "buildd" with gcc 7.3.0

time: Mon May 21 10:47:36 2018
elapsed time: 16 seconds (0d 0h 0m 16s)

