#
# There is insufficient memory for the Java Runtime Environment to continue.
# Native memory allocation (mmap) failed to map 301465600 bytes for committing reserved memory.
# Possible reasons:
#   The system is out of physical RAM or swap space
#   In 32 bit mode, the process size limit was hit
# Possible solutions:
#   Reduce memory load on the system
#   Increase physical memory or swap space
#   Check if swap backing store is full
#   Use 64 bit Java on a 64 bit OS
#   Decrease Java heap size (-Xmx/-Xms)
#   Decrease number of Java threads
#   Decrease Java thread stack sizes (-Xss)
#   Set larger code cache with -XX:ReservedCodeCacheSize=
# This output file may be truncated or incomplete.
#
#  Out of Memory Error (os_linux.cpp:2643), pid=3607, tid=0x00007f25b8cfc700
#
# JRE version: OpenJDK Runtime Environment (8.0_171-b11) (build 1.8.0_171-8u171-b11-0ubuntu0.18.04.1-b11)
# Java VM: OpenJDK 64-Bit Server VM (25.171-b11 mixed mode linux-amd64 compressed oops)
# Failed to write core dump. Core dumps have been disabled. To enable core dumping, try "ulimit -c unlimited" before starting Java again
#

---------------  T H R E A D  ---------------

Current thread (0x00007f25c8079800):  VMThread [stack: 0x00007f25b8bfd000,0x00007f25b8cfd000] [id=3617]

Stack: [0x00007f25b8bfd000,0x00007f25b8cfd000],  sp=0x00007f25b8cfb440,  free space=1017k
Native frames: (J=compiled Java code, j=interpreted, Vv=VM code, C=native code)
V  [libjvm.so+0xaab382]
V  [libjvm.so+0x4d79a7]
V  [libjvm.so+0x8e66c0]
V  [libjvm.so+0x8e0c1e]
V  [libjvm.so+0x961436]
V  [libjvm.so+0x9500aa]
V  [libjvm.so+0x950278]
V  [libjvm.so+0x950e80]
V  [libjvm.so+0x95721c]
V  [libjvm.so+0x95f305]
V  [libjvm.so+0x90d978]
V  [libjvm.so+0xaad042]
V  [libjvm.so+0xab1c26]
V  [libjvm.so+0xaafec5]
V  [libjvm.so+0xab083d]
V  [libjvm.so+0xab0c17]
V  [libjvm.so+0x8e3b12]

VM_Operation (0x00007f256b2ee630): ParallelGCFailedAllocation, mode: safepoint, requested by thread 0x00007f25c8388800


---------------  P R O C E S S  ---------------

Java Threads: ( => current thread )
  0x00007f2564003800 JavaThread "Thread-0" daemon [_thread_in_native, id=3726, stack(0x00007f256b7f4000,0x00007f256bff4000)]
  0x00007f25c800b800 JavaThread "DestroyJavaVM" [_thread_blocked, id=3609, stack(0x00007f25d203d000,0x00007f25d213d000)]
  0x00007f25c8388800 JavaThread "Animation Thread" [_thread_blocked, id=3767, stack(0x00007f256b1ef000,0x00007f256b2f0000)]
  0x00007f25c837f800 JavaThread "AWT-EventQueue-1" [_thread_blocked, id=3763, stack(0x00007f256b2f0000,0x00007f256b3f1000)]
  0x00007f25c837d800 JavaThread "AWT-Shutdown" [_thread_blocked, id=3762, stack(0x00007f256b3f1000,0x00007f256b4f2000)]
  0x00007f25c82d2000 JavaThread "process reaper" daemon [_thread_blocked, id=3631, stack(0x00007f25b8028000,0x00007f25b8061000)]
  0x00007f25c82c6800 JavaThread "AWT-XAWT" daemon [_thread_blocked, id=3629, stack(0x00007f2581adb000,0x00007f2581bdc000)]
  0x00007f25c82a6800 JavaThread "Java2D Disposer" daemon [_thread_blocked, id=3628, stack(0x00007f25b006e000,0x00007f25b016f000)]
  0x00007f25c80d3800 JavaThread "Service Thread" daemon [_thread_blocked, id=3624, stack(0x00007f25b8061000,0x00007f25b8162000)]
  0x00007f25c80be800 JavaThread "C1 CompilerThread2" daemon [_thread_blocked, id=3623, stack(0x00007f25b8163000,0x00007f25b8263000)]
  0x00007f25c80bc800 JavaThread "C2 CompilerThread1" daemon [_thread_blocked, id=3622, stack(0x00007f25b8264000,0x00007f25b8364000)]
  0x00007f25c80b9800 JavaThread "C2 CompilerThread0" daemon [_thread_blocked, id=3621, stack(0x00007f25b8365000,0x00007f25b8465000)]
  0x00007f25c80b8000 JavaThread "Signal Dispatcher" daemon [_thread_blocked, id=3620, stack(0x00007f25b8465000,0x00007f25b8566000)]
  0x00007f25c8085800 JavaThread "Finalizer" daemon [_thread_blocked, id=3619, stack(0x00007f25b89fa000,0x00007f25b8afb000)]
  0x00007f25c8081000 JavaThread "Reference Handler" daemon [_thread_blocked, id=3618, stack(0x00007f25b8afb000,0x00007f25b8bfc000)]

Other Threads:
=>0x00007f25c8079800 VMThread [stack: 0x00007f25b8bfd000,0x00007f25b8cfd000] [id=3617]
  0x00007f25c80d6000 WatcherThread [stack: 0x00007f25b0170000,0x00007f25b0270000] [id=3625]

VM state:at safepoint (normal execution)

VM Mutex/Monitor currently owned by a thread:  ([mutex/lock_event])
[0x00007f25c8007c30] ExpandHeap_lock - owner thread: 0x00007f25c8079800
[0x00007f25c80082b0] Threads_lock - owner thread: 0x00007f25c8079800
[0x00007f25c80087b0] Heap_lock - owner thread: 0x00007f25c8388800

Heap:
 PSYoungGen      total 448512K, used 0K [0x00000000d6f80000, 0x0000000100000000, 0x0000000100000000)
  eden space 224768K, 0% used [0x00000000d6f80000,0x00000000d6f80000,0x00000000e4b00000)
  from space 223744K, 0% used [0x00000000f2580000,0x00000000f2580000,0x0000000100000000)
  to   space 223744K, 0% used [0x00000000e4b00000,0x00000000e4b00000,0x00000000f2580000)
 ParOldGen       total 553472K, used 523995K [0x0000000084e00000, 0x00000000a6a80000, 0x00000000d6f80000)
  object space 553472K, 94% used [0x0000000084e00000,0x00000000a4db6f60,0x00000000a6a80000)
 Metaspace       used 11308K, capacity 11622K, committed 11904K, reserved 1060864K
  class space    used 1239K, capacity 1332K, committed 1408K, reserved 1048576K

Card table byte_map: [0x00007f25ce215000,0x00007f25ce5ef000] byte_map_base: 0x00007f25cddee000

Marking Bits: (ParMarkBitMap*) 0x00007f25d12e8140
 Begin Bits: [0x00007f25b0270000, 0x00007f25b2138000)
 End Bits:   [0x00007f25b2138000, 0x00007f25b4000000)

Polling page: 0x00007f25d2169000

CodeCache: size=245760Kb used=2652Kb max_used=2652Kb free=243107Kb
 bounds [0x00007f25b9000000, 0x00007f25b92a0000, 0x00007f25c8000000]
 total_blobs=1157 nmethods=616 adapters=456
 compilation: enabled

Compilation events (10 events):
Event: 8.702 Thread 0x00007f25c80be800  616       3       sun.awt.AWTAutoShutdown::getInstance (4 bytes)
Event: 8.702 Thread 0x00007f25c80be800 nmethod 616 0x00007f25b9297310 code [0x00007f25b9297460, 0x00007f25b9297590]
Event: 8.702 Thread 0x00007f25c80be800  607       1       java.awt.EventQueue::access$400 (5 bytes)
Event: 8.702 Thread 0x00007f25c80be800 nmethod 607 0x00007f25b9297610 code [0x00007f25b9297760, 0x00007f25b9297850]
Event: 8.702 Thread 0x00007f25c80be800  614       1       java.awt.EventDispatchThread$1::evaluate (2 bytes)
Event: 8.703 Thread 0x00007f25c80be800 nmethod 614 0x00007f25b92978d0 code [0x00007f25b9297a20, 0x00007f25b9297b30]
Event: 8.703 Thread 0x00007f25c80be800  615  s    1       java.awt.EventDispatchThread::getEventQueue (5 bytes)
Event: 8.703 Thread 0x00007f25c80be800 nmethod 615 0x00007f25b9297b90 code [0x00007f25b9297ce0, 0x00007f25b9297f50]
Event: 8.703 Thread 0x00007f25c80be800  612       1       javax.management.openmbean.TabularType::getIndexNames (5 bytes)
Event: 8.703 Thread 0x00007f25c80be800 nmethod 612 0x00007f25b9297fd0 code [0x00007f25b9298120, 0x00007f25b9298230]

GC Heap History (10 events):
Event: 5.429 GC heap after
Heap after GC invocations=10 (full 3):
 PSYoungGen      total 282624K, used 150528K [0x00000000d6f80000, 0x00000000fe700000, 0x0000000100000000)
  eden space 132096K, 0% used [0x00000000d6f80000,0x00000000d6f80000,0x00000000df080000)
  from space 150528K, 100% used [0x00000000df080000,0x00000000e8380000,0x00000000e8380000)
  to   space 223744K, 0% used [0x00000000f0c80000,0x00000000f0c80000,0x00000000fe700000)
 ParOldGen       total 338944K, used 251382K [0x0000000084e00000, 0x0000000099900000, 0x00000000d6f80000)
  object space 338944K, 74% used [0x0000000084e00000,0x000000009437d898,0x0000000099900000)
 Metaspace       used 11248K, capacity 11554K, committed 11904K, reserved 1060864K
  class space    used 1239K, capacity 1332K, committed 1408K, reserved 1048576K
}
Event: 5.429 GC heap before
{Heap before GC invocations=11 (full 4):
 PSYoungGen      total 282624K, used 150528K [0x00000000d6f80000, 0x00000000fe700000, 0x0000000100000000)
  eden space 132096K, 0% used [0x00000000d6f80000,0x00000000d6f80000,0x00000000df080000)
  from space 150528K, 100% used [0x00000000df080000,0x00000000e8380000,0x00000000e8380000)
  to   space 223744K, 0% used [0x00000000f0c80000,0x00000000f0c80000,0x00000000fe700000)
 ParOldGen       total 338944K, used 251382K [0x0000000084e00000, 0x0000000099900000, 0x00000000d6f80000)
  object space 338944K, 74% used [0x0000000084e00000,0x000000009437d898,0x0000000099900000)
 Metaspace       used 11248K, capacity 11554K, committed 11904K, reserved 1060864K
  class space    used 1239K, capacity 1332K, committed 1408K, reserved 1048576K
Event: 7.333 GC heap after
Heap after GC invocations=11 (full 4):
 PSYoungGen      total 282624K, used 0K [0x00000000d6f80000, 0x00000000fe700000, 0x0000000100000000)
  eden space 132096K, 0% used [0x00000000d6f80000,0x00000000d6f80000,0x00000000df080000)
  from space 150528K, 0% used [0x00000000df080000,0x00000000df080000,0x00000000e8380000)
  to   space 223744K, 0% used [0x00000000f0c80000,0x00000000f0c80000,0x00000000fe700000)
 ParOldGen       total 516608K, used 272285K [0x0000000084e00000, 0x00000000a4680000, 0x00000000d6f80000)
  object space 516608K, 52% used [0x0000000084e00000,0x00000000957e7740,0x00000000a4680000)
 Metaspace       used 11248K, capacity 11554K, committed 11904K, reserved 1060864K
  class space    used 1239K, capacity 1332K, committed 1408K, reserved 1048576K
}
Event: 7.397 GC heap before
{Heap before GC invocations=12 (full 4):
 PSYoungGen      total 282624K, used 132096K [0x00000000d6f80000, 0x00000000fe700000, 0x0000000100000000)
  eden space 132096K, 100% used [0x00000000d6f80000,0x00000000df080000,0x00000000df080000)
  from space 150528K, 0% used [0x00000000df080000,0x00000000df080000,0x00000000e8380000)
  to   space 223744K, 0% used [0x00000000f0c80000,0x00000000f0c80000,0x00000000fe700000)
 ParOldGen       total 516608K, used 272285K [0x0000000084e00000, 0x00000000a4680000, 0x00000000d6f80000)
  object space 516608K, 52% used [0x0000000084e00000,0x00000000957e7740,0x00000000a4680000)
 Metaspace       used 11271K, capacity 11554K, committed 11904K, reserved 1060864K
  class space    used 1239K, capacity 1332K, committed 1408K, reserved 1048576K
Event: 7.754 GC heap after
Heap after GC invocations=12 (full 4):
 PSYoungGen      total 400384K, used 130528K [0x00000000d6f80000, 0x00000000fdc00000, 0x0000000100000000)
  eden space 187904K, 0% used [0x00000000d6f80000,0x00000000d6f80000,0x00000000e2700000)
  from space 212480K, 61% used [0x00000000f0c80000,0x00000000f8bf8000,0x00000000fdc00000)
  to   space 223744K, 0% used [0x00000000e2700000,0x00000000e2700000,0x00000000f0180000)
 ParOldGen       total 516608K, used 272293K [0x0000000084e00000, 0x00000000a4680000, 0x00000000d6f80000)
  object space 516608K, 52% used [0x0000000084e00000,0x00000000957e9740,0x00000000a4680000)
 Metaspace       used 11271K, capacity 11554K, committed 11904K, reserved 1060864K
  class space    used 1239K, capacity 1332K, committed 1408K, reserved 1048576K
}
Event: 7.848 GC heap before
{Heap before GC invocations=13 (full 4):
 PSYoungGen      total 400384K, used 318432K [0x00000000d6f80000, 0x00000000fdc00000, 0x0000000100000000)
  eden space 187904K, 100% used [0x00000000d6f80000,0x00000000e2700000,0x00000000e2700000)
  from space 212480K, 61% used [0x00000000f0c80000,0x00000000f8bf8000,0x00000000fdc00000)
  to   space 223744K, 0% used [0x00000000e2700000,0x00000000e2700000,0x00000000f0180000)
 ParOldGen       total 516608K, used 272293K [0x0000000084e00000, 0x00000000a4680000, 0x00000000d6f80000)
  object space 516608K, 52% used [0x0000000084e00000,0x00000000957e9740,0x00000000a4680000)
 Metaspace       used 11300K, capacity 11622K, committed 11904K, reserved 1060864K
  class space    used 1239K, capacity 1332K, committed 1408K, reserved 1048576K
Event: 8.698 GC heap after
Heap after GC invocations=13 (full 4):
 PSYoungGen      total 411648K, used 223744K [0x00000000d6f80000, 0x0000000100000000, 0x0000000100000000)
  eden space 187904K, 0% used [0x00000000d6f80000,0x00000000d6f80000,0x00000000e2700000)
  from space 223744K, 100% used [0x00000000e2700000,0x00000000f0180000,0x00000000f0180000)
  to   space 223744K, 0% used [0x00000000f2580000,0x00000000f2580000,0x0000000100000000)
 ParOldGen       total 516608K, used 365725K [0x0000000084e00000, 0x00000000a4680000, 0x00000000d6f80000)
  object space 516608K, 70% used [0x0000000084e00000,0x000000009b327740,0x00000000a4680000)
 Metaspace       used 11300K, capacity 11622K, committed 11904K, reserved 1060864K
  class space    used 1239K, capacity 1332K, committed 1408K, reserved 1048576K
}
Event: 8.790 GC heap before
{Heap before GC invocations=14 (full 4):
 PSYoungGen      total 411648K, used 411648K [0x00000000d6f80000, 0x0000000100000000, 0x0000000100000000)
  eden space 187904K, 100% used [0x00000000d6f80000,0x00000000e2700000,0x00000000e2700000)
  from space 223744K, 100% used [0x00000000e2700000,0x00000000f0180000,0x00000000f0180000)
  to   space 223744K, 0% used [0x00000000f2580000,0x00000000f2580000,0x0000000100000000)
 ParOldGen       total 516608K, used 365725K [0x0000000084e00000, 0x00000000a4680000, 0x00000000d6f80000)
  object space 516608K, 70% used [0x0000000084e00000,0x000000009b327740,0x00000000a4680000)
 Metaspace       used 11308K, capacity 11622K, committed 11904K, reserved 1060864K
  class space    used 1239K, capacity 1332K, committed 1408K, reserved 1048576K
Event: 9.472 GC heap after
Heap after GC invocations=14 (full 4):
 PSYoungGen      total 448512K, used 223744K [0x00000000d6f80000, 0x0000000100000000, 0x0000000100000000)
  eden space 224768K, 0% used [0x00000000d6f80000,0x00000000d6f80000,0x00000000e4b00000)
  from space 223744K, 100% used [0x00000000f2580000,0x0000000100000000,0x0000000100000000)
  to   space 223744K, 0% used [0x00000000e4b00000,0x00000000e4b00000,0x00000000f2580000)
 ParOldGen       total 553472K, used 553309K [0x0000000084e00000, 0x00000000a6a80000, 0x00000000d6f80000)
  object space 553472K, 99% used [0x0000000084e00000,0x00000000a6a57740,0x00000000a6a80000)
 Metaspace       used 11308K, capacity 11622K, committed 11904K, reserved 1060864K
  class space    used 1239K, capacity 1332K, committed 1408K, reserved 1048576K
}
Event: 9.472 GC heap before
{Heap before GC invocations=15 (full 5):
 PSYoungGen      total 448512K, used 223744K [0x00000000d6f80000, 0x0000000100000000, 0x0000000100000000)
  eden space 224768K, 0% used [0x00000000d6f80000,0x00000000d6f80000,0x00000000e4b00000)
  from space 223744K, 100% used [0x00000000f2580000,0x0000000100000000,0x0000000100000000)
  to   space 223744K, 0% used [0x00000000e4b00000,0x00000000e4b00000,0x00000000f2580000)
 ParOldGen       total 553472K, used 553309K [0x0000000084e00000, 0x00000000a6a80000, 0x00000000d6f80000)
  object space 553472K, 99% used [0x0000000084e00000,0x00000000a6a57740,0x00000000a6a80000)
 Metaspace       used 11308K, capacity 11622K, committed 11904K, reserved 1060864K
  class space    used 1239K, capacity 1332K, committed 1408K, reserved 1048576K

Deoptimization events (3 events):
Event: 1.427 Thread 0x00007f25c82c6800 Uncommon trap: reason=unstable_if action=reinterpret pc=0x00007f25b923bd38 method=java.util.LinkedList.linkLast(Ljava/lang/Object;)V @ 22
Event: 1.448 Thread 0x00007f25c837f800 Uncommon trap: reason=unstable_if action=reinterpret pc=0x00007f25b923b424 method=java.util.LinkedList.linkLast(Ljava/lang/Object;)V @ 22
Event: 1.450 Thread 0x00007f25c837f800 Uncommon trap: reason=unstable_if action=reinterpret pc=0x00007f25b923b6f0 method=java.util.LinkedList.unlinkFirst(Ljava/util/LinkedList$Node;)Ljava/lang/Object; @ 26

Classes redefined (0 events):
No events

Internal exceptions (10 events):
Event: 0.369 Thread 0x00007f25c800b800 Exception <a 'java/lang/ClassNotFoundException': sun/dc/DuctusRenderingEngine> (0x00000000d72c1298) thrown at [/build/openjdk-8-TuolsG/openjdk-8-8u171-b11/src/hotspot/src/share/vm/classfile/systemDictionary.cpp, line 210]
Event: 1.427 Thread 0x00007f25c82c6800 Implicit null exception at 0x00007f25b923bcde to 0x00007f25b923bd1e
Event: 1.448 Thread 0x00007f25c837f800 Implicit null exception at 0x00007f25b923b3d1 to 0x00007f25b923b40a
Event: 1.450 Thread 0x00007f25c837f800 Implicit null exception at 0x00007f25b923b6b4 to 0x00007f25b923b6dd
Event: 1.485 Thread 0x00007f25c80d3800 Exception <a 'java/lang/ArrayIndexOutOfBoundsException': 71> (0x00000000d704e1a0) thrown at [/build/openjdk-8-TuolsG/openjdk-8-8u171-b11/src/hotspot/src/share/vm/interpreter/interpreterRuntime.cpp, line 366]
Event: 1.488 Thread 0x00007f25c837f800 Exception <a 'java/lang/UnsupportedOperationException': > (0x00000000d7d1b910) thrown at [/build/openjdk-8-TuolsG/openjdk-8-8u171-b11/src/hotspot/src/share/vm/prims/jni.cpp, line 735]
Event: 1.494 Thread 0x00007f25c80d3800 Exception <a 'java/lang/ArrayIndexOutOfBoundsException': 18> (0x00000000d704eeb8) thrown at [/build/openjdk-8-TuolsG/openjdk-8-8u171-b11/src/hotspot/src/share/vm/interpreter/interpreterRuntime.cpp, line 366]
Event: 1.494 Thread 0x00007f25c80d3800 Exception <a 'java/lang/ArrayIndexOutOfBoundsException': 60> (0x00000000d704fc88) thrown at [/build/openjdk-8-TuolsG/openjdk-8-8u171-b11/src/hotspot/src/share/vm/interpreter/interpreterRuntime.cpp, line 366]
Event: 1.585 Thread 0x00007f25c80d3800 Exception <a 'java/lang/ArrayIndexOutOfBoundsException'> (0x00000000d708d348) thrown at [/build/openjdk-8-TuolsG/openjdk-8-8u171-b11/src/hotspot/src/share/vm/runtime/sharedRuntime.cpp, line 605]
Event: 1.586 Thread 0x00007f25c80d3800 Exception <a 'java/lang/ArrayIndexOutOfBoundsException'> (0x00000000d708ef30) thrown at [/build/openjdk-8-TuolsG/openjdk-8-8u171-b11/src/hotspot/src/share/vm/runtime/sharedRuntime.cpp, line 605]

Events (10 events):
Event: 4.825 Executing VM operation: ParallelGCFailedAllocation done
Event: 4.891 Executing VM operation: ParallelGCFailedAllocation
Event: 7.333 Executing VM operation: ParallelGCFailedAllocation done
Event: 7.333 Thread 0x00007f25c837a000 Thread exited: 0x00007f25c837a000
Event: 7.333 Thread 0x00007f25c8379000 Thread exited: 0x00007f25c8379000
Event: 7.397 Executing VM operation: ParallelGCFailedAllocation
Event: 7.754 Executing VM operation: ParallelGCFailedAllocation done
Event: 7.848 Executing VM operation: ParallelGCFailedAllocation
Event: 8.698 Executing VM operation: ParallelGCFailedAllocation done
Event: 8.790 Executing VM operation: ParallelGCFailedAllocation


Dynamic libraries:
84e00000-a6a80000 rw-p 00000000 00:00 0 
b8a00000-d6f80000 ---p 00000000 00:00 0 
d6f80000-100000000 rw-p 00000000 00:00 0 
100000000-100160000 rw-p 00000000 00:00 0 
100160000-140000000 ---p 00000000 00:00 0 
562911470000-562911471000 r-xp 00000000 08:03 3016777                    /usr/lib/jvm/java-8-openjdk-amd64/jre/bin/java
562911670000-562911671000 r--p 00000000 08:03 3016777                    /usr/lib/jvm/java-8-openjdk-amd64/jre/bin/java
562911671000-562911672000 rw-p 00001000 08:03 3016777                    /usr/lib/jvm/java-8-openjdk-amd64/jre/bin/java
562911d0d000-562911d2e000 rw-p 00000000 00:00 0                          [heap]
7f254c000000-7f254c021000 rw-p 00000000 00:00 0 
7f254c021000-7f2550000000 ---p 00000000 00:00 0 
7f2554000000-7f2554021000 rw-p 00000000 00:00 0 
7f2554021000-7f2558000000 ---p 00000000 00:00 0 
7f2558000000-7f2558021000 rw-p 00000000 00:00 0 
7f2558021000-7f255c000000 ---p 00000000 00:00 0 
7f255c000000-7f255c048000 rw-p 00000000 00:00 0 
7f255c048000-7f2560000000 ---p 00000000 00:00 0 
7f2560000000-7f2560050000 rw-p 00000000 00:00 0 
7f2560050000-7f2564000000 ---p 00000000 00:00 0 
7f2564000000-7f2564021000 rw-p 00000000 00:00 0 
7f2564021000-7f2568000000 ---p 00000000 00:00 0 
7f256aefa000-7f256af3a000 rw-p 00000000 00:00 0 
7f256af3a000-7f256b0fa000 ---p 00000000 00:00 0 
7f256b0fa000-7f256b1ef000 rw-s 00000000 00:05 5439508                    /SYSV00000000 (deleted)
7f256b1ef000-7f256b1f2000 ---p 00000000 00:00 0 
7f256b1f2000-7f256b2f0000 rw-p 00000000 00:00 0 
7f256b2f0000-7f256b2f3000 ---p 00000000 00:00 0 
7f256b2f3000-7f256b3f1000 rw-p 00000000 00:00 0 
7f256b3f1000-7f256b3f4000 ---p 00000000 00:00 0 
7f256b3f4000-7f256b4f2000 rw-p 00000000 00:00 0 
7f256b4f2000-7f256b4f5000 ---p 00000000 00:00 0 
7f256b4f5000-7f256b7f3000 rw-p 00000000 00:00 0 
7f256b7f3000-7f256b7f4000 ---p 00000000 00:00 0 
7f256b7f4000-7f256b7f7000 ---p 00000000 00:00 0 
7f256b7f7000-7f256bff4000 rw-p 00000000 00:00 0 
7f256bff4000-7f256bffe000 r-xp 00000000 08:03 2758760                    /usr/lib/x86_64-linux-gnu/libXrandr.so.2.2.0
7f256bffe000-7f256c1fd000 ---p 0000a000 08:03 2758760                    /usr/lib/x86_64-linux-gnu/libXrandr.so.2.2.0
7f256c1fd000-7f256c1fe000 r--p 00009000 08:03 2758760                    /usr/lib/x86_64-linux-gnu/libXrandr.so.2.2.0
7f256c1fe000-7f256c1ff000 rw-p 0000a000 08:03 2758760                    /usr/lib/x86_64-linux-gnu/libXrandr.so.2.2.0
7f256c1ff000-7f256c208000 r-xp 00000000 08:03 4598855                    /usr/lib/jvm/java-8-openjdk-amd64/jre/lib/amd64/libmanagement.so
7f256c208000-7f256c407000 ---p 00009000 08:03 4598855                    /usr/lib/jvm/java-8-openjdk-amd64/jre/lib/amd64/libmanagement.so
7f256c407000-7f256c408000 r--p 00008000 08:03 4598855                    /usr/lib/jvm/java-8-openjdk-amd64/jre/lib/amd64/libmanagement.so
7f256c408000-7f256c409000 rw-p 00009000 08:03 4598855                    /usr/lib/jvm/java-8-openjdk-amd64/jre/lib/amd64/libmanagement.so
7f256c409000-7f256c41d000 r-xp 00000000 08:03 3670058                    /lib/x86_64-linux-gnu/libgpg-error.so.0.22.0
7f256c41d000-7f256c61c000 ---p 00014000 08:03 3670058                    /lib/x86_64-linux-gnu/libgpg-error.so.0.22.0
7f256c61c000-7f256c61d000 r--p 00013000 08:03 3670058                    /lib/x86_64-linux-gnu/libgpg-error.so.0.22.0
7f256c61d000-7f256c61e000 rw-p 00014000 08:03 3670058                    /lib/x86_64-linux-gnu/libgpg-error.so.0.22.0
7f256c61e000-7f256c732000 r-xp 00000000 08:03 3670051                    /lib/x86_64-linux-gnu/libgcrypt.so.20.2.1
7f256c732000-7f256c931000 ---p 00114000 08:03 3670051                    /lib/x86_64-linux-gnu/libgcrypt.so.20.2.1
7f256c931000-7f256c933000 r--p 00113000 08:03 3670051                    /lib/x86_64-linux-gnu/libgcrypt.so.20.2.1
7f256c933000-7f256c938000 rw-p 00115000 08:03 3670051                    /lib/x86_64-linux-gnu/libgcrypt.so.20.2.1
7f256c938000-7f256c939000 rw-p 00000000 00:00 0 
7f256c939000-7f256c954000 r-xp 00000000 08:03 2753199                    /usr/lib/x86_64-linux-gnu/liblz4.so.1.7.1
7f256c954000-7f256cb53000 ---p 0001b000 08:03 2753199                    /usr/lib/x86_64-linux-gnu/liblz4.so.1.7.1
7f256cb53000-7f256cb54000 r--p 0001a000 08:03 2753199                    /usr/lib/x86_64-linux-gnu/liblz4.so.1.7.1
7f256cb54000-7f256cb55000 rw-p 0001b000 08:03 2753199                    /usr/lib/x86_64-linux-gnu/liblz4.so.1.7.1
7f256cb55000-7f256cb79000 r-xp 00000000 08:03 3674684                    /lib/x86_64-linux-gnu/liblzma.so.5.2.2
7f256cb79000-7f256cd79000 ---p 00024000 08:03 3674684                    /lib/x86_64-linux-gnu/liblzma.so.5.2.2
7f256cd79000-7f256cd7a000 r--p 00024000 08:03 3674684                    /lib/x86_64-linux-gnu/liblzma.so.5.2.2
7f256cd7a000-7f256cd7b000 rw-p 00025000 08:03 3674684                    /lib/x86_64-linux-gnu/liblzma.so.5.2.2
7f256cd7b000-7f256cdfb000 r-xp 00000000 08:03 3670063                    /lib/x86_64-linux-gnu/libsystemd.so.0.21.0
7f256cdfb000-7f256cffa000 ---p 00080000 08:03 3670063                    /lib/x86_64-linux-gnu/libsystemd.so.0.21.0
7f256cffa000-7f256cffd000 r--p 0007f000 08:03 3670063                    /lib/x86_64-linux-gnu/libsystemd.so.0.21.0
7f256cffd000-7f256cffe000 rw-p 00082000 08:03 3670063                    /lib/x86_64-linux-gnu/libsystemd.so.0.21.0
7f256cffe000-7f2570000000 rw-p 00000000 00:00 0 
7f2570000000-7f2570021000 rw-p 00000000 00:00 0 
7f2570021000-7f2574000000 ---p 00000000 00:00 0 
7f2574000000-7f2574021000 rw-p 00000000 00:00 0 
7f2574021000-7f2578000000 ---p 00000000 00:00 0 
7f2578000000-7f2578021000 rw-p 00000000 00:00 0 
7f2578021000-7f257c000000 ---p 00000000 00:00 0 
7f257c000000-7f257c021000 rw-p 00000000 00:00 0 
7f257c021000-7f2580000000 ---p 00000000 00:00 0 
7f25800de000-7f25800e1000 ---p 00000000 00:00 0 
7f25800e1000-7f25801df000 rw-p 00000000 00:00 0 
7f25801df000-7f258024f000 r-xp 00000000 08:03 3670077                    /lib/x86_64-linux-gnu/libpcre.so.3.13.3
7f258024f000-7f258044f000 ---p 00070000 08:03 3670077                    /lib/x86_64-linux-gnu/libpcre.so.3.13.3
7f258044f000-7f2580450000 r--p 00070000 08:03 3670077                    /lib/x86_64-linux-gnu/libpcre.so.3.13.3
7f2580450000-7f2580451000 rw-p 00071000 08:03 3670077                    /lib/x86_64-linux-gnu/libpcre.so.3.13.3
7f2580451000-7f2580458000 r-xp 00000000 08:03 2753738                    /usr/lib/x86_64-linux-gnu/libffi.so.6.0.4
7f2580458000-7f2580657000 ---p 00007000 08:03 2753738                    /usr/lib/x86_64-linux-gnu/libffi.so.6.0.4
7f2580657000-7f2580658000 r--p 00006000 08:03 2753738                    /usr/lib/x86_64-linux-gnu/libffi.so.6.0.4
7f2580658000-7f2580659000 rw-p 00007000 08:03 2753738                    /usr/lib/x86_64-linux-gnu/libffi.so.6.0.4
7f2580659000-7f2580685000 r-xp 00000000 08:03 2758489                    /usr/lib/x86_64-linux-gnu/libatspi.so.0.0.1
7f2580685000-7f2580885000 ---p 0002c000 08:03 2758489                    /usr/lib/x86_64-linux-gnu/libatspi.so.0.0.1
7f2580885000-7f2580888000 r--p 0002c000 08:03 2758489                    /usr/lib/x86_64-linux-gnu/libatspi.so.0.0.1
7f2580888000-7f2580889000 rw-p 0002f000 08:03 2758489                    /usr/lib/x86_64-linux-gnu/libatspi.so.0.0.1
7f2580889000-7f25808d4000 r-xp 00000000 08:03 3673199                    /lib/x86_64-linux-gnu/libdbus-1.so.3.19.4
7f25808d4000-7f2580ad4000 ---p 0004b000 08:03 3673199                    /lib/x86_64-linux-gnu/libdbus-1.so.3.19.4
7f2580ad4000-7f2580ad5000 r--p 0004b000 08:03 3673199                    /lib/x86_64-linux-gnu/libdbus-1.so.3.19.4
7f2580ad5000-7f2580ad6000 rw-p 0004c000 08:03 3673199                    /lib/x86_64-linux-gnu/libdbus-1.so.3.19.4
7f2580ad6000-7f2580be9000 r-xp 00000000 08:03 2760824                    /usr/lib/x86_64-linux-gnu/libglib-2.0.so.0.5600.1
7f2580be9000-7f2580de9000 ---p 00113000 08:03 2760824                    /usr/lib/x86_64-linux-gnu/libglib-2.0.so.0.5600.1
7f2580de9000-7f2580dea000 r--p 00113000 08:03 2760824                    /usr/lib/x86_64-linux-gnu/libglib-2.0.so.0.5600.1
7f2580dea000-7f2580deb000 rw-p 00114000 08:03 2760824                    /usr/lib/x86_64-linux-gnu/libglib-2.0.so.0.5600.1
7f2580deb000-7f2580dec000 rw-p 00000000 00:00 0 
7f2580dec000-7f2580e3e000 r-xp 00000000 08:03 2760848                    /usr/lib/x86_64-linux-gnu/libgobject-2.0.so.0.5600.1
7f2580e3e000-7f258103e000 ---p 00052000 08:03 2760848                    /usr/lib/x86_64-linux-gnu/libgobject-2.0.so.0.5600.1
7f258103e000-7f258103f000 r--p 00052000 08:03 2760848                    /usr/lib/x86_64-linux-gnu/libgobject-2.0.so.0.5600.1
7f258103f000-7f2581040000 rw-p 00053000 08:03 2760848                    /usr/lib/x86_64-linux-gnu/libgobject-2.0.so.0.5600.1
7f2581040000-7f258106e000 r-xp 00000000 08:03 2757317                    /usr/lib/x86_64-linux-gnu/libatk-bridge-2.0.so.0.0.0
7f258106e000-7f258126e000 ---p 0002e000 08:03 2757317                    /usr/lib/x86_64-linux-gnu/libatk-bridge-2.0.so.0.0.0
7f258126e000-7f258126f000 r--p 0002e000 08:03 2757317                    /usr/lib/x86_64-linux-gnu/libatk-bridge-2.0.so.0.0.0
7f258126f000-7f2581270000 rw-p 0002f000 08:03 2757317                    /usr/lib/x86_64-linux-gnu/libatk-bridge-2.0.so.0.0.0
7f2581270000-7f2581271000 rw-p 00000000 00:00 0 
7f2581271000-7f2581293000 r-xp 00000000 08:03 2758636                    /usr/lib/x86_64-linux-gnu/libatk-1.0.so.0.22810.1
7f2581293000-7f2581493000 ---p 00022000 08:03 2758636                    /usr/lib/x86_64-linux-gnu/libatk-1.0.so.0.22810.1
7f2581493000-7f2581496000 r--p 00022000 08:03 2758636                    /usr/lib/x86_64-linux-gnu/libatk-1.0.so.0.22810.1
7f2581496000-7f2581497000 rw-p 00025000 08:03 2758636                    /usr/lib/x86_64-linux-gnu/libatk-1.0.so.0.22810.1
7f2581497000-7f25814ae000 r-xp 00000000 08:03 7340829                    /usr/lib/x86_64-linux-gnu/jni/libatk-wrapper.so.6.0.0
7f25814ae000-7f25816ae000 ---p 00017000 08:03 7340829                    /usr/lib/x86_64-linux-gnu/jni/libatk-wrapper.so.6.0.0
7f25816ae000-7f25816af000 r--p 00017000 08:03 7340829                    /usr/lib/x86_64-linux-gnu/jni/libatk-wrapper.so.6.0.0
7f25816af000-7f25816b0000 rw-p 00018000 08:03 7340829                    /usr/lib/x86_64-linux-gnu/jni/libatk-wrapper.so.6.0.0
7f25816b0000-7f25816c6000 r-xp 00000000 08:03 4598857                    /usr/lib/jvm/java-8-openjdk-amd64/jre/lib/amd64/libnet.so
7f25816c6000-7f25818c6000 ---p 00016000 08:03 4598857                    /usr/lib/jvm/java-8-openjdk-amd64/jre/lib/amd64/libnet.so
7f25818c6000-7f25818c7000 r--p 00016000 08:03 4598857                    /usr/lib/jvm/java-8-openjdk-amd64/jre/lib/amd64/libnet.so
7f25818c7000-7f25818c8000 rw-p 00017000 08:03 4598857                    /usr/lib/jvm/java-8-openjdk-amd64/jre/lib/amd64/libnet.so
7f25818c8000-7f25818d9000 r-xp 00000000 08:03 4598858                    /usr/lib/jvm/java-8-openjdk-amd64/jre/lib/amd64/libnio.so
7f25818d9000-7f2581ad9000 ---p 00011000 08:03 4598858                    /usr/lib/jvm/java-8-openjdk-amd64/jre/lib/amd64/libnio.so
7f2581ad9000-7f2581ada000 r--p 00011000 08:03 4598858                    /usr/lib/jvm/java-8-openjdk-amd64/jre/lib/amd64/libnio.so
7f2581ada000-7f2581adb000 rw-p 00012000 08:03 4598858                    /usr/lib/jvm/java-8-openjdk-amd64/jre/lib/amd64/libnio.so
7f2581adb000-7f2581ade000 ---p 00000000 00:00 0 
7f2581ade000-7f2581bdc000 rw-p 00000000 00:00 0 
7f2581bdc000-7f2581be1000 r-xp 00000000 08:03 2758752                    /usr/lib/x86_64-linux-gnu/libXfixes.so.3.1.0
7f2581be1000-7f2581de0000 ---p 00005000 08:03 2758752                    /usr/lib/x86_64-linux-gnu/libXfixes.so.3.1.0
7f2581de0000-7f2581de1000 r--p 00004000 08:03 2758752                    /usr/lib/x86_64-linux-gnu/libXfixes.so.3.1.0
7f2581de1000-7f2581de2000 rw-p 00005000 08:03 2758752                    /usr/lib/x86_64-linux-gnu/libXfixes.so.3.1.0
7f2581de2000-7f2581deb000 r-xp 00000000 08:03 2758870                    /usr/lib/x86_64-linux-gnu/libXcursor.so.1.0.2
7f2581deb000-7f2581fea000 ---p 00009000 08:03 2758870                    /usr/lib/x86_64-linux-gnu/libXcursor.so.1.0.2
7f2581fea000-7f2581feb000 r--p 00008000 08:03 2758870                    /usr/lib/x86_64-linux-gnu/libXcursor.so.1.0.2
7f2581feb000-7f2581fec000 rw-p 00009000 08:03 2758870                    /usr/lib/x86_64-linux-gnu/libXcursor.so.1.0.2
7f2581fec000-7f258201d000 r-xp 00000000 08:03 2755459                    /usr/lib/x86_64-linux-gnu/libpng16.so.16.34.0
7f258201d000-7f258221c000 ---p 00031000 08:03 2755459                    /usr/lib/x86_64-linux-gnu/libpng16.so.16.34.0
7f258221c000-7f258221d000 r--p 00030000 08:03 2755459                    /usr/lib/x86_64-linux-gnu/libpng16.so.16.34.0
7f258221d000-7f258221e000 rw-p 00031000 08:03 2755459                    /usr/lib/x86_64-linux-gnu/libpng16.so.16.34.0
7f258221e000-7f25822cb000 r-xp 00000000 08:03 2753097                    /usr/lib/x86_64-linux-gnu/libfreetype.so.6.15.0
7f25822cb000-7f25824ca000 ---p 000ad000 08:03 2753097                    /usr/lib/x86_64-linux-gnu/libfreetype.so.6.15.0
7f25824ca000-7f25824d1000 r--p 000ac000 08:03 2753097                    /usr/lib/x86_64-linux-gnu/libfreetype.so.6.15.0
7f25824d1000-7f25824d2000 rw-p 000b3000 08:03 2753097                    /usr/lib/x86_64-linux-gnu/libfreetype.so.6.15.0
7f25824d2000-7f2582523000 r-xp 00000000 08:03 4598839                    /usr/lib/jvm/java-8-openjdk-amd64/jre/lib/amd64/libfontmanager.so
7f2582523000-7f2582723000 ---p 00051000 08:03 4598839                    /usr/lib/jvm/java-8-openjdk-amd64/jre/lib/amd64/libfontmanager.so
7f2582723000-7f2582725000 r--p 00051000 08:03 4598839                    /usr/lib/jvm/java-8-openjdk-amd64/jre/lib/amd64/libfontmanager.so
7f2582725000-7f2582726000 rw-p 00053000 08:03 4598839                    /usr/lib/jvm/java-8-openjdk-amd64/jre/lib/amd64/libfontmanager.so
7f2582726000-7f2582739000 r-xp 00000000 08:03 3671722                    /lib/x86_64-linux-gnu/libbsd.so.0.8.7
7f2582739000-7f2582938000 ---p 00013000 08:03 3671722                    /lib/x86_64-linux-gnu/libbsd.so.0.8.7
7f2582938000-7f2582939000 r--p 00012000 08:03 3671722                    /lib/x86_64-linux-gnu/libbsd.so.0.8.7
7f2582939000-7f258293a000 rw-p 00013000 08:03 3671722                    /lib/x86_64-linux-gnu/libbsd.so.0.8.7
7f258293a000-7f258293b000 rw-p 00000000 00:00 0 
7f258293b000-7f2582940000 r-xp 00000000 08:03 2756816                    /usr/lib/x86_64-linux-gnu/libXdmcp.so.6.0.0
7f2582940000-7f2582b3f000 ---p 00005000 08:03 2756816                    /usr/lib/x86_64-linux-gnu/libXdmcp.so.6.0.0
7f2582b3f000-7f2582b40000 r--p 00004000 08:03 2756816                    /usr/lib/x86_64-linux-gnu/libXdmcp.so.6.0.0
7f2582b40000-7f2582b41000 rw-p 00005000 08:03 2756816                    /usr/lib/x86_64-linux-gnu/libXdmcp.so.6.0.0
7f2582b41000-7f2582b43000 r-xp 00000000 08:03 2760458                    /usr/lib/x86_64-linux-gnu/libXau.so.6.0.0
7f2582b43000-7f2582d43000 ---p 00002000 08:03 2760458                    /usr/lib/x86_64-linux-gnu/libXau.so.6.0.0
7f2582d43000-7f2582d44000 r--p 00002000 08:03 2760458                    /usr/lib/x86_64-linux-gnu/libXau.so.6.0.0
7f2582d44000-7f2582d45000 rw-p 00003000 08:03 2760458                    /usr/lib/x86_64-linux-gnu/libXau.so.6.0.0
7f2582d45000-7f2582d6b000 r-xp 00000000 08:03 2753851                    /usr/lib/x86_64-linux-gnu/libxcb.so.1.1.0
7f2582d6b000-7f2582f6b000 ---p 00026000 08:03 2753851                    /usr/lib/x86_64-linux-gnu/libxcb.so.1.1.0
7f2582f6b000-7f2582f6c000 r--p 00026000 08:03 2753851                    /usr/lib/x86_64-linux-gnu/libxcb.so.1.1.0
7f2582f6c000-7f2582f6d000 rw-p 00027000 08:03 2753851                    /usr/lib/x86_64-linux-gnu/libxcb.so.1.1.0
7f2582f6d000-7f2582f7c000 r-xp 00000000 08:03 2758758                    /usr/lib/x86_64-linux-gnu/libXi.so.6.1.0
7f2582f7c000-7f258317b000 ---p 0000f000 08:03 2758758                    /usr/lib/x86_64-linux-gnu/libXi.so.6.1.0
7f258317b000-7f258317c000 r--p 0000e000 08:03 2758758                    /usr/lib/x86_64-linux-gnu/libXi.so.6.1.0
7f258317c000-7f258317d000 rw-p 0000f000 08:03 2758758                    /usr/lib/x86_64-linux-gnu/libXi.so.6.1.0
7f258317d000-7f2583182000 r-xp 00000000 08:03 2758863                    /usr/lib/x86_64-linux-gnu/libXtst.so.6.1.0
7f2583182000-7f2583381000 ---p 00005000 08:03 2758863                    /usr/lib/x86_64-linux-gnu/libXtst.so.6.1.0
7f2583381000-7f2583382000 r--p 00004000 08:03 2758863                    /usr/lib/x86_64-linux-gnu/libXtst.so.6.1.0
7f2583382000-7f2583383000 rw-p 00005000 08:03 2758863                    /usr/lib/x86_64-linux-gnu/libXtst.so.6.1.0
7f2583383000-7f258338c000 r-xp 00000000 08:03 2758484                    /usr/lib/x86_64-linux-gnu/libXrender.so.1.3.0
7f258338c000-7f258358b000 ---p 00009000 08:03 2758484                    /usr/lib/x86_64-linux-gnu/libXrender.so.1.3.0
7f258358b000-7f258358c000 r--p 00008000 08:03 2758484                    /usr/lib/x86_64-linux-gnu/libXrender.so.1.3.0
7f258358c000-7f258358d000 rw-p 00009000 08:03 2758484                    /usr/lib/x86_64-linux-gnu/libXrender.so.1.3.0
7f258358d000-7f25836c1000 r-xp 00000000 08:03 2757342                    /usr/lib/x86_64-linux-gnu/libX11.so.6.3.0
7f25836c1000-7f25838c1000 ---p 00134000 08:03 2757342                    /usr/lib/x86_64-linux-gnu/libX11.so.6.3.0
7f25838c1000-7f25838c2000 r--p 00134000 08:03 2757342                    /usr/lib/x86_64-linux-gnu/libX11.so.6.3.0
7f25838c2000-7f25838c6000 rw-p 00135000 08:03 2757342                    /usr/lib/x86_64-linux-gnu/libX11.so.6.3.0
7f25838c6000-7f25838d7000 r-xp 00000000 08:03 2760471                    /usr/lib/x86_64-linux-gnu/libXext.so.6.4.0
7f25838d7000-7f2583ad6000 ---p 00011000 08:03 2760471                    /usr/lib/x86_64-linux-gnu/libXext.so.6.4.0
7f2583ad6000-7f2583ad7000 r--p 00010000 08:03 2760471                    /usr/lib/x86_64-linux-gnu/libXext.so.6.4.0
7f2583ad7000-7f2583ad8000 rw-p 00011000 08:03 2760471                    /usr/lib/x86_64-linux-gnu/libXext.so.6.4.0
7f2583ad8000-7f2583b2c000 r-xp 00000000 08:03 4598837                    /usr/lib/jvm/java-8-openjdk-amd64/jre/lib/amd64/libawt_xawt.so
7f2583b2c000-7f2583d2b000 ---p 00054000 08:03 4598837                    /usr/lib/jvm/java-8-openjdk-amd64/jre/lib/amd64/libawt_xawt.so
7f2583d2b000-7f2583d2c000 r--p 00053000 08:03 4598837                    /usr/lib/jvm/java-8-openjdk-amd64/jre/lib/amd64/libawt_xawt.so
7f2583d2c000-7f2583d2f000 rw-p 00054000 08:03 4598837                    /usr/lib/jvm/java-8-openjdk-amd64/jre/lib/amd64/libawt_xawt.so
7f2583d2f000-7f2583d30000 rw-p 00000000 00:00 0 
7f2583d30000-7f2583dd0000 r-xp 00000000 08:03 4598835                    /usr/lib/jvm/java-8-openjdk-amd64/jre/lib/amd64/libawt.so
7f2583dd0000-7f2583fcf000 ---p 000a0000 08:03 4598835                    /usr/lib/jvm/java-8-openjdk-amd64/jre/lib/amd64/libawt.so
7f2583fcf000-7f2583fd0000 r--p 0009f000 08:03 4598835                    /usr/lib/jvm/java-8-openjdk-amd64/jre/lib/amd64/libawt.so
7f2583fd0000-7f2583fdb000 rw-p 000a0000 08:03 4598835                    /usr/lib/jvm/java-8-openjdk-amd64/jre/lib/amd64/libawt.so
7f2583fdb000-7f2584000000 rw-p 00000000 00:00 0 
7f2584000000-7f25842a8000 rw-p 00000000 00:00 0 
7f25842a8000-7f2588000000 ---p 00000000 00:00 0 
7f2588000000-7f2588021000 rw-p 00000000 00:00 0 
7f2588021000-7f258c000000 ---p 00000000 00:00 0 
7f258c000000-7f258c169000 rw-p 00000000 00:00 0 
7f258c169000-7f2590000000 ---p 00000000 00:00 0 
7f2590000000-7f25901ac000 rw-p 00000000 00:00 0 
7f25901ac000-7f2594000000 ---p 00000000 00:00 0 
7f2594000000-7f2594021000 rw-p 00000000 00:00 0 
7f2594021000-7f2598000000 ---p 00000000 00:00 0 
7f2598000000-7f2598021000 rw-p 00000000 00:00 0 
7f2598021000-7f259c000000 ---p 00000000 00:00 0 
7f259c000000-7f259c021000 rw-p 00000000 00:00 0 
7f259c021000-7f25a0000000 ---p 00000000 00:00 0 
7f25a0000000-7f25a0021000 rw-p 00000000 00:00 0 
7f25a0021000-7f25a4000000 ---p 00000000 00:00 0 
7f25a4000000-7f25a4021000 rw-p 00000000 00:00 0 
7f25a4021000-7f25a8000000 ---p 00000000 00:00 0 
7f25a8000000-7f25a8021000 rw-p 00000000 00:00 0 
7f25a8021000-7f25ac000000 ---p 00000000 00:00 0 
7f25ac000000-7f25ac021000 rw-p 00000000 00:00 0 
7f25ac021000-7f25b0000000 ---p 00000000 00:00 0 
7f25b006e000-7f25b0071000 ---p 00000000 00:00 0 
7f25b0071000-7f25b016f000 rw-p 00000000 00:00 0 
7f25b016f000-7f25b0170000 ---p 00000000 00:00 0 
7f25b0170000-7f25b4000000 rw-p 00000000 00:00 0 
7f25b4000000-7f25b4021000 rw-p 00000000 00:00 0 
7f25b4021000-7f25b8000000 ---p 00000000 00:00 0 
7f25b8028000-7f25b802b000 ---p 00000000 00:00 0 
7f25b802b000-7f25b8061000 rw-p 00000000 00:00 0 
7f25b8061000-7f25b8064000 ---p 00000000 00:00 0 
7f25b8064000-7f25b8162000 rw-p 00000000 00:00 0 
7f25b8162000-7f25b8163000 ---p 00000000 00:00 0 
7f25b8163000-7f25b8166000 ---p 00000000 00:00 0 
7f25b8166000-7f25b8263000 rw-p 00000000 00:00 0 
7f25b8263000-7f25b8264000 ---p 00000000 00:00 0 
7f25b8264000-7f25b8267000 ---p 00000000 00:00 0 
7f25b8267000-7f25b8364000 rw-p 00000000 00:00 0 
7f25b8364000-7f25b8365000 ---p 00000000 00:00 0 
7f25b8365000-7f25b8368000 ---p 00000000 00:00 0 
7f25b8368000-7f25b8465000 rw-p 00000000 00:00 0 
7f25b8465000-7f25b8468000 ---p 00000000 00:00 0 
7f25b8468000-7f25b8566000 rw-p 00000000 00:00 0 
7f25b8566000-7f25b89fa000 r--p 00000000 08:03 2752862                    /usr/lib/locale/locale-archive
7f25b89fa000-7f25b89fd000 ---p 00000000 00:00 0 
7f25b89fd000-7f25b8afb000 rw-p 00000000 00:00 0 
7f25b8afb000-7f25b8afe000 ---p 00000000 00:00 0 
7f25b8afe000-7f25b8bfc000 rw-p 00000000 00:00 0 
7f25b8bfc000-7f25b8bfd000 ---p 00000000 00:00 0 
7f25b8bfd000-7f25b9000000 rw-p 00000000 00:00 0 
7f25b9000000-7f25b92a0000 rwxp 00000000 00:00 0 
7f25b92a0000-7f25c8000000 ---p 00000000 00:00 0 
7f25c8000000-7f25c839c000 rw-p 00000000 00:00 0 
7f25c839c000-7f25cc000000 ---p 00000000 00:00 0 
7f25cc027000-7f25cc02d000 r--s 000f4000 08:03 10755459                   /home/khryo/.m2/repository/org/processing/core/3.3.7/core-3.3.7.jar
7f25cc02d000-7f25cc032000 r--s 00041000 08:03 10755471                   /home/khryo/.m2/repository/org/jbox2d/jbox2d-library/2.2.1.1/jbox2d-library-2.2.1.1.jar
7f25cc032000-7f25cc037000 r--s 00052000 08:03 10755644                   /home/khryo/Downloads/Box2D-for-Processing-master/Box2D-for-Processing/lib/jbox2d-library-2.2.1-ds.jar
7f25cc037000-7f25cc03c000 r--s 002f9000 08:03 3016787                    /usr/lib/jvm/java-8-openjdk-amd64/jre/lib/charsets.jar
7f25cc03c000-7f25cc03e000 r--s 00016000 08:03 3016792                    /usr/lib/jvm/java-8-openjdk-amd64/jre/lib/jce.jar
7f25cc03e000-7f25cc043000 r--s 0009d000 08:03 3016794                    /usr/lib/jvm/java-8-openjdk-amd64/jre/lib/jsse.jar
7f25cc043000-7f25cc056000 r--s 00346000 08:03 3016798                    /usr/lib/jvm/java-8-openjdk-amd64/jre/lib/resources.jar
7f25cc056000-7f25cc071000 r--s 00394000 08:03 5113463                    /usr/lib/jvm/java-8-openjdk-amd64/jre/lib/ext/cldrdata.jar
7f25cc071000-7f25cc077000 r--s 0003b000 08:03 5113639                    /usr/lib/jvm/java-8-openjdk-amd64/jre/lib/ext/sunjce_provider.jar
7f25cc077000-7f25cc081000 r--s 00116000 08:03 5113635                    /usr/lib/jvm/java-8-openjdk-amd64/jre/lib/ext/localedata.jar
7f25cc081000-7f25cc083000 r--s 00001000 08:03 5113465                    /usr/lib/jvm/java-8-openjdk-amd64/jre/lib/ext/dnsns.jar
7f25cc083000-7f25cc085000 r--s 00008000 08:03 5113638                    /usr/lib/jvm/java-8-openjdk-amd64/jre/lib/ext/sunec.jar
7f25cc085000-7f25cc086000 r--s 0000a000 08:03 5113633                    /usr/lib/jvm/java-8-openjdk-amd64/jre/lib/ext/jaccess.jar
7f25cc086000-7f25cc087000 r--s 00010000 08:03 5113641                    /usr/lib/jvm/java-8-openjdk-amd64/jre/lib/ext/zipfs.jar
7f25cc087000-7f25cc0a2000 r--s 001d6000 08:03 5113636                    /usr/lib/jvm/java-8-openjdk-amd64/jre/lib/ext/nashorn.jar
7f25cc0a2000-7f25cc0a5000 r--s 0000f000 08:03 5113632                    /usr/lib/jvm/java-8-openjdk-amd64/jre/lib/ext/icedtea-sound.jar
7f25cc0a5000-7f25ccd62000 rw-p 00000000 00:00 0 
7f25ccd62000-7f25ccf31000 r--s 03c2f000 08:03 3016799                    /usr/lib/jvm/java-8-openjdk-amd64/jre/lib/rt.jar
7f25ccf31000-7f25cdb80000 rw-p 00000000 00:00 0 
7f25cdb80000-7f25cdb81000 ---p 00000000 00:00 0 
7f25cdb81000-7f25cdc81000 rw-p 00000000 00:00 0 
7f25cdc81000-7f25cdc82000 ---p 00000000 00:00 0 
7f25cdc82000-7f25cdd82000 rw-p 00000000 00:00 0 
7f25cdd82000-7f25cdd83000 ---p 00000000 00:00 0 
7f25cdd83000-7f25cde83000 rw-p 00000000 00:00 0 
7f25cde83000-7f25cde84000 ---p 00000000 00:00 0 
7f25cde84000-7f25ce093000 rw-p 00000000 00:00 0 
7f25ce093000-7f25ce215000 ---p 00000000 00:00 0 
7f25ce215000-7f25ce324000 rw-p 00000000 00:00 0 
7f25ce324000-7f25ce4a5000 ---p 00000000 00:00 0 
7f25ce4a5000-7f25ce5ee000 rw-p 00000000 00:00 0 
7f25ce5ee000-7f25ce5fa000 rw-p 00000000 00:00 0 
7f25ce5fa000-7f25ce9af000 ---p 00000000 00:00 0 
7f25ce9af000-7f25ce9b7000 r-xp 00000000 08:03 4598865                    /usr/lib/jvm/java-8-openjdk-amd64/jre/lib/amd64/libzip.so
7f25ce9b7000-7f25cebb6000 ---p 00008000 08:03 4598865                    /usr/lib/jvm/java-8-openjdk-amd64/jre/lib/amd64/libzip.so
7f25cebb6000-7f25cebb7000 r--p 00007000 08:03 4598865                    /usr/lib/jvm/java-8-openjdk-amd64/jre/lib/amd64/libzip.so
7f25cebb7000-7f25cebb8000 rw-p 00008000 08:03 4598865                    /usr/lib/jvm/java-8-openjdk-amd64/jre/lib/amd64/libzip.so
7f25cebb8000-7f25cebc3000 r-xp 00000000 08:03 3678400                    /lib/x86_64-linux-gnu/libnss_files-2.27.so
7f25cebc3000-7f25cedc2000 ---p 0000b000 08:03 3678400                    /lib/x86_64-linux-gnu/libnss_files-2.27.so
7f25cedc2000-7f25cedc3000 r--p 0000a000 08:03 3678400                    /lib/x86_64-linux-gnu/libnss_files-2.27.so
7f25cedc3000-7f25cedc4000 rw-p 0000b000 08:03 3678400                    /lib/x86_64-linux-gnu/libnss_files-2.27.so
7f25cedc4000-7f25cedca000 rw-p 00000000 00:00 0 
7f25cedca000-7f25cede1000 r-xp 00000000 08:03 3678397                    /lib/x86_64-linux-gnu/libnsl-2.27.so
7f25cede1000-7f25cefe0000 ---p 00017000 08:03 3678397                    /lib/x86_64-linux-gnu/libnsl-2.27.so
7f25cefe0000-7f25cefe1000 r--p 00016000 08:03 3678397                    /lib/x86_64-linux-gnu/libnsl-2.27.so
7f25cefe1000-7f25cefe2000 rw-p 00017000 08:03 3678397                    /lib/x86_64-linux-gnu/libnsl-2.27.so
7f25cefe2000-7f25cefe4000 rw-p 00000000 00:00 0 
7f25cefe4000-7f25cefef000 r-xp 00000000 08:03 3678402                    /lib/x86_64-linux-gnu/libnss_nis-2.27.so
7f25cefef000-7f25cf1ee000 ---p 0000b000 08:03 3678402                    /lib/x86_64-linux-gnu/libnss_nis-2.27.so
7f25cf1ee000-7f25cf1ef000 r--p 0000a000 08:03 3678402                    /lib/x86_64-linux-gnu/libnss_nis-2.27.so
7f25cf1ef000-7f25cf1f0000 rw-p 0000b000 08:03 3678402                    /lib/x86_64-linux-gnu/libnss_nis-2.27.so
7f25cf1f0000-7f25cf1f8000 r-xp 00000000 08:03 3678398                    /lib/x86_64-linux-gnu/libnss_compat-2.27.so
7f25cf1f8000-7f25cf3f8000 ---p 00008000 08:03 3678398                    /lib/x86_64-linux-gnu/libnss_compat-2.27.so
7f25cf3f8000-7f25cf3f9000 r--p 00008000 08:03 3678398                    /lib/x86_64-linux-gnu/libnss_compat-2.27.so
7f25cf3f9000-7f25cf3fa000 rw-p 00009000 08:03 3678398                    /lib/x86_64-linux-gnu/libnss_compat-2.27.so
7f25cf3fa000-7f25cf428000 r-xp 00000000 08:03 4598846                    /usr/lib/jvm/java-8-openjdk-amd64/jre/lib/amd64/libjava.so
7f25cf428000-7f25cf627000 ---p 0002e000 08:03 4598846                    /usr/lib/jvm/java-8-openjdk-amd64/jre/lib/amd64/libjava.so
7f25cf627000-7f25cf628000 r--p 0002d000 08:03 4598846                    /usr/lib/jvm/java-8-openjdk-amd64/jre/lib/amd64/libjava.so
7f25cf628000-7f25cf62a000 rw-p 0002e000 08:03 4598846                    /usr/lib/jvm/java-8-openjdk-amd64/jre/lib/amd64/libjava.so
7f25cf62a000-7f25cf63a000 r-xp 00000000 08:03 4598864                    /usr/lib/jvm/java-8-openjdk-amd64/jre/lib/amd64/libverify.so
7f25cf63a000-7f25cf839000 ---p 00010000 08:03 4598864                    /usr/lib/jvm/java-8-openjdk-amd64/jre/lib/amd64/libverify.so
7f25cf839000-7f25cf83b000 r--p 0000f000 08:03 4598864                    /usr/lib/jvm/java-8-openjdk-amd64/jre/lib/amd64/libverify.so
7f25cf83b000-7f25cf83c000 rw-p 00011000 08:03 4598864                    /usr/lib/jvm/java-8-openjdk-amd64/jre/lib/amd64/libverify.so
7f25cf83c000-7f25cf843000 r-xp 00000000 08:03 3678407                    /lib/x86_64-linux-gnu/librt-2.27.so
7f25cf843000-7f25cfa42000 ---p 00007000 08:03 3678407                    /lib/x86_64-linux-gnu/librt-2.27.so
7f25cfa42000-7f25cfa43000 r--p 00006000 08:03 3678407                    /lib/x86_64-linux-gnu/librt-2.27.so
7f25cfa43000-7f25cfa44000 rw-p 00007000 08:03 3678407                    /lib/x86_64-linux-gnu/librt-2.27.so
7f25cfa44000-7f25cfa5b000 r-xp 00000000 08:03 3678385                    /lib/x86_64-linux-gnu/libgcc_s.so.1
7f25cfa5b000-7f25cfc5a000 ---p 00017000 08:03 3678385                    /lib/x86_64-linux-gnu/libgcc_s.so.1
7f25cfc5a000-7f25cfc5b000 r--p 00016000 08:03 3678385                    /lib/x86_64-linux-gnu/libgcc_s.so.1
7f25cfc5b000-7f25cfc5c000 rw-p 00017000 08:03 3678385                    /lib/x86_64-linux-gnu/libgcc_s.so.1
7f25cfc5c000-7f25cfdf9000 r-xp 00000000 08:03 3678394                    /lib/x86_64-linux-gnu/libm-2.27.so
7f25cfdf9000-7f25cfff8000 ---p 0019d000 08:03 3678394                    /lib/x86_64-linux-gnu/libm-2.27.so
7f25cfff8000-7f25cfff9000 r--p 0019c000 08:03 3678394                    /lib/x86_64-linux-gnu/libm-2.27.so
7f25cfff9000-7f25cfffa000 rw-p 0019d000 08:03 3678394                    /lib/x86_64-linux-gnu/libm-2.27.so
7f25cfffa000-7f25d0178000 r-xp 00000000 08:03 2752570                    /usr/lib/x86_64-linux-gnu/libstdc++.so.6.0.25
7f25d0178000-7f25d0378000 ---p 0017e000 08:03 2752570                    /usr/lib/x86_64-linux-gnu/libstdc++.so.6.0.25
7f25d0378000-7f25d0382000 r--p 0017e000 08:03 2752570                    /usr/lib/x86_64-linux-gnu/libstdc++.so.6.0.25
7f25d0382000-7f25d0384000 rw-p 00188000 08:03 2752570                    /usr/lib/x86_64-linux-gnu/libstdc++.so.6.0.25
7f25d0384000-7f25d0388000 rw-p 00000000 00:00 0 
7f25d0388000-7f25d1019000 r-xp 00000000 08:03 4856678                    /usr/lib/jvm/java-8-openjdk-amd64/jre/lib/amd64/server/libjvm.so
7f25d1019000-7f25d1219000 ---p 00c91000 08:03 4856678                    /usr/lib/jvm/java-8-openjdk-amd64/jre/lib/amd64/server/libjvm.so
7f25d1219000-7f25d12ac000 r--p 00c91000 08:03 4856678                    /usr/lib/jvm/java-8-openjdk-amd64/jre/lib/amd64/server/libjvm.so
7f25d12ac000-7f25d12d4000 rw-p 00d24000 08:03 4856678                    /usr/lib/jvm/java-8-openjdk-amd64/jre/lib/amd64/server/libjvm.so
7f25d12d4000-7f25d1305000 rw-p 00000000 00:00 0 
7f25d1305000-7f25d131f000 r-xp 00000000 08:03 3678405                    /lib/x86_64-linux-gnu/libpthread-2.27.so
7f25d131f000-7f25d151e000 ---p 0001a000 08:03 3678405                    /lib/x86_64-linux-gnu/libpthread-2.27.so
7f25d151e000-7f25d151f000 r--p 00019000 08:03 3678405                    /lib/x86_64-linux-gnu/libpthread-2.27.so
7f25d151f000-7f25d1520000 rw-p 0001a000 08:03 3678405                    /lib/x86_64-linux-gnu/libpthread-2.27.so
7f25d1520000-7f25d1524000 rw-p 00000000 00:00 0 
7f25d1524000-7f25d1527000 r-xp 00000000 08:03 3678393                    /lib/x86_64-linux-gnu/libdl-2.27.so
7f25d1527000-7f25d1726000 ---p 00003000 08:03 3678393                    /lib/x86_64-linux-gnu/libdl-2.27.so
7f25d1726000-7f25d1727000 r--p 00002000 08:03 3678393                    /lib/x86_64-linux-gnu/libdl-2.27.so
7f25d1727000-7f25d1728000 rw-p 00003000 08:03 3678393                    /lib/x86_64-linux-gnu/libdl-2.27.so
7f25d1728000-7f25d1744000 r-xp 00000000 08:03 3674607                    /lib/x86_64-linux-gnu/libz.so.1.2.11
7f25d1744000-7f25d1943000 ---p 0001c000 08:03 3674607                    /lib/x86_64-linux-gnu/libz.so.1.2.11
7f25d1943000-7f25d1944000 r--p 0001b000 08:03 3674607                    /lib/x86_64-linux-gnu/libz.so.1.2.11
7f25d1944000-7f25d1945000 rw-p 0001c000 08:03 3674607                    /lib/x86_64-linux-gnu/libz.so.1.2.11
7f25d1945000-7f25d1b2c000 r-xp 00000000 08:03 3678390                    /lib/x86_64-linux-gnu/libc-2.27.so
7f25d1b2c000-7f25d1d2c000 ---p 001e7000 08:03 3678390                    /lib/x86_64-linux-gnu/libc-2.27.so
7f25d1d2c000-7f25d1d30000 r--p 001e7000 08:03 3678390                    /lib/x86_64-linux-gnu/libc-2.27.so
7f25d1d30000-7f25d1d32000 rw-p 001eb000 08:03 3678390                    /lib/x86_64-linux-gnu/libc-2.27.so
7f25d1d32000-7f25d1d36000 rw-p 00000000 00:00 0 
7f25d1d36000-7f25d1d44000 r-xp 00000000 08:03 4722397                    /usr/lib/jvm/java-8-openjdk-amd64/jre/lib/amd64/jli/libjli.so
7f25d1d44000-7f25d1f43000 ---p 0000e000 08:03 4722397                    /usr/lib/jvm/java-8-openjdk-amd64/jre/lib/amd64/jli/libjli.so
7f25d1f43000-7f25d1f44000 r--p 0000d000 08:03 4722397                    /usr/lib/jvm/java-8-openjdk-amd64/jre/lib/amd64/jli/libjli.so
7f25d1f44000-7f25d1f45000 rw-p 0000e000 08:03 4722397                    /usr/lib/jvm/java-8-openjdk-amd64/jre/lib/amd64/jli/libjli.so
7f25d1f45000-7f25d1f6c000 r-xp 00000000 08:03 3674177                    /lib/x86_64-linux-gnu/ld-2.27.so
7f25d1f6c000-7f25d1f6e000 r--s 00007000 08:03 3285473                    /usr/share/java/java-atk-wrapper.jar
7f25d1f6e000-7f25d1f71000 r--s 00038000 08:03 5113640                    /usr/lib/jvm/java-8-openjdk-amd64/jre/lib/ext/sunpkcs11.jar
7f25d1f71000-7f25d203c000 rw-p 00000000 00:00 0 
7f25d203c000-7f25d203d000 ---p 00000000 00:00 0 
7f25d203d000-7f25d2040000 ---p 00000000 00:00 0 
7f25d2040000-7f25d2160000 rw-p 00000000 00:00 0 
7f25d2160000-7f25d2168000 rw-s 00000000 08:03 5506938                    /tmp/hsperfdata_khryo/3607
7f25d2168000-7f25d2169000 rw-p 00000000 00:00 0 
7f25d2169000-7f25d216a000 ---p 00000000 00:00 0 
7f25d216a000-7f25d216c000 rw-p 00000000 00:00 0 
7f25d216c000-7f25d216d000 r--p 00027000 08:03 3674177                    /lib/x86_64-linux-gnu/ld-2.27.so
7f25d216d000-7f25d216e000 rw-p 00028000 08:03 3674177                    /lib/x86_64-linux-gnu/ld-2.27.so
7f25d216e000-7f25d216f000 rw-p 00000000 00:00 0 
7fff62632000-7fff62653000 rw-p 00000000 00:00 0                          [stack]
7fff62687000-7fff6268a000 r--p 00000000 00:00 0                          [vvar]
7fff6268a000-7fff6268c000 r-xp 00000000 00:00 0                          [vdso]
ffffffffff600000-ffffffffff601000 r-xp 00000000 00:00 0                  [vsyscall]

VM Arguments:
jvm_args: -Dfile.encoding=UTF-8 
java_command: tanktrouble.GameMaster
java_class_path (initial): /usr/lib/jvm/java-8-openjdk-amd64/jre/lib/resources.jar:/usr/lib/jvm/java-8-openjdk-amd64/jre/lib/rt.jar:/usr/lib/jvm/java-8-openjdk-amd64/jre/lib/jsse.jar:/usr/lib/jvm/java-8-openjdk-amd64/jre/lib/jce.jar:/usr/lib/jvm/java-8-openjdk-amd64/jre/lib/charsets.jar:/usr/lib/jvm/java-8-openjdk-amd64/jre/lib/ext/sunpkcs11.jar:/usr/lib/jvm/java-8-openjdk-amd64/jre/lib/ext/icedtea-sound.jar:/usr/lib/jvm/java-8-openjdk-amd64/jre/lib/ext/nashorn.jar:/usr/lib/jvm/java-8-openjdk-amd64/jre/lib/ext/java-atk-wrapper.jar:/usr/lib/jvm/java-8-openjdk-amd64/jre/lib/ext/zipfs.jar:/usr/lib/jvm/java-8-openjdk-amd64/jre/lib/ext/jaccess.jar:/usr/lib/jvm/java-8-openjdk-amd64/jre/lib/ext/sunec.jar:/usr/lib/jvm/java-8-openjdk-amd64/jre/lib/ext/dnsns.jar:/usr/lib/jvm/java-8-openjdk-amd64/jre/lib/ext/localedata.jar:/usr/lib/jvm/java-8-openjdk-amd64/jre/lib/ext/sunjce_provider.jar:/usr/lib/jvm/java-8-openjdk-amd64/jre/lib/ext/cldrdata.jar:/home/khryo/Desktop/00/18/Docs/USACO/tanktrouble/target/classes:/home/khryo/Downloads/Box2D-for-Processing-master/Box2D-for-Processing/lib/jbox2d-library-2.2.1-ds.jar:/home/khryo/.m2/repository/org/jbox2d/jbox2d-library/2.2.1.1/jbox2d-library-2.2.1.1.jar:/home/khryo/.m2/repository/org/processing/core/3.3.7/core-3.3.7.jar
Launcher Type: SUN_STANDARD

Environment Variables:
PATH=/home/khryo/bin:/home/khryo/.local/bin:/usr/local/sbin:/usr/local/bin:/usr/sbin:/usr/bin:/sbin:/bin:/usr/games:/usr/local/games:/snap/bin
USERNAME=khryo
SHELL=/bin/bash
DISPLAY=:0

Signal Handlers:
SIGSEGV: [libjvm.so+0xaabcd0], sa_mask[0]=11111111011111111101111111111110, sa_flags=SA_RESTART|SA_SIGINFO
SIGBUS: [libjvm.so+0xaabcd0], sa_mask[0]=11111111011111111101111111111110, sa_flags=SA_RESTART|SA_SIGINFO
SIGFPE: [libjvm.so+0x8e1d50], sa_mask[0]=11111111011111111101111111111110, sa_flags=SA_RESTART|SA_SIGINFO
SIGPIPE: [libjvm.so+0x8e1d50], sa_mask[0]=11111111011111111101111111111110, sa_flags=SA_RESTART|SA_SIGINFO
SIGXFSZ: [libjvm.so+0x8e1d50], sa_mask[0]=11111111011111111101111111111110, sa_flags=SA_RESTART|SA_SIGINFO
SIGILL: [libjvm.so+0x8e1d50], sa_mask[0]=11111111011111111101111111111110, sa_flags=SA_RESTART|SA_SIGINFO
SIGUSR1: SIG_DFL, sa_mask[0]=00000000000000000000000000000000, sa_flags=none
SIGUSR2: [libjvm.so+0x8e1c00], sa_mask[0]=00100000000000000000000000000000, sa_flags=SA_RESTART|SA_SIGINFO
SIGHUP: [libjvm.so+0x8e20b0], sa_mask[0]=11111111011111111101111111111110, sa_flags=SA_RESTART|SA_SIGINFO
SIGINT: [libjvm.so+0x8e20b0], sa_mask[0]=11111111011111111101111111111110, sa_flags=SA_RESTART|SA_SIGINFO
SIGTERM: [libjvm.so+0x8e20b0], sa_mask[0]=11111111011111111101111111111110, sa_flags=SA_RESTART|SA_SIGINFO
SIGQUIT: [libjvm.so+0x8e20b0], sa_mask[0]=11111111011111111101111111111110, sa_flags=SA_RESTART|SA_SIGINFO


---------------  S Y S T E M  ---------------

OS:DISTRIB_ID=Ubuntu
DISTRIB_RELEASE=18.04
DISTRIB_CODENAME=bionic
DISTRIB_DESCRIPTION="Ubuntu 18.04 LTS"

uname:Linux 4.15.0-20-generic #21-Ubuntu SMP Tue Apr 24 06:16:15 UTC 2018 x86_64
libc:glibc 2.27 NPTL 2.27 
rlimit: STACK 8192k, CORE 0k, NPROC 29962, NOFILE 1048576, AS infinity
load average:2.74 2.29 1.93

/proc/meminfo:
MemTotal:        8068988 kB
MemFree:          106976 kB
MemAvailable:      17164 kB
Buffers:            1092 kB
Cached:           841552 kB
SwapCached:            0 kB
Active:          6804744 kB
Inactive:         797156 kB
Active(anon):    6787788 kB
Inactive(anon):   778860 kB
Active(file):      16956 kB
Inactive(file):    18296 kB
Unevictable:         424 kB
Mlocked:             424 kB
SwapTotal:             0 kB
SwapFree:              0 kB
Dirty:                60 kB
Writeback:             0 kB
AnonPages:       6760076 kB
Mapped:           320872 kB
Shmem:            806996 kB
Slab:             139704 kB
SReclaimable:      64952 kB
SUnreclaim:        74752 kB
KernelStack:       19808 kB
PageTables:       104536 kB
NFS_Unstable:          0 kB
Bounce:                0 kB
WritebackTmp:          0 kB
CommitLimit:     4034492 kB
Committed_AS:   18126412 kB
VmallocTotal:   34359738367 kB
VmallocUsed:           0 kB
VmallocChunk:          0 kB
HardwareCorrupted:     0 kB
AnonHugePages:         0 kB
ShmemHugePages:        0 kB
ShmemPmdMapped:        0 kB
CmaTotal:              0 kB
CmaFree:               0 kB
HugePages_Total:       0
HugePages_Free:        0
HugePages_Rsvd:        0
HugePages_Surp:        0
Hugepagesize:       2048 kB
DirectMap4k:      461612 kB
DirectMap2M:     7827456 kB
DirectMap1G:           0 kB


CPU:total 4 (initial active 4) (2 cores per cpu, 2 threads per core) family 6 model 61 stepping 4, cmov, cx8, fxsr, mmx, sse, sse2, sse3, ssse3, sse4.1, sse4.2, popcnt, avx, avx2, aes, clmul, erms, rtm, 3dnowpref, lzcnt, ht, tsc, tscinvbit, bmi1, bmi2, adx

/proc/cpuinfo:
processor	: 0
vendor_id	: GenuineIntel
cpu family	: 6
model		: 61
model name	: Intel(R) Core(TM) i7-5650U CPU @ 2.20GHz
stepping	: 4
microcode	: 0x21
cpu MHz		: 3100.131
cache size	: 4096 KB
physical id	: 0
siblings	: 4
core id		: 0
cpu cores	: 2
apicid		: 0
initial apicid	: 0
fpu		: yes
fpu_exception	: yes
cpuid level	: 20
wp		: yes
flags		: fpu vme de pse tsc msr pae mce cx8 apic sep mtrr pge mca cmov pat pse36 clflush dts acpi mmx fxsr sse sse2 ss ht tm pbe syscall nx pdpe1gb rdtscp lm constant_tsc arch_perfmon pebs bts rep_good nopl xtopology nonstop_tsc cpuid aperfmperf pni pclmulqdq dtes64 monitor ds_cpl vmx smx est tm2 ssse3 sdbg fma cx16 xtpr pdcm pcid sse4_1 sse4_2 x2apic movbe popcnt aes xsave avx f16c rdrand lahf_lm abm 3dnowprefetch cpuid_fault epb invpcid_single pti tpr_shadow vnmi flexpriority ept vpid fsgsbase tsc_adjust bmi1 hle avx2 smep bmi2 erms invpcid rtm rdseed adx smap intel_pt xsaveopt dtherm ida arat pln pts
bugs		: cpu_meltdown spectre_v1 spectre_v2
bogomips	: 4400.18
clflush size	: 64
cache_alignment	: 64
address sizes	: 39 bits physical, 48 bits virtual
power management:

processor	: 1
vendor_id	: GenuineIntel
cpu family	: 6
model		: 61
model name	: Intel(R) Core(TM) i7-5650U CPU @ 2.20GHz
stepping	: 4
microcode	: 0x21
cpu MHz		: 3100.145
cache size	: 4096 KB
physical id	: 0
siblings	: 4
core id		: 1
cpu cores	: 6
apicid		: 2
initial apicid	: 2
fpu		: yes
fpu_exception	: yes
cpuid level	: 20
wp		: yes
flags		: fpu vme de pse tsc msr pae mce cx8 apic sep mtrr pge mca cmov pat pse36 clflush dts acpi mmx fxsr sse sse2 ss ht tm pbe syscall nx pdpe1gb rdtscp lm constant_tsc arch_perfmon pebs bts rep_good nopl xtopology nonstop_tsc cpuid aperfmperf pni pclmulqdq dtes64 monitor ds_cpl vmx smx est tm2 ssse3 sdbg fma cx16 xtpr pdcm pcid sse4_1 sse4_2 x2apic movbe popcnt aes xsave avx f16c rdrand lahf_lm abm 3dnowprefetch cpuid_fault epb invpcid_single pti tpr_shadow vnmi flexpriority ept vpid fsgsbase tsc_adjust bmi1 hle avx2 smep bmi2 erms invpcid rtm rdseed adx smap intel_pt xsaveopt dtherm ida arat pln pts
bugs		: cpu_meltdown spectre_v1 spectre_v2
bogomips	: 4400.18
clflush size	: 64
cache_alignment	: 64
address sizes	: 39 bits physical, 48 bits virtual
power management:

processor	: 2
vendor_id	: GenuineIntel
cpu family	: 6
model		: 61
model name	: Intel(R) Core(TM) i7-5650U CPU @ 2.20GHz
stepping	: 4
microcode	: 0x21
cpu MHz		: 3100.128
cache size	: 4096 KB
physical id	: 0
siblings	: 4
core id		: 0
cpu cores	: 2
apicid		: 1
initial apicid	: 1
fpu		: yes
fpu_exception	: yes
cpuid level	: 20
wp		: yes
flags		: fpu vme de pse tsc msr pae mce cx8 apic sep mtrr pge mca cmov pat pse36 clflush dts acpi mmx fxsr sse sse2 ss ht tm pbe syscall nx pdpe1gb rdtscp lm constant_tsc arch_perfmon pebs bts rep_good nopl xtopology nonstop_tsc cpuid aperfmperf pni pclmulqdq dtes64 monitor ds_cpl vmx smx est tm2 ssse3 sdbg fma cx16 xtpr pdcm pcid sse4_1 sse4_2 x2apic movbe popcnt aes xsave avx f16c rdrand lahf_lm abm 3dnowprefetch cpuid_fault epb invpcid_single pti tpr_shadow vnmi flexpriority ept vpid fsgsbase tsc_adjust bmi1 hle avx2 smep bmi2 erms invpcid rtm rdseed adx smap intel_pt xsaveopt dtherm ida arat pln pts
bugs		: cpu_meltdown spectre_v1 spectre_v2
bogomips	: 4400.18
clflush size	: 64
cache_alignment	: 64
address sizes	: 39 bits physical, 48 bits virtual
power management:

processor	: 3
vendor_id	: GenuineIntel
cpu family	: 6
model		: 61
model name	: Intel(R) Core(TM) i7-5650U CPU @ 2.20GHz
stepping	: 4
microcode	: 0x21
cpu MHz		: 3100.130
cache size	: 4096 KB
physical id	: 0
siblings	: 4
core id		: 1
cpu cores	: 2
apicid		: 3
initial apicid	: 3
fpu		: yes
fpu_exception	: yes
cpuid level	: 20
wp		: yes
flags		: fpu vme de pse tsc msr pae mce cx8 apic sep mtrr pge mca cmov pat pse36 clflush dts acpi mmx fxsr sse sse2 ss ht tm pbe syscall nx pdpe1gb rdtscp lm constant_tsc arch_perfmon pebs bts rep_good nopl xtopology nonstop_tsc cpuid aperfmperf pni pclmulqdq dtes64 monitor ds_cpl vmx smx est tm2 ssse3 sdbg fma cx16 xtpr pdcm pcid sse4_1 sse4_2 x2apic movbe popcnt aes xsave avx f16c rdrand lahf_lm abm 3dnowprefetch cpuid_fault epb invpcid_single pti tpr_shadow vnmi flexpriority ept vpid fsgsbase tsc_adjust bmi1 hle avx2 smep bmi2 erms invpcid rtm rdseed adx smap intel_pt xsaveopt dtherm ida arat pln pts
bugs		: cpu_meltdown spectre_v1 spectre_v2
bogomips	: 4400.18
clflush size	: 64
cache_alignment	: 64
address sizes	: 39 bits physical, 48 bits virtual
power management:



Memory: 4k page, physical 8068988k(107528k free), swap 0k(0k free)

vm_info: OpenJDK 64-Bit Server VM (25.171-b11) for linux-amd64 JRE (1.8.0_171-8u171-b11-0ubuntu0.18.04.1-b11), built on Apr 26 2018 15:59:34 by "buildd" with gcc 7.3.0

time: Mon May 21 10:52:40 2018
elapsed time: 17 seconds (0d 0h 0m 17s)

